++++++++++++++++++++++++++++++++++++++++
++++++++++++++++++++++++++++++++++++++++
++++++++++++++++++++++++++++++++++++++++
++++++++++++++++++X+++++++++++++++++++++
++++++++++++XX++++++++++++++++++++++++++
+++++++++++++X+++XXX++++++++++++++++++++
++++++++++++++++++++++++++++++++++++++++
++++++++++++++++++++++++++++++++++++++++
++++++++++++++++++++++++++++++++++++++++
++++++++++++++++++++++++++++++++++++++++
++++++++++++++++++++++++++++++++++++++++
++++++++++++++++++++++++++++++++++++++++
++++++++++++++++++++++++++++++++++++++++
++++++++++++++++++++++++++++++++++++++++
++++++++++++++++++++++++++++++++++++++++
++++++++++++++++++++++++++++++++++++++++
++++++++++++++++++++++++++++++++++++++++
++++++++++++++++++++++++++++++++++++++++
++++++++++++++++++++++++++++++++++++++++
++++++++++++++++++++++++++++++++++++++++

++++++++++++++++++++++++++++++++++++++++
++++++++++++++++++++++++++++++++++++++++
++++++++++++++++++++++++++++++++++++++++
++++++++++++++++++++++++++++++++++++++++
++++++++++++XX+++X+X++++++++++++++++++++
++++++++++++XX++++X+++++++++++++++++++++
++++++++++++++++++X+++++++++++++++++++++
++++++++++++++++++++++++++++++++++++++++
++++++++++++++++++++++++++++++++++++++++
++++++++++++++++++++++++++++++++++++++++
++++++++++++++++++++++++++++++++++++++++
++++++++++++++++++++++++++++++++++++++++
++++++++++++++++++++++++++++++++++++++++
++++++++++++++++++++++++++++++++++++++++
++++++++++++++++++++++++++++++++++++++++
++++++++++++++++++++++++++++++++++++++++
++++++++++++++++++++++++++++++++++++++++
++++++++++++++++++++++++++++++++++++++++
++++++++++++++++++++++++++++++++++++++++
++++++++++++++++++++++++++++++++++++++++

++++++++++++++++++++++++++++++++++++++++
++++++++++++++++++++++++++++++++++++++++
++++++++++++++++++++++++++++++++++++++++
++++++++++++++++++++++++++++++++++++++++
++++++++++++XX++++X+++++++++++++++++++++
++++++++++++XX+++XXX++++++++++++++++++++
++++++++++++++++++++++++++++++++++++++++
++++++++++++++++++++++++++++++++++++++++
++++++++++++++++++++++++++++++++++++++++
++++++++++++++++++++++++++++++++++++++++
++++++++++++++++++++++++++++++++++++++++
++++++++++++++++++++++++++++++++++++++++
++++++++++++++++++++++++++++++++++++++++
++++++++++++++++++++++++++++++++++++++++
++++++++++++++++++++++++++++++++++++++++
++++++++++++++++++++++++++++++++++++++++
++++++++++++++++++++++++++++++++++++++++
++++++++++++++++++++++++++++++++++++++++
++++++++++++++++++++++++++++++++++++++++
++++++++++++++++++++++++++++++++++++++++

++++++++++++++++++++++++++++++++++++++++
++++++++++++++++++++++++++++++++++++++++
++++++++++++++++++++++++++++++++++++++++
++++++++++++++++++++++++++++++++++++++++
++++++++++++XX+++XXX++++++++++++++++++++
++++++++++++XX+++XXX++++++++++++++++++++
++++++++++++++++++X+++++++++++++++++++++
++++++++++++++++++++++++++++++++++++++++
++++++++++++++++++++++++++++++++++++++++
++++++++++++++++++++++++++++++++++++++++
++++++++++++++++++++++++++++++++++++++++
++++++++++++++++++++++++++++++++++++++++
++++++++++++++++++++++++++++++++++++++++
++++++++++++++++++++++++++++++++++++++++
++++++++++++++++++++++++++++++++++++++++
++++++++++++++++++++++++++++++++++++++++
++++++++++++++++++++++++++++++++++++++++
++++++++++++++++++++++++++++++++++++++++
++++++++++++++++++++++++++++++++++++++++
++++++++++++++++++++++++++++++++++++++++

++++++++++++++++++++++++++++++++++++++++
++++++++++++++++++++++++++++++++++++++++
++++++++++++++++++++++++++++++++++++++++
++++++++++++++++++X+++++++++++++++++++++
++++++++++++XX+++X+X++++++++++++++++++++
++++++++++++XX++++++++++++++++++++++++++
+++++++++++++++++XXX++++++++++++++++++++
++++++++++++++++++++++++++++++++++++++++
++++++++++++++++++++++++++++++++++++++++
++++++++++++++++++++++++++++++++++++++++
++++++++++++++++++++++++++++++++++++++++
++++++++++++++++++++++++++++++++++++++++
++++++++++++++++++++++++++++++++++++++++
++++++++++++++++++++++++++++++++++++++++
++++++++++++++++++++++++++++++++++++++++
++++++++++++++++++++++++++++++++++++++++
++++++++++++++++++++++++++++++++++++++++
++++++++++++++++++++++++++++++++++++++++
++++++++++++++++++++++++++++++++++++++++
++++++++++++++++++++++++++++++++++++++++

++++++++++++++++++++++++++++++++++++++++
++++++++++++++++++++++++++++++++++++++++
++++++++++++++++++++++++++++++++++++++++
++++++++++++++++++X+++++++++++++++++++++
++++++++++++XX++++X+++++++++++++++++++++
++++++++++++XX+++X+X++++++++++++++++++++
++++++++++++++++++X+++++++++++++++++++++
++++++++++++++++++X+++++++++++++++++++++
++++++++++++++++++++++++++++++++++++++++
++++++++++++++++++++++++++++++++++++++++
++++++++++++++++++++++++++++++++++++++++
++++++++++++++++++++++++++++++++++++++++
++++++++++++++++++++++++++++++++++++++++
++++++++++++++++++++++++++++++++++++++++
++++++++++++++++++++++++++++++++++++++++
++++++++++++++++++++++++++++++++++++++++
++++++++++++++++++++++++++++++++++++++++
++++++++++++++++++++++++++++++++++++++++
++++++++++++++++++++++++++++++++++++++++
++++++++++++++++++++++++++++++++++++++++

++++++++++++++++++++++++++++++++++++++++
++++++++++++++++++++++++++++++++++++++++
++++++++++++++++++++++++++++++++++++++++
++++++++++++++++++++++++++++++++++++++++
++++++++++++XX+++XXX++++++++++++++++++++
++++++++++++XX+++X+X++++++++++++++++++++
+++++++++++++++++XXX++++++++++++++++++++
++++++++++++++++++++++++++++++++++++++++
++++++++++++++++++++++++++++++++++++++++
++++++++++++++++++++++++++++++++++++++++
++++++++++++++++++++++++++++++++++++++++
++++++++++++++++++++++++++++++++++++++++
++++++++++++++++++++++++++++++++++++++++
++++++++++++++++++++++++++++++++++++++++
++++++++++++++++++++++++++++++++++++++++
++++++++++++++++++++++++++++++++++++++++
++++++++++++++++++++++++++++++++++++++++
++++++++++++++++++++++++++++++++++++++++
++++++++++++++++++++++++++++++++++++++++
++++++++++++++++++++++++++++++++++++++++

++++++++++++++++++++++++++++++++++++++++
++++++++++++++++++++++++++++++++++++++++
++++++++++++++++++++++++++++++++++++++++
++++++++++++++++++X+++++++++++++++++++++
++++++++++++XX+++X+X++++++++++++++++++++
++++++++++++XX++X+++X+++++++++++++++++++
+++++++++++++++++X+X++++++++++++++++++++
++++++++++++++++++X+++++++++++++++++++++
++++++++++++++++++++++++++++++++++++++++
++++++++++++++++++++++++++++++++++++++++
++++++++++++++++++++++++++++++++++++++++
++++++++++++++++++++++++++++++++++++++++
++++++++++++++++++++++++++++++++++++++++
++++++++++++++++++++++++++++++++++++++++
++++++++++++++++++++++++++++++++++++++++
++++++++++++++++++++++++++++++++++++++++
++++++++++++++++++++++++++++++++++++++++
++++++++++++++++++++++++++++++++++++++++
++++++++++++++++++++++++++++++++++++++++
++++++++++++++++++++++++++++++++++++++++

