++++++++++++++++++++++++++++++++++++++++++++++++++
++++++++++++++++++++++++++++++++++++++++++++++++++
+++++++++++++++++++++++++X++++++++++++++++++++++++
+++++++++++++++++++++++X+X++++++++++++++++++++++++
+++++++++++++XX++++++XX++++++++++++XX+++++++++++++
++++++++++++X+++X++++XX++++++++++++XX+++++++++++++
+XX++++++++X+++++X+++XX+++++++++++++++++++++++++++
+XX++++++++X+++X+XX++++X+X++++++++++++++++++++++++
+++++++++++X+++++X+++++++X++++++++++++++++++++++++
++++++++++++X+++X+++++++++++++++++++++++++++++++++
+++++++++++++XX+++++++++++++++++++++++++++++++++++
++++++++++++++++++++++++++++++++++++++++++++++++++
++++++++++++++++++++++++++++++++++++++++++++++++++
++++++++++++++++++++++++++++++++++++++++++++++++++
++++++++++++++++++++++++++++++++++++++++++++++++++
++++++++++++++++++++++++++++++++++++++++++++++++++
++++++++++++++++++++++++++++++++++++++++++++++++++
++++++++++++++++++++++++++++++++++++++++++++++++++
++++++++++++++++++++++++++++++++++++++++++++++++++
++++++++++++++++++++++++++++++++++++++++++++++++++
++++++++++++++++++++++++++++++++++++++++++++++++++
++++++++++++++++++++++++++++++++++++++++++++++++++
++++++++++++++++++++++++++++++++++++++++++++++++++
++++++++++++++++++++++++++++++++++++++++++++++++++
++++++++++++++++++++++++++++++++++++++++++++++++++

++++++++++++++++++++++++++++++++++++++++++++++++++
++++++++++++++++++++++++++++++++++++++++++++++++++
++++++++++++++++++++++++X+++++++++++++++++++++++++
++++++++++++++++++++++X+X+++++++++++++++++++++++++
+++++++++++++X+++++++X+X+++++++++++XX+++++++++++++
++++++++++++XX++++++X++X+++++++++++XX+++++++++++++
+XX++++++++XX++++XX++X+X++++++++++++++++++++++++++
+XX+++++++XXX++++XX+++X+X+++++++++++++++++++++++++
+++++++++++XX++++XX+++++X+++++++++++++++++++++++++
++++++++++++XX++++++++++++++++++++++++++++++++++++
+++++++++++++X++++++++++++++++++++++++++++++++++++
++++++++++++++++++++++++++++++++++++++++++++++++++
++++++++++++++++++++++++++++++++++++++++++++++++++
++++++++++++++++++++++++++++++++++++++++++++++++++
++++++++++++++++++++++++++++++++++++++++++++++++++
++++++++++++++++++++++++++++++++++++++++++++++++++
++++++++++++++++++++++++++++++++++++++++++++++++++
++++++++++++++++++++++++++++++++++++++++++++++++++
++++++++++++++++++++++++++++++++++++++++++++++++++
++++++++++++++++++++++++++++++++++++++++++++++++++
++++++++++++++++++++++++++++++++++++++++++++++++++
++++++++++++++++++++++++++++++++++++++++++++++++++
++++++++++++++++++++++++++++++++++++++++++++++++++
++++++++++++++++++++++++++++++++++++++++++++++++++
++++++++++++++++++++++++++++++++++++++++++++++++++

++++++++++++++++++++++++++++++++++++++++++++++++++
++++++++++++++++++++++++++++++++++++++++++++++++++
+++++++++++++++++++++++X++++++++++++++++++++++++++
++++++++++++++++++++++X+X+++++++++++++++++++++++++
++++++++++++XX+++++++X+XX++++++++++XX+++++++++++++
+++++++++++X+X++++++XX+XX++++++++++XX+++++++++++++
+XX+++++++X++++++XXX+X+XX+++++++++++++++++++++++++
+XX+++++++X++X++X++X++X+X+++++++++++++++++++++++++
++++++++++X++++++XX++++X++++++++++++++++++++++++++
+++++++++++X+X++++++++++++++++++++++++++++++++++++
++++++++++++XX++++++++++++++++++++++++++++++++++++
++++++++++++++++++++++++++++++++++++++++++++++++++
++++++++++++++++++++++++++++++++++++++++++++++++++
++++++++++++++++++++++++++++++++++++++++++++++++++
++++++++++++++++++++++++++++++++++++++++++++++++++
++++++++++++++++++++++++++++++++++++++++++++++++++
++++++++++++++++++++++++++++++++++++++++++++++++++
++++++++++++++++++++++++++++++++++++++++++++++++++
++++++++++++++++++++++++++++++++++++++++++++++++++
++++++++++++++++++++++++++++++++++++++++++++++++++
++++++++++++++++++++++++++++++++++++++++++++++++++
++++++++++++++++++++++++++++++++++++++++++++++++++
++++++++++++++++++++++++++++++++++++++++++++++++++
++++++++++++++++++++++++++++++++++++++++++++++++++
++++++++++++++++++++++++++++++++++++++++++++++++++

++++++++++++++++++++++++++++++++++++++++++++++++++
++++++++++++++++++++++++++++++++++++++++++++++++++
+++++++++++++++++++++++X++++++++++++++++++++++++++
++++++++++++++++++++++X+X+++++++++++++++++++++++++
++++++++++++XX++++++XX+++X+++++++++XX+++++++++++++
+++++++++++X+X++++XX+X+++X+++++++++XX+++++++++++++
+XX+++++++XXX++++XXX+X+++X++++++++++++++++++++++++
+XX++++++XXX++++X++XX+X+X+++++++++++++++++++++++++
++++++++++XXX++++XX++++X++++++++++++++++++++++++++
+++++++++++X+X++++++++++++++++++++++++++++++++++++
++++++++++++XX++++++++++++++++++++++++++++++++++++
++++++++++++++++++++++++++++++++++++++++++++++++++
++++++++++++++++++++++++++++++++++++++++++++++++++
++++++++++++++++++++++++++++++++++++++++++++++++++
++++++++++++++++++++++++++++++++++++++++++++++++++
++++++++++++++++++++++++++++++++++++++++++++++++++
++++++++++++++++++++++++++++++++++++++++++++++++++
++++++++++++++++++++++++++++++++++++++++++++++++++
++++++++++++++++++++++++++++++++++++++++++++++++++
++++++++++++++++++++++++++++++++++++++++++++++++++
++++++++++++++++++++++++++++++++++++++++++++++++++
++++++++++++++++++++++++++++++++++++++++++++++++++
++++++++++++++++++++++++++++++++++++++++++++++++++
++++++++++++++++++++++++++++++++++++++++++++++++++
++++++++++++++++++++++++++++++++++++++++++++++++++

++++++++++++++++++++++++++++++++++++++++++++++++++
++++++++++++++++++++++++++++++++++++++++++++++++++
+++++++++++++++++++++++X++++++++++++++++++++++++++
+++++++++++++++++++++XXXX+++++++++++++++++++++++++
++++++++++++XX+++++XXXX+XX+++++++++XX+++++++++++++
++++++++++X++X+++X+++XX+XXX++++++++XX+++++++++++++
+XX++++++X+++++++X+++XX+XX++++++++++++++++++++++++
+XX++++++X++++++X+++XXXXX+++++++++++++++++++++++++
+++++++++X+++++++XXX+++X++++++++++++++++++++++++++
++++++++++X++X++++++++++++++++++++++++++++++++++++
++++++++++++XX++++++++++++++++++++++++++++++++++++
++++++++++++++++++++++++++++++++++++++++++++++++++
++++++++++++++++++++++++++++++++++++++++++++++++++
++++++++++++++++++++++++++++++++++++++++++++++++++
++++++++++++++++++++++++++++++++++++++++++++++++++
++++++++++++++++++++++++++++++++++++++++++++++++++
++++++++++++++++++++++++++++++++++++++++++++++++++
++++++++++++++++++++++++++++++++++++++++++++++++++
++++++++++++++++++++++++++++++++++++++++++++++++++
++++++++++++++++++++++++++++++++++++++++++++++++++
++++++++++++++++++++++++++++++++++++++++++++++++++
++++++++++++++++++++++++++++++++++++++++++++++++++
++++++++++++++++++++++++++++++++++++++++++++++++++
++++++++++++++++++++++++++++++++++++++++++++++++++
++++++++++++++++++++++++++++++++++++++++++++++++++

++++++++++++++++++++++++++++++++++++++++++++++++++
++++++++++++++++++++++++++++++++++++++++++++++++++
+++++++++++++++++++++++XX+++++++++++++++++++++++++
+++++++++++++++++++++++++X++++++++++++++++++++++++
++++++++++++XX++++++++++++X++++++++XX+++++++++++++
++++++++++++XX++++X+++++++X++++++++XX+++++++++++++
+XX++++++XX+++++XX++++++++X+++++++++++++++++++++++
+XX+++++XXX+++++X++XX++++X++++++++++++++++++++++++
+++++++++XX++++++XXXXX+XX+++++++++++++++++++++++++
++++++++++++XX++++X+++++++++++++++++++++++++++++++
++++++++++++XX++++++++++++++++++++++++++++++++++++
++++++++++++++++++++++++++++++++++++++++++++++++++
++++++++++++++++++++++++++++++++++++++++++++++++++
++++++++++++++++++++++++++++++++++++++++++++++++++
++++++++++++++++++++++++++++++++++++++++++++++++++
++++++++++++++++++++++++++++++++++++++++++++++++++
++++++++++++++++++++++++++++++++++++++++++++++++++
++++++++++++++++++++++++++++++++++++++++++++++++++
++++++++++++++++++++++++++++++++++++++++++++++++++
++++++++++++++++++++++++++++++++++++++++++++++++++
++++++++++++++++++++++++++++++++++++++++++++++++++
++++++++++++++++++++++++++++++++++++++++++++++++++
++++++++++++++++++++++++++++++++++++++++++++++++++
++++++++++++++++++++++++++++++++++++++++++++++++++
++++++++++++++++++++++++++++++++++++++++++++++++++

++++++++++++++++++++++++++++++++++++++++++++++++++
++++++++++++++++++++++++++++++++++++++++++++++++++
++++++++++++++++++++++++X+++++++++++++++++++++++++
++++++++++++++++++++++++XX++++++++++++++++++++++++
++++++++++++XX+++++++++++XX++++++++XX+++++++++++++
+++++++++++XXX+++X+++++++XXX+++++++XX+++++++++++++
+XX+++++X+XX++++XXXX+++++XX+++++++++++++++++++++++
+XX+++++X++X++++X++++X++XX++++++++++++++++++++++++
++++++++X+XX+++++X+++X++X+++++++++++++++++++++++++
+++++++++++XXX+++XX+X+++++++++++++++++++++++++++++
++++++++++++XX++++++++++++++++++++++++++++++++++++
++++++++++++++++++++++++++++++++++++++++++++++++++
++++++++++++++++++++++++++++++++++++++++++++++++++
++++++++++++++++++++++++++++++++++++++++++++++++++
++++++++++++++++++++++++++++++++++++++++++++++++++
++++++++++++++++++++++++++++++++++++++++++++++++++
++++++++++++++++++++++++++++++++++++++++++++++++++
++++++++++++++++++++++++++++++++++++++++++++++++++
++++++++++++++++++++++++++++++++++++++++++++++++++
++++++++++++++++++++++++++++++++++++++++++++++++++
++++++++++++++++++++++++++++++++++++++++++++++++++
++++++++++++++++++++++++++++++++++++++++++++++++++
++++++++++++++++++++++++++++++++++++++++++++++++++
++++++++++++++++++++++++++++++++++++++++++++++++++
++++++++++++++++++++++++++++++++++++++++++++++++++

++++++++++++++++++++++++++++++++++++++++++++++++++
++++++++++++++++++++++++++++++++++++++++++++++++++
++++++++++++++++++++++++XX++++++++++++++++++++++++
++++++++++++++++++++++++X+X+++++++++++++++++++++++
+++++++++++X+X+++++++++++++X+++++++XX+++++++++++++
++++++++++X++X++XX++++++X++X+++++++XX+++++++++++++
+XX++++++XX+++++X+X++++++++X++++++++++++++++++++++
+XX++++XX+++X+++X+++X+++X+X+++++++++++++++++++++++
+++++++++XX+++++XXX+XX++XX++++++++++++++++++++++++
++++++++++X++X+++XX+++++++++++++++++++++++++++++++
+++++++++++X+X++++++++++++++++++++++++++++++++++++
++++++++++++++++++++++++++++++++++++++++++++++++++
++++++++++++++++++++++++++++++++++++++++++++++++++
++++++++++++++++++++++++++++++++++++++++++++++++++
++++++++++++++++++++++++++++++++++++++++++++++++++
++++++++++++++++++++++++++++++++++++++++++++++++++
++++++++++++++++++++++++++++++++++++++++++++++++++
++++++++++++++++++++++++++++++++++++++++++++++++++
++++++++++++++++++++++++++++++++++++++++++++++++++
++++++++++++++++++++++++++++++++++++++++++++++++++
++++++++++++++++++++++++++++++++++++++++++++++++++
++++++++++++++++++++++++++++++++++++++++++++++++++
++++++++++++++++++++++++++++++++++++++++++++++++++
++++++++++++++++++++++++++++++++++++++++++++++++++
++++++++++++++++++++++++++++++++++++++++++++++++++

++++++++++++++++++++++++++++++++++++++++++++++++++
++++++++++++++++++++++++++++++++++++++++++++++++++
++++++++++++++++++++++++XX++++++++++++++++++++++++
++++++++++++++++++++++++X+X+++++++++++++++++++++++
++++++++++++X++++++++++++XXX+++++++XX+++++++++++++
+++++++++XXXX+++XX++++++++XXX++++++XX+++++++++++++
+XX+++++XXXX+++XX++++++++XXX++++++++++++++++++++++
+XX+++++X++X+++XX+X+XX++X+X+++++++++++++++++++++++
++++++++XXXX++++X+X+XX++XX++++++++++++++++++++++++
+++++++++XXXX+++X+XX++++++++++++++++++++++++++++++
++++++++++++X+++++++++++++++++++++++++++++++++++++
++++++++++++++++++++++++++++++++++++++++++++++++++
++++++++++++++++++++++++++++++++++++++++++++++++++
++++++++++++++++++++++++++++++++++++++++++++++++++
++++++++++++++++++++++++++++++++++++++++++++++++++
++++++++++++++++++++++++++++++++++++++++++++++++++
++++++++++++++++++++++++++++++++++++++++++++++++++
++++++++++++++++++++++++++++++++++++++++++++++++++
++++++++++++++++++++++++++++++++++++++++++++++++++
++++++++++++++++++++++++++++++++++++++++++++++++++
++++++++++++++++++++++++++++++++++++++++++++++++++
++++++++++++++++++++++++++++++++++++++++++++++++++
++++++++++++++++++++++++++++++++++++++++++++++++++
++++++++++++++++++++++++++++++++++++++++++++++++++
++++++++++++++++++++++++++++++++++++++++++++++++++

++++++++++++++++++++++++++++++++++++++++++++++++++
++++++++++++++++++++++++++++++++++++++++++++++++++
++++++++++++++++++++++++XX++++++++++++++++++++++++
++++++++++++++++++++++++X++X++++++++++++++++++++++
++++++++++X+X+++++++++++++++X++++++XX+++++++++++++
++++++++X+++X++XXX++++++++++X++++++XX+++++++++++++
+XX+++++X+++++++++++++++++++X+++++++++++++++++++++
+XX++++X++++X+++++++XX++X++X++++++++++++++++++++++
++++++++X+++++++X+X++X++XX++++++++++++++++++++++++
++++++++X+++X+++++XXX+++++++++++++++++++++++++++++
++++++++++X+X+++++++++++++++++++++++++++++++++++++
++++++++++++++++++++++++++++++++++++++++++++++++++
++++++++++++++++++++++++++++++++++++++++++++++++++
++++++++++++++++++++++++++++++++++++++++++++++++++
++++++++++++++++++++++++++++++++++++++++++++++++++
++++++++++++++++++++++++++++++++++++++++++++++++++
++++++++++++++++++++++++++++++++++++++++++++++++++
++++++++++++++++++++++++++++++++++++++++++++++++++
++++++++++++++++++++++++++++++++++++++++++++++++++
++++++++++++++++++++++++++++++++++++++++++++++++++
++++++++++++++++++++++++++++++++++++++++++++++++++
++++++++++++++++++++++++++++++++++++++++++++++++++
++++++++++++++++++++++++++++++++++++++++++++++++++
++++++++++++++++++++++++++++++++++++++++++++++++++
++++++++++++++++++++++++++++++++++++++++++++++++++

++++++++++++++++++++++++++++++++++++++++++++++++++
++++++++++++++++++++++++++++++++++++++++++++++++++
++++++++++++++++++++++++XX++++++++++++++++++++++++
++++++++++++++++++++++++XX++++++++++++++++++++++++
+++++++++++X++++X++++++++++XX++++++XX+++++++++++++
+++++++++X+X++++X++++++++++XXX+++++XX+++++++++++++
+XX++++XX+++++++X++++++++++XX+++++++++++++++++++++
+XX++++XX+++++++++++XX++XX++++++++++++++++++++++++
+++++++XX++++++++XX++X++XX++++++++++++++++++++++++
+++++++++X+X+++++XXXX+++++++++++++++++++++++++++++
+++++++++++X+++++++X++++++++++++++++++++++++++++++
++++++++++++++++++++++++++++++++++++++++++++++++++
++++++++++++++++++++++++++++++++++++++++++++++++++
++++++++++++++++++++++++++++++++++++++++++++++++++
++++++++++++++++++++++++++++++++++++++++++++++++++
++++++++++++++++++++++++++++++++++++++++++++++++++
++++++++++++++++++++++++++++++++++++++++++++++++++
++++++++++++++++++++++++++++++++++++++++++++++++++
++++++++++++++++++++++++++++++++++++++++++++++++++
++++++++++++++++++++++++++++++++++++++++++++++++++
++++++++++++++++++++++++++++++++++++++++++++++++++
++++++++++++++++++++++++++++++++++++++++++++++++++
++++++++++++++++++++++++++++++++++++++++++++++++++
++++++++++++++++++++++++++++++++++++++++++++++++++
++++++++++++++++++++++++++++++++++++++++++++++++++

++++++++++++++++++++++++++++++++++++++++++++++++++
++++++++++++++++++++++++++++++++++++++++++++++++++
++++++++++++++++++++++++XX++++++++++++++++++++++++
++++++++++++++++++++++++XXX+++++++++++++++++++++++
++++++++++X+++++++++++++++XX+X+++++XX+++++++++++++
++++++++X+X++++XXX++++++++X++X+++++XX+++++++++++++
+XX++++X+X++++++++++++++++XX+X++++++++++++++++++++
+XX+++X++X+++++++X++XX++XXX+++++++++++++++++++++++
+++++++X+X+++++++X+++X++XX++++++++++++++++++++++++
++++++++X+X++++++X++X+++++++++++++++++++++++++++++
++++++++++X++++++++XX+++++++++++++++++++++++++++++
++++++++++++++++++++++++++++++++++++++++++++++++++
++++++++++++++++++++++++++++++++++++++++++++++++++
++++++++++++++++++++++++++++++++++++++++++++++++++
++++++++++++++++++++++++++++++++++++++++++++++++++
++++++++++++++++++++++++++++++++++++++++++++++++++
++++++++++++++++++++++++++++++++++++++++++++++++++
++++++++++++++++++++++++++++++++++++++++++++++++++
++++++++++++++++++++++++++++++++++++++++++++++++++
++++++++++++++++++++++++++++++++++++++++++++++++++
++++++++++++++++++++++++++++++++++++++++++++++++++
++++++++++++++++++++++++++++++++++++++++++++++++++
++++++++++++++++++++++++++++++++++++++++++++++++++
++++++++++++++++++++++++++++++++++++++++++++++++++
++++++++++++++++++++++++++++++++++++++++++++++++++

++++++++++++++++++++++++++++++++++++++++++++++++++
++++++++++++++++++++++++++++++++++++++++++++++++++
++++++++++++++++++++++++X+X+++++++++++++++++++++++
++++++++++++++++++++++++X++X++++++++++++++++++++++
+++++++++X++++++X++++++++++XX++++++XX+++++++++++++
++++++++X+X+++++X++++++++X+++XX++++XX+++++++++++++
+XX++++X+XX++++++X+++++++++XX+++++++++++++++++++++
+XX+++XX+XX+++++++++XX++X++X++++++++++++++++++++++
+++++++X+XX+++++XXX++X++X+X+++++++++++++++++++++++
++++++++X+X+++++++XXXX++++++++++++++++++++++++++++
+++++++++X+++++++++XX+++++++++++++++++++++++++++++
++++++++++++++++++++++++++++++++++++++++++++++++++
++++++++++++++++++++++++++++++++++++++++++++++++++
++++++++++++++++++++++++++++++++++++++++++++++++++
++++++++++++++++++++++++++++++++++++++++++++++++++
++++++++++++++++++++++++++++++++++++++++++++++++++
++++++++++++++++++++++++++++++++++++++++++++++++++
++++++++++++++++++++++++++++++++++++++++++++++++++
++++++++++++++++++++++++++++++++++++++++++++++++++
++++++++++++++++++++++++++++++++++++++++++++++++++
++++++++++++++++++++++++++++++++++++++++++++++++++
++++++++++++++++++++++++++++++++++++++++++++++++++
++++++++++++++++++++++++++++++++++++++++++++++++++
++++++++++++++++++++++++++++++++++++++++++++++++++
++++++++++++++++++++++++++++++++++++++++++++++++++

++++++++++++++++++++++++++++++++++++++++++++++++++
++++++++++++++++++++++++++++++++++++++++++++++++++
+++++++++++++++++++++++++X++++++++++++++++++++++++
+++++++++++++++++++++++++XXXX+++++++++++++++++++++
+++++++++X++++++++++++++++XXXX+++++XX+++++++++++++
++++++++X+X+++++XX++++++++X++X+++++XX+++++++++++++
+XX+++XX+++X++++++++++++++XXXX++++++++++++++++++++
+XX+++XX+++X++++X+X+XX+++XXXX+++++++++++++++++++++
++++++XX+++X+++++XX+++X++X++++++++++++++++++++++++
++++++++X+X++++++++++X++++++++++++++++++++++++++++
+++++++++X++++++++X++X++++++++++++++++++++++++++++
++++++++++++++++++++++++++++++++++++++++++++++++++
++++++++++++++++++++++++++++++++++++++++++++++++++
++++++++++++++++++++++++++++++++++++++++++++++++++
++++++++++++++++++++++++++++++++++++++++++++++++++
++++++++++++++++++++++++++++++++++++++++++++++++++
++++++++++++++++++++++++++++++++++++++++++++++++++
++++++++++++++++++++++++++++++++++++++++++++++++++
++++++++++++++++++++++++++++++++++++++++++++++++++
++++++++++++++++++++++++++++++++++++++++++++++++++
++++++++++++++++++++++++++++++++++++++++++++++++++
++++++++++++++++++++++++++++++++++++++++++++++++++
++++++++++++++++++++++++++++++++++++++++++++++++++
++++++++++++++++++++++++++++++++++++++++++++++++++
++++++++++++++++++++++++++++++++++++++++++++++++++

++++++++++++++++++++++++++++++++++++++++++++++++++
++++++++++++++++++++++++++++++++++++++++++++++++++
+++++++++++++++++++++++++X+X++++++++++++++++++++++
+++++++++++++++++++++++++X+++X++++++++++++++++++++
+++++++++X+++++++++++++++++++X+++++XX+++++++++++++
+++++++XXXX++++++++++++++X++++X++++XX+++++++++++++
+XX+++X+X+XX++++X++++++++++++X++++++++++++++++++++
+XX++X++X+XXX+++++XX+X+++X+++X++++++++++++++++++++
++++++X+X+XX+++++XXXX+X++X+X++++++++++++++++++++++
+++++++XXXX++++++XX++XX+++++++++++++++++++++++++++
+++++++++X++++++++++++++++++++++++++++++++++++++++
++++++++++++++++++++++++++++++++++++++++++++++++++
++++++++++++++++++++++++++++++++++++++++++++++++++
++++++++++++++++++++++++++++++++++++++++++++++++++
++++++++++++++++++++++++++++++++++++++++++++++++++
++++++++++++++++++++++++++++++++++++++++++++++++++
++++++++++++++++++++++++++++++++++++++++++++++++++
++++++++++++++++++++++++++++++++++++++++++++++++++
++++++++++++++++++++++++++++++++++++++++++++++++++
++++++++++++++++++++++++++++++++++++++++++++++++++
++++++++++++++++++++++++++++++++++++++++++++++++++
++++++++++++++++++++++++++++++++++++++++++++++++++
++++++++++++++++++++++++++++++++++++++++++++++++++
++++++++++++++++++++++++++++++++++++++++++++++++++
++++++++++++++++++++++++++++++++++++++++++++++++++

++++++++++++++++++++++++++++++++++++++++++++++++++
++++++++++++++++++++++++++++++++++++++++++++++++++
++++++++++++++++++++++++++X+++++++++++++++++++++++
++++++++++++++++++++++++++X+X+++++++++++++++++++++
+++++++++XX++++++++++++++++++XX++++XX+++++++++++++
+++++++X+++X+++++++++++++++++XX++++XX+++++++++++++
+XX+++X+++++X++++++++++++++++XX+++++++++++++++++++
+XX++XX+X+++X++++++++X++++X+X+++++++++++++++++++++
++++++X+++++X+++++++++X+++X+++++++++++++++++++++++
+++++++X+++X+++++X++XXX+++++++++++++++++++++++++++
+++++++++XX+++++++++++++++++++++++++++++++++++++++
++++++++++++++++++++++++++++++++++++++++++++++++++
++++++++++++++++++++++++++++++++++++++++++++++++++
++++++++++++++++++++++++++++++++++++++++++++++++++
++++++++++++++++++++++++++++++++++++++++++++++++++
++++++++++++++++++++++++++++++++++++++++++++++++++
++++++++++++++++++++++++++++++++++++++++++++++++++
++++++++++++++++++++++++++++++++++++++++++++++++++
++++++++++++++++++++++++++++++++++++++++++++++++++
++++++++++++++++++++++++++++++++++++++++++++++++++
++++++++++++++++++++++++++++++++++++++++++++++++++
++++++++++++++++++++++++++++++++++++++++++++++++++
++++++++++++++++++++++++++++++++++++++++++++++++++
++++++++++++++++++++++++++++++++++++++++++++++++++
++++++++++++++++++++++++++++++++++++++++++++++++++

++++++++++++++++++++++++++++++++++++++++++++++++++
++++++++++++++++++++++++++++++++++++++++++++++++++
+++++++++++++++++++++++++++X++++++++++++++++++++++
+++++++++++++++++++++++++++X+X++++++++++++++++++++
++++++++++X+++++++++++++++++X+X++++XX+++++++++++++
++++++++++XX++++++++++++++++X++X+++XX+++++++++++++
+XX++XX++++XX+++++++++++++++X+X+++++++++++++++++++
+XX++XX++++XXX+++++++++++++X+X++++++++++++++++++++
+++++XX++++XX+++++++X+X++++X++++++++++++++++++++++
++++++++++XX+++++++++XX+++++++++++++++++++++++++++
++++++++++X++++++++++X++++++++++++++++++++++++++++
++++++++++++++++++++++++++++++++++++++++++++++++++
++++++++++++++++++++++++++++++++++++++++++++++++++
++++++++++++++++++++++++++++++++++++++++++++++++++
++++++++++++++++++++++++++++++++++++++++++++++++++
++++++++++++++++++++++++++++++++++++++++++++++++++
++++++++++++++++++++++++++++++++++++++++++++++++++
++++++++++++++++++++++++++++++++++++++++++++++++++
++++++++++++++++++++++++++++++++++++++++++++++++++
++++++++++++++++++++++++++++++++++++++++++++++++++
++++++++++++++++++++++++++++++++++++++++++++++++++
++++++++++++++++++++++++++++++++++++++++++++++++++
++++++++++++++++++++++++++++++++++++++++++++++++++
++++++++++++++++++++++++++++++++++++++++++++++++++
++++++++++++++++++++++++++++++++++++++++++++++++++

++++++++++++++++++++++++++++++++++++++++++++++++++
++++++++++++++++++++++++++++++++++++++++++++++++++
++++++++++++++++++++++++++++X+++++++++++++++++++++
+++++++++++++++++++++++++++X+X++++++++++++++++++++
++++++++++XX+++++++++++++++XX+X++++XX+++++++++++++
++++++++++X+X++++++++++++++XX+XX+++XX+++++++++++++
+XX++XX++++++X+++++++++++++XX+X+++++++++++++++++++
+XX+X++X++X++X+++++++++++++X+X++++++++++++++++++++
+++++XX++++++X++++++++X+++++X+++++++++++++++++++++
++++++++++X+X+++++++X+X+++++++++++++++++++++++++++
++++++++++XX+++++++++XX+++++++++++++++++++++++++++
++++++++++++++++++++++++++++++++++++++++++++++++++
++++++++++++++++++++++++++++++++++++++++++++++++++
++++++++++++++++++++++++++++++++++++++++++++++++++
++++++++++++++++++++++++++++++++++++++++++++++++++
++++++++++++++++++++++++++++++++++++++++++++++++++
++++++++++++++++++++++++++++++++++++++++++++++++++
++++++++++++++++++++++++++++++++++++++++++++++++++
++++++++++++++++++++++++++++++++++++++++++++++++++
++++++++++++++++++++++++++++++++++++++++++++++++++
++++++++++++++++++++++++++++++++++++++++++++++++++
++++++++++++++++++++++++++++++++++++++++++++++++++
++++++++++++++++++++++++++++++++++++++++++++++++++
++++++++++++++++++++++++++++++++++++++++++++++++++
++++++++++++++++++++++++++++++++++++++++++++++++++

++++++++++++++++++++++++++++++++++++++++++++++++++
++++++++++++++++++++++++++++++++++++++++++++++++++
++++++++++++++++++++++++++++X+++++++++++++++++++++
+++++++++++++++++++++++++++X+X++++++++++++++++++++
++++++++++XX++++++++++++++X+++XX+++XX+++++++++++++
++++++++++X+X+++++++++++++X+++XX+++XX+++++++++++++
+XXX+XX++++XXX++++++++++++X+++XX++++++++++++++++++
+XXXX++X++++XXX++++++++++++X+X++++++++++++++++++++
+++++XX++++XXX+++++++X++++++X+++++++++++++++++++++
++++++++++X+X+++++++++XX++++++++++++++++++++++++++
++++++++++XX+++++++++XX+++++++++++++++++++++++++++
++++++++++++++++++++++++++++++++++++++++++++++++++
++++++++++++++++++++++++++++++++++++++++++++++++++
++++++++++++++++++++++++++++++++++++++++++++++++++
++++++++++++++++++++++++++++++++++++++++++++++++++
++++++++++++++++++++++++++++++++++++++++++++++++++
++++++++++++++++++++++++++++++++++++++++++++++++++
++++++++++++++++++++++++++++++++++++++++++++++++++
++++++++++++++++++++++++++++++++++++++++++++++++++
++++++++++++++++++++++++++++++++++++++++++++++++++
++++++++++++++++++++++++++++++++++++++++++++++++++
++++++++++++++++++++++++++++++++++++++++++++++++++
++++++++++++++++++++++++++++++++++++++++++++++++++
++++++++++++++++++++++++++++++++++++++++++++++++++
++++++++++++++++++++++++++++++++++++++++++++++++++

++++++++++++++++++++++++++++++++++++++++++++++++++
++++++++++++++++++++++++++++++++++++++++++++++++++
++++++++++++++++++++++++++++X+++++++++++++++++++++
+++++++++++++++++++++++++++XXXX+++++++++++++++++++
++++++++++XX++++++++++++++XX+X+X+++XX+++++++++++++
++X+++++++X++X+++++++++++XXX+X++X++XX+++++++++++++
+X+++XX+++++++X+++++++++++XX+X+X++++++++++++++++++
+X+++++X++++++X++++++++++++XXXX+++++++++++++++++++
++XXXXX+++++++X+++++++X+++++X+++++++++++++++++++++
++++++++++X++X+++++++++X++++++++++++++++++++++++++
++++++++++XX+++++++++XXX++++++++++++++++++++++++++
++++++++++++++++++++++++++++++++++++++++++++++++++
++++++++++++++++++++++++++++++++++++++++++++++++++
++++++++++++++++++++++++++++++++++++++++++++++++++
++++++++++++++++++++++++++++++++++++++++++++++++++
++++++++++++++++++++++++++++++++++++++++++++++++++
++++++++++++++++++++++++++++++++++++++++++++++++++
++++++++++++++++++++++++++++++++++++++++++++++++++
++++++++++++++++++++++++++++++++++++++++++++++++++
++++++++++++++++++++++++++++++++++++++++++++++++++
++++++++++++++++++++++++++++++++++++++++++++++++++
++++++++++++++++++++++++++++++++++++++++++++++++++
++++++++++++++++++++++++++++++++++++++++++++++++++
++++++++++++++++++++++++++++++++++++++++++++++++++
++++++++++++++++++++++++++++++++++++++++++++++++++

++++++++++++++++++++++++++++++++++++++++++++++++++
++++++++++++++++++++++++++++++++++++++++++++++++++
+++++++++++++++++++++++++++XX+++++++++++++++++++++
++++++++++++++++++++++++++X+++X+++++++++++++++++++
++++++++++XX+++++++++++++X+++++X+++XX+++++++++++++
++++++++++XX+++++++++++++X+++X+XX++XX+++++++++++++
+XX+++X++++++XX++++++++++X+++++X++++++++++++++++++
+X+X+++X+++++XXX++++++++++X+++X+++++++++++++++++++
++XXXXX++++++XX++++++++++++XX+++++++++++++++++++++
+++XXX++++XX+++++++++X+X++++++++++++++++++++++++++
++++++++++XX++++++++++XX++++++++++++++++++++++++++
++++++++++++++++++++++X+++++++++++++++++++++++++++
++++++++++++++++++++++++++++++++++++++++++++++++++
++++++++++++++++++++++++++++++++++++++++++++++++++
++++++++++++++++++++++++++++++++++++++++++++++++++
++++++++++++++++++++++++++++++++++++++++++++++++++
++++++++++++++++++++++++++++++++++++++++++++++++++
++++++++++++++++++++++++++++++++++++++++++++++++++
++++++++++++++++++++++++++++++++++++++++++++++++++
++++++++++++++++++++++++++++++++++++++++++++++++++
++++++++++++++++++++++++++++++++++++++++++++++++++
++++++++++++++++++++++++++++++++++++++++++++++++++
++++++++++++++++++++++++++++++++++++++++++++++++++
++++++++++++++++++++++++++++++++++++++++++++++++++
++++++++++++++++++++++++++++++++++++++++++++++++++

++++++++++++++++++++++++++++++++++++++++++++++++++
++++++++++++++++++++++++++++++++++++++++++++++++++
+++++++++++++++++++++++++++X++++++++++++++++++++++
++++++++++++++++++++++++++XX++++++++++++++++++++++
++++++++++XX+++++++++++++XX++++XX++XX+++++++++++++
++++++++++XXX+++++++++++XXX++++XX++XX+++++++++++++
+XX+++++++++XX+X+++++++++XX++++XX+++++++++++++++++
+X+++++X++++X++X++++++++++XX++++++++++++++++++++++
++++++X+++++XX+X+++++++++++X++++++++++++++++++++++
++X+++X+++XXX++++++++++X++++++++++++++++++++++++++
++++X+++++XX+++++++++X+X++++++++++++++++++++++++++
++++++++++++++++++++++XX++++++++++++++++++++++++++
++++++++++++++++++++++++++++++++++++++++++++++++++
++++++++++++++++++++++++++++++++++++++++++++++++++
++++++++++++++++++++++++++++++++++++++++++++++++++
++++++++++++++++++++++++++++++++++++++++++++++++++
++++++++++++++++++++++++++++++++++++++++++++++++++
++++++++++++++++++++++++++++++++++++++++++++++++++
++++++++++++++++++++++++++++++++++++++++++++++++++
++++++++++++++++++++++++++++++++++++++++++++++++++
++++++++++++++++++++++++++++++++++++++++++++++++++
++++++++++++++++++++++++++++++++++++++++++++++++++
++++++++++++++++++++++++++++++++++++++++++++++++++
++++++++++++++++++++++++++++++++++++++++++++++++++
++++++++++++++++++++++++++++++++++++++++++++++++++

++++++++++++++++++++++++++++++++++++++++++++++++++
++++++++++++++++++++++++++++++++++++++++++++++++++
++++++++++++++++++++++++++XX++++++++++++++++++++++
+++++++++++++++++++++++++X+X++++++++++++++++++++++
++++++++++X+X+++++++++++X++++++XX++XX+++++++++++++
++++++++++X++X++++++++++X++X++X++X+XX+++++++++++++
+XX++++++++++XX+++++++++X++++++XX+++++++++++++++++
+XX++++++++X+++XX++++++++X+X++++++++++++++++++++++
++++++XX+++++XX+++++++++++XX++++++++++++++++++++++
+++++X++++X++X++++++++X+++++++++++++++++++++++++++
++++++++++X+X++++++++++XX+++++++++++++++++++++++++
++++++++++++++++++++++XX++++++++++++++++++++++++++
++++++++++++++++++++++++++++++++++++++++++++++++++
++++++++++++++++++++++++++++++++++++++++++++++++++
++++++++++++++++++++++++++++++++++++++++++++++++++
++++++++++++++++++++++++++++++++++++++++++++++++++
++++++++++++++++++++++++++++++++++++++++++++++++++
++++++++++++++++++++++++++++++++++++++++++++++++++
++++++++++++++++++++++++++++++++++++++++++++++++++
++++++++++++++++++++++++++++++++++++++++++++++++++
++++++++++++++++++++++++++++++++++++++++++++++++++
++++++++++++++++++++++++++++++++++++++++++++++++++
++++++++++++++++++++++++++++++++++++++++++++++++++
++++++++++++++++++++++++++++++++++++++++++++++++++
++++++++++++++++++++++++++++++++++++++++++++++++++

++++++++++++++++++++++++++++++++++++++++++++++++++
++++++++++++++++++++++++++++++++++++++++++++++++++
++++++++++++++++++++++++++XX++++++++++++++++++++++
+++++++++++++++++++++++++X+X++++++++++++++++++++++
+++++++++++X++++++++++++XXX++++XX+XXX+++++++++++++
+++++++++++XXXX++++++++XXX++++X++XXXX+++++++++++++
+XX+++++++++XXXX++++++++XXX++++XX+++++++++++++++++
+XX+++++++++X++X+++++++++X+X++++++++++++++++++++++
++++++X+++++XXXX++++++++++XX++++++++++++++++++++++
++++++X++++XXXX++++++++X++++++++++++++++++++++++++
+++++++++++X++++++++++++X+++++++++++++++++++++++++
++++++++++++++++++++++XXX+++++++++++++++++++++++++
++++++++++++++++++++++++++++++++++++++++++++++++++
++++++++++++++++++++++++++++++++++++++++++++++++++
++++++++++++++++++++++++++++++++++++++++++++++++++
++++++++++++++++++++++++++++++++++++++++++++++++++
++++++++++++++++++++++++++++++++++++++++++++++++++
++++++++++++++++++++++++++++++++++++++++++++++++++
++++++++++++++++++++++++++++++++++++++++++++++++++
++++++++++++++++++++++++++++++++++++++++++++++++++
++++++++++++++++++++++++++++++++++++++++++++++++++
++++++++++++++++++++++++++++++++++++++++++++++++++
++++++++++++++++++++++++++++++++++++++++++++++++++
++++++++++++++++++++++++++++++++++++++++++++++++++
++++++++++++++++++++++++++++++++++++++++++++++++++

++++++++++++++++++++++++++++++++++++++++++++++++++
++++++++++++++++++++++++++++++++++++++++++++++++++
++++++++++++++++++++++++++XX++++++++++++++++++++++
++++++++++++++++++++++++X++X+++++++X++++++++++++++
+++++++++++X+X+++++++++X+++++++XX+++X+++++++++++++
+++++++++++X+++X+++++++X++++++X+++++X+++++++++++++
+XX++++++++++++X+++++++X+++++++XXXXX++++++++++++++
+XX++++++++X++++X+++++++X++X++++++++++++++++++++++
+++++++++++++++X++++++++++XX++++++++++++++++++++++
+++++++++++X+++X++++++++++++++++++++++++++++++++++
+++++++++++X+X++++++++X+X+++++++++++++++++++++++++
+++++++++++++++++++++++XX+++++++++++++++++++++++++
+++++++++++++++++++++++X++++++++++++++++++++++++++
++++++++++++++++++++++++++++++++++++++++++++++++++
++++++++++++++++++++++++++++++++++++++++++++++++++
++++++++++++++++++++++++++++++++++++++++++++++++++
++++++++++++++++++++++++++++++++++++++++++++++++++
++++++++++++++++++++++++++++++++++++++++++++++++++
++++++++++++++++++++++++++++++++++++++++++++++++++
++++++++++++++++++++++++++++++++++++++++++++++++++
++++++++++++++++++++++++++++++++++++++++++++++++++
++++++++++++++++++++++++++++++++++++++++++++++++++
++++++++++++++++++++++++++++++++++++++++++++++++++
++++++++++++++++++++++++++++++++++++++++++++++++++
++++++++++++++++++++++++++++++++++++++++++++++++++

++++++++++++++++++++++++++++++++++++++++++++++++++
++++++++++++++++++++++++++++++++++++++++++++++++++
++++++++++++++++++++++++++XX++++++++++++++++++++++
++++++++++++++++++++++++++XX++++++++++++++++++++++
++++++++++++X++++++++++XX++++++X+++XX+++++++++++++
++++++++++++X+X+++++++XXX+++++X+++X+X+++++++++++++
+XX++++++++++++XX++++++XX++++++XXXXX++++++++++++++
+XX++++++++++++XX+++++++++XX++++XXX+++++++++++++++
+++++++++++++++XX+++++++++XX++++++++++++++++++++++
++++++++++++X+X+++++++++++++++++++++++++++++++++++
++++++++++++X+++++++++++X+++++++++++++++++++++++++
++++++++++++++++++++++X+X+++++++++++++++++++++++++
+++++++++++++++++++++++XX+++++++++++++++++++++++++
++++++++++++++++++++++++++++++++++++++++++++++++++
++++++++++++++++++++++++++++++++++++++++++++++++++
++++++++++++++++++++++++++++++++++++++++++++++++++
++++++++++++++++++++++++++++++++++++++++++++++++++
++++++++++++++++++++++++++++++++++++++++++++++++++
++++++++++++++++++++++++++++++++++++++++++++++++++
++++++++++++++++++++++++++++++++++++++++++++++++++
++++++++++++++++++++++++++++++++++++++++++++++++++
++++++++++++++++++++++++++++++++++++++++++++++++++
++++++++++++++++++++++++++++++++++++++++++++++++++
++++++++++++++++++++++++++++++++++++++++++++++++++
++++++++++++++++++++++++++++++++++++++++++++++++++

++++++++++++++++++++++++++++++++++++++++++++++++++
++++++++++++++++++++++++++++++++++++++++++++++++++
++++++++++++++++++++++++++XX++++++++++++++++++++++
+++++++++++++++++++++++++XXX++++++++++++++++++++++
+++++++++++++X++++++++X+XX+++++++++XX+++++++++++++
+++++++++++++X+X++++++X++X++++X+++++X+++++++++++++
+XX+++++++++++X+X+++++X+XX+++++X++++++++++++++++++
+XX+++++++++++X++X+++++++XXX+++X+++X++++++++++++++
++++++++++++++X+X+++++++++XX+++++X++++++++++++++++
+++++++++++++X+X++++++++++++++++++++++++++++++++++
+++++++++++++X+++++++++X++++++++++++++++++++++++++
++++++++++++++++++++++++XX++++++++++++++++++++++++
+++++++++++++++++++++++XX+++++++++++++++++++++++++
++++++++++++++++++++++++++++++++++++++++++++++++++
++++++++++++++++++++++++++++++++++++++++++++++++++
++++++++++++++++++++++++++++++++++++++++++++++++++
++++++++++++++++++++++++++++++++++++++++++++++++++
++++++++++++++++++++++++++++++++++++++++++++++++++
++++++++++++++++++++++++++++++++++++++++++++++++++
++++++++++++++++++++++++++++++++++++++++++++++++++
++++++++++++++++++++++++++++++++++++++++++++++++++
++++++++++++++++++++++++++++++++++++++++++++++++++
++++++++++++++++++++++++++++++++++++++++++++++++++
++++++++++++++++++++++++++++++++++++++++++++++++++
++++++++++++++++++++++++++++++++++++++++++++++++++

++++++++++++++++++++++++++++++++++++++++++++++++++
++++++++++++++++++++++++++++++++++++++++++++++++++
+++++++++++++++++++++++++X+X++++++++++++++++++++++
++++++++++++++++++++++++X++X++++++++++++++++++++++
++++++++++++++X++++++++XX++++++++++XX+++++++++++++
+++++++++++++X+X+++++XX+++X++++++++XX+++++++++++++
+XX++++++++++XX+X++++++XX+++++XX++++++++++++++++++
+XX++++++++++XX+XX++++++X++X++++X+++++++++++++++++
+++++++++++++XX+X++++++++X+X++++++++++++++++++++++
+++++++++++++X+X++++++++++++++++++++++++++++++++++
++++++++++++++X+++++++++X+++++++++++++++++++++++++
+++++++++++++++++++++++++X++++++++++++++++++++++++
+++++++++++++++++++++++XXX++++++++++++++++++++++++
++++++++++++++++++++++++++++++++++++++++++++++++++
++++++++++++++++++++++++++++++++++++++++++++++++++
++++++++++++++++++++++++++++++++++++++++++++++++++
++++++++++++++++++++++++++++++++++++++++++++++++++
++++++++++++++++++++++++++++++++++++++++++++++++++
++++++++++++++++++++++++++++++++++++++++++++++++++
++++++++++++++++++++++++++++++++++++++++++++++++++
++++++++++++++++++++++++++++++++++++++++++++++++++
++++++++++++++++++++++++++++++++++++++++++++++++++
++++++++++++++++++++++++++++++++++++++++++++++++++
++++++++++++++++++++++++++++++++++++++++++++++++++
++++++++++++++++++++++++++++++++++++++++++++++++++

++++++++++++++++++++++++++++++++++++++++++++++++++
++++++++++++++++++++++++++++++++++++++++++++++++++
++++++++++++++++++++++++++X+++++++++++++++++++++++
+++++++++++++++++++++++XXXX+++++++++++++++++++++++
++++++++++++++X+++++++XXXX+++++++++XX+++++++++++++
+++++++++++++X+X++++++X++X+++++++++XX+++++++++++++
+XX+++++++++X+++XX++++XXXX+++++X++++++++++++++++++
+XX+++++++++X+++XX+++++XXXX++++X++++++++++++++++++
++++++++++++X+++XX++++++++X+++++++++++++++++++++++
+++++++++++++X+X++++++++++++++++++++++++++++++++++
++++++++++++++X+++++++++++++++++++++++++++++++++++
+++++++++++++++++++++++X+X++++++++++++++++++++++++
++++++++++++++++++++++++XX++++++++++++++++++++++++
++++++++++++++++++++++++X+++++++++++++++++++++++++
++++++++++++++++++++++++++++++++++++++++++++++++++
++++++++++++++++++++++++++++++++++++++++++++++++++
++++++++++++++++++++++++++++++++++++++++++++++++++
++++++++++++++++++++++++++++++++++++++++++++++++++
++++++++++++++++++++++++++++++++++++++++++++++++++
++++++++++++++++++++++++++++++++++++++++++++++++++
++++++++++++++++++++++++++++++++++++++++++++++++++
++++++++++++++++++++++++++++++++++++++++++++++++++
++++++++++++++++++++++++++++++++++++++++++++++++++
++++++++++++++++++++++++++++++++++++++++++++++++++
++++++++++++++++++++++++++++++++++++++++++++++++++

++++++++++++++++++++++++++++++++++++++++++++++++++
++++++++++++++++++++++++++++++++++++++++++++++++++
++++++++++++++++++++++++X+X+++++++++++++++++++++++
++++++++++++++++++++++X+++X+++++++++++++++++++++++
++++++++++++++X+++++++X++++++++++++XX+++++++++++++
+++++++++++++XXXX++++X++++X++++++++XX+++++++++++++
+XX+++++++++XX+X+X++++X+++++++++++++++++++++++++++
+XX++++++++XXX+X++X+++X+++X+++++++++++++++++++++++
++++++++++++XX+X+X++++++X+X+++++++++++++++++++++++
+++++++++++++XXXX+++++++++++++++++++++++++++++++++
++++++++++++++X+++++++++++++++++++++++++++++++++++
+++++++++++++++++++++++++X++++++++++++++++++++++++
+++++++++++++++++++++++X+X++++++++++++++++++++++++
++++++++++++++++++++++++XX++++++++++++++++++++++++
++++++++++++++++++++++++++++++++++++++++++++++++++
++++++++++++++++++++++++++++++++++++++++++++++++++
++++++++++++++++++++++++++++++++++++++++++++++++++
++++++++++++++++++++++++++++++++++++++++++++++++++
++++++++++++++++++++++++++++++++++++++++++++++++++
++++++++++++++++++++++++++++++++++++++++++++++++++
++++++++++++++++++++++++++++++++++++++++++++++++++
++++++++++++++++++++++++++++++++++++++++++++++++++
++++++++++++++++++++++++++++++++++++++++++++++++++
++++++++++++++++++++++++++++++++++++++++++++++++++
++++++++++++++++++++++++++++++++++++++++++++++++++

++++++++++++++++++++++++++++++++++++++++++++++++++
++++++++++++++++++++++++++++++++++++++++++++++++++
+++++++++++++++++++++++++X++++++++++++++++++++++++
+++++++++++++++++++++++X+X++++++++++++++++++++++++
+++++++++++++XX++++++XX++++++++++++XX+++++++++++++
++++++++++++X+++X++++XX++++++++++++XX+++++++++++++
+XX++++++++X+++++X+++XX+++++++++++++++++++++++++++
+XX++++++++X+++X+XX++++X+X++++++++++++++++++++++++
+++++++++++X+++++X+++++++X++++++++++++++++++++++++
++++++++++++X+++X+++++++++++++++++++++++++++++++++
+++++++++++++XX+++++++++++++++++++++++++++++++++++
++++++++++++++++++++++++X+++++++++++++++++++++++++
+++++++++++++++++++++++++XX+++++++++++++++++++++++
++++++++++++++++++++++++XX++++++++++++++++++++++++
++++++++++++++++++++++++++++++++++++++++++++++++++
++++++++++++++++++++++++++++++++++++++++++++++++++
++++++++++++++++++++++++++++++++++++++++++++++++++
++++++++++++++++++++++++++++++++++++++++++++++++++
++++++++++++++++++++++++++++++++++++++++++++++++++
++++++++++++++++++++++++++++++++++++++++++++++++++
++++++++++++++++++++++++++++++++++++++++++++++++++
++++++++++++++++++++++++++++++++++++++++++++++++++
++++++++++++++++++++++++++++++++++++++++++++++++++
++++++++++++++++++++++++++++++++++++++++++++++++++
++++++++++++++++++++++++++++++++++++++++++++++++++

++++++++++++++++++++++++++++++++++++++++++++++++++
++++++++++++++++++++++++++++++++++++++++++++++++++
++++++++++++++++++++++++X+++++++++++++++++++++++++
++++++++++++++++++++++X+X+++++++++++++++++++++++++
+++++++++++++X+++++++X+X+++++++++++XX+++++++++++++
++++++++++++XX++++++X++X+++++++++++XX+++++++++++++
+XX++++++++XX++++XX++X+X++++++++++++++++++++++++++
+XX+++++++XXX++++XX+++X+X+++++++++++++++++++++++++
+++++++++++XX++++XX+++++X+++++++++++++++++++++++++
++++++++++++XX++++++++++++++++++++++++++++++++++++
+++++++++++++X++++++++++++++++++++++++++++++++++++
+++++++++++++++++++++++++X++++++++++++++++++++++++
++++++++++++++++++++++++++X+++++++++++++++++++++++
++++++++++++++++++++++++XXX+++++++++++++++++++++++
++++++++++++++++++++++++++++++++++++++++++++++++++
++++++++++++++++++++++++++++++++++++++++++++++++++
++++++++++++++++++++++++++++++++++++++++++++++++++
++++++++++++++++++++++++++++++++++++++++++++++++++
++++++++++++++++++++++++++++++++++++++++++++++++++
++++++++++++++++++++++++++++++++++++++++++++++++++
++++++++++++++++++++++++++++++++++++++++++++++++++
++++++++++++++++++++++++++++++++++++++++++++++++++
++++++++++++++++++++++++++++++++++++++++++++++++++
++++++++++++++++++++++++++++++++++++++++++++++++++
++++++++++++++++++++++++++++++++++++++++++++++++++

++++++++++++++++++++++++++++++++++++++++++++++++++
++++++++++++++++++++++++++++++++++++++++++++++++++
+++++++++++++++++++++++X++++++++++++++++++++++++++
++++++++++++++++++++++X+X+++++++++++++++++++++++++
++++++++++++XX+++++++X+XX++++++++++XX+++++++++++++
+++++++++++X+X++++++XX+XX++++++++++XX+++++++++++++
+XX+++++++X++++++XXX+X+XX+++++++++++++++++++++++++
+XX+++++++X++X++X++X++X+X+++++++++++++++++++++++++
++++++++++X++++++XX++++X++++++++++++++++++++++++++
+++++++++++X+X++++++++++++++++++++++++++++++++++++
++++++++++++XX++++++++++++++++++++++++++++++++++++
++++++++++++++++++++++++++++++++++++++++++++++++++
++++++++++++++++++++++++X+X+++++++++++++++++++++++
+++++++++++++++++++++++++XX+++++++++++++++++++++++
+++++++++++++++++++++++++X++++++++++++++++++++++++
++++++++++++++++++++++++++++++++++++++++++++++++++
++++++++++++++++++++++++++++++++++++++++++++++++++
++++++++++++++++++++++++++++++++++++++++++++++++++
++++++++++++++++++++++++++++++++++++++++++++++++++
++++++++++++++++++++++++++++++++++++++++++++++++++
++++++++++++++++++++++++++++++++++++++++++++++++++
++++++++++++++++++++++++++++++++++++++++++++++++++
++++++++++++++++++++++++++++++++++++++++++++++++++
++++++++++++++++++++++++++++++++++++++++++++++++++
++++++++++++++++++++++++++++++++++++++++++++++++++

++++++++++++++++++++++++++++++++++++++++++++++++++
++++++++++++++++++++++++++++++++++++++++++++++++++
+++++++++++++++++++++++X++++++++++++++++++++++++++
++++++++++++++++++++++X+X+++++++++++++++++++++++++
++++++++++++XX++++++XX+++X+++++++++XX+++++++++++++
+++++++++++X+X++++XX+X+++X+++++++++XX+++++++++++++
+XX+++++++XXX++++XXX+X+++X++++++++++++++++++++++++
+XX++++++XXX++++X++XX+X+X+++++++++++++++++++++++++
++++++++++XXX++++XX++++X++++++++++++++++++++++++++
+++++++++++X+X++++++++++++++++++++++++++++++++++++
++++++++++++XX++++++++++++++++++++++++++++++++++++
++++++++++++++++++++++++++++++++++++++++++++++++++
++++++++++++++++++++++++++X+++++++++++++++++++++++
++++++++++++++++++++++++X+X+++++++++++++++++++++++
+++++++++++++++++++++++++XX+++++++++++++++++++++++
++++++++++++++++++++++++++++++++++++++++++++++++++
++++++++++++++++++++++++++++++++++++++++++++++++++
++++++++++++++++++++++++++++++++++++++++++++++++++
++++++++++++++++++++++++++++++++++++++++++++++++++
++++++++++++++++++++++++++++++++++++++++++++++++++
++++++++++++++++++++++++++++++++++++++++++++++++++
++++++++++++++++++++++++++++++++++++++++++++++++++
++++++++++++++++++++++++++++++++++++++++++++++++++
++++++++++++++++++++++++++++++++++++++++++++++++++
++++++++++++++++++++++++++++++++++++++++++++++++++

++++++++++++++++++++++++++++++++++++++++++++++++++
++++++++++++++++++++++++++++++++++++++++++++++++++
+++++++++++++++++++++++X++++++++++++++++++++++++++
+++++++++++++++++++++XXXX+++++++++++++++++++++++++
++++++++++++XX+++++XXXX+XX+++++++++XX+++++++++++++
++++++++++X++X+++X+++XX+XXX++++++++XX+++++++++++++
+XX++++++X+++++++X+++XX+XX++++++++++++++++++++++++
+XX++++++X++++++X+++XXXXX+++++++++++++++++++++++++
+++++++++X+++++++XXX+++X++++++++++++++++++++++++++
++++++++++X++X++++++++++++++++++++++++++++++++++++
++++++++++++XX++++++++++++++++++++++++++++++++++++
++++++++++++++++++++++++++++++++++++++++++++++++++
+++++++++++++++++++++++++X++++++++++++++++++++++++
++++++++++++++++++++++++++XX++++++++++++++++++++++
+++++++++++++++++++++++++XX+++++++++++++++++++++++
++++++++++++++++++++++++++++++++++++++++++++++++++
++++++++++++++++++++++++++++++++++++++++++++++++++
++++++++++++++++++++++++++++++++++++++++++++++++++
++++++++++++++++++++++++++++++++++++++++++++++++++
++++++++++++++++++++++++++++++++++++++++++++++++++
++++++++++++++++++++++++++++++++++++++++++++++++++
++++++++++++++++++++++++++++++++++++++++++++++++++
++++++++++++++++++++++++++++++++++++++++++++++++++
++++++++++++++++++++++++++++++++++++++++++++++++++
++++++++++++++++++++++++++++++++++++++++++++++++++

++++++++++++++++++++++++++++++++++++++++++++++++++
++++++++++++++++++++++++++++++++++++++++++++++++++
+++++++++++++++++++++++XX+++++++++++++++++++++++++
+++++++++++++++++++++++++X++++++++++++++++++++++++
++++++++++++XX++++++++++++X++++++++XX+++++++++++++
++++++++++++XX++++X+++++++X++++++++XX+++++++++++++
+XX++++++XX+++++XX++++++++X+++++++++++++++++++++++
+XX+++++XXX+++++X++XX++++X++++++++++++++++++++++++
+++++++++XX++++++XXXXX+XX+++++++++++++++++++++++++
++++++++++++XX++++X+++++++++++++++++++++++++++++++
++++++++++++XX++++++++++++++++++++++++++++++++++++
++++++++++++++++++++++++++++++++++++++++++++++++++
++++++++++++++++++++++++++X+++++++++++++++++++++++
+++++++++++++++++++++++++++X++++++++++++++++++++++
+++++++++++++++++++++++++XXX++++++++++++++++++++++
++++++++++++++++++++++++++++++++++++++++++++++++++
++++++++++++++++++++++++++++++++++++++++++++++++++
++++++++++++++++++++++++++++++++++++++++++++++++++
++++++++++++++++++++++++++++++++++++++++++++++++++
++++++++++++++++++++++++++++++++++++++++++++++++++
++++++++++++++++++++++++++++++++++++++++++++++++++
++++++++++++++++++++++++++++++++++++++++++++++++++
++++++++++++++++++++++++++++++++++++++++++++++++++
++++++++++++++++++++++++++++++++++++++++++++++++++
++++++++++++++++++++++++++++++++++++++++++++++++++

++++++++++++++++++++++++++++++++++++++++++++++++++
++++++++++++++++++++++++++++++++++++++++++++++++++
++++++++++++++++++++++++X+++++++++++++++++++++++++
++++++++++++++++++++++++XX++++++++++++++++++++++++
++++++++++++XX+++++++++++XX++++++++XX+++++++++++++
+++++++++++XXX+++X+++++++XXX+++++++XX+++++++++++++
+XX+++++X+XX++++XXXX+++++XX+++++++++++++++++++++++
+XX+++++X++X++++X++++X++XX++++++++++++++++++++++++
++++++++X+XX+++++X+++X++X+++++++++++++++++++++++++
+++++++++++XXX+++XX+X+++++++++++++++++++++++++++++
++++++++++++XX++++++++++++++++++++++++++++++++++++
++++++++++++++++++++++++++++++++++++++++++++++++++
++++++++++++++++++++++++++++++++++++++++++++++++++
+++++++++++++++++++++++++X+X++++++++++++++++++++++
++++++++++++++++++++++++++XX++++++++++++++++++++++
++++++++++++++++++++++++++X+++++++++++++++++++++++
++++++++++++++++++++++++++++++++++++++++++++++++++
++++++++++++++++++++++++++++++++++++++++++++++++++
++++++++++++++++++++++++++++++++++++++++++++++++++
++++++++++++++++++++++++++++++++++++++++++++++++++
++++++++++++++++++++++++++++++++++++++++++++++++++
++++++++++++++++++++++++++++++++++++++++++++++++++
++++++++++++++++++++++++++++++++++++++++++++++++++
++++++++++++++++++++++++++++++++++++++++++++++++++
++++++++++++++++++++++++++++++++++++++++++++++++++

++++++++++++++++++++++++++++++++++++++++++++++++++
++++++++++++++++++++++++++++++++++++++++++++++++++
++++++++++++++++++++++++XX++++++++++++++++++++++++
++++++++++++++++++++++++X+X+++++++++++++++++++++++
+++++++++++X+X+++++++++++++X+++++++XX+++++++++++++
++++++++++X++X++XX++++++X++X+++++++XX+++++++++++++
+XX++++++XX+++++X+X++++++++X++++++++++++++++++++++
+XX++++XX+++X+++X+++X+++X+X+++++++++++++++++++++++
+++++++++XX+++++XXX+XX++XX++++++++++++++++++++++++
++++++++++X++X+++XX+++++++++++++++++++++++++++++++
+++++++++++X+X++++++++++++++++++++++++++++++++++++
++++++++++++++++++++++++++++++++++++++++++++++++++
++++++++++++++++++++++++++++++++++++++++++++++++++
+++++++++++++++++++++++++++X++++++++++++++++++++++
+++++++++++++++++++++++++X+X++++++++++++++++++++++
++++++++++++++++++++++++++XX++++++++++++++++++++++
++++++++++++++++++++++++++++++++++++++++++++++++++
++++++++++++++++++++++++++++++++++++++++++++++++++
++++++++++++++++++++++++++++++++++++++++++++++++++
++++++++++++++++++++++++++++++++++++++++++++++++++
++++++++++++++++++++++++++++++++++++++++++++++++++
++++++++++++++++++++++++++++++++++++++++++++++++++
++++++++++++++++++++++++++++++++++++++++++++++++++
++++++++++++++++++++++++++++++++++++++++++++++++++
++++++++++++++++++++++++++++++++++++++++++++++++++

++++++++++++++++++++++++++++++++++++++++++++++++++
++++++++++++++++++++++++++++++++++++++++++++++++++
++++++++++++++++++++++++XX++++++++++++++++++++++++
++++++++++++++++++++++++X+X+++++++++++++++++++++++
++++++++++++X++++++++++++XXX+++++++XX+++++++++++++
+++++++++XXXX+++XX++++++++XXX++++++XX+++++++++++++
+XX+++++XXXX+++XX++++++++XXX++++++++++++++++++++++
+XX+++++X++X+++XX+X+XX++X+X+++++++++++++++++++++++
++++++++XXXX++++X+X+XX++XX++++++++++++++++++++++++
+++++++++XXXX+++X+XX++++++++++++++++++++++++++++++
++++++++++++X+++++++++++++++++++++++++++++++++++++
++++++++++++++++++++++++++++++++++++++++++++++++++
++++++++++++++++++++++++++++++++++++++++++++++++++
++++++++++++++++++++++++++X+++++++++++++++++++++++
+++++++++++++++++++++++++++XX+++++++++++++++++++++
++++++++++++++++++++++++++XX++++++++++++++++++++++
++++++++++++++++++++++++++++++++++++++++++++++++++
++++++++++++++++++++++++++++++++++++++++++++++++++
++++++++++++++++++++++++++++++++++++++++++++++++++
++++++++++++++++++++++++++++++++++++++++++++++++++
++++++++++++++++++++++++++++++++++++++++++++++++++
++++++++++++++++++++++++++++++++++++++++++++++++++
++++++++++++++++++++++++++++++++++++++++++++++++++
++++++++++++++++++++++++++++++++++++++++++++++++++
++++++++++++++++++++++++++++++++++++++++++++++++++

++++++++++++++++++++++++++++++++++++++++++++++++++
++++++++++++++++++++++++++++++++++++++++++++++++++
++++++++++++++++++++++++XX++++++++++++++++++++++++
++++++++++++++++++++++++X++X++++++++++++++++++++++
++++++++++X+X+++++++++++++++X++++++XX+++++++++++++
++++++++X+++X++XXX++++++++++X++++++XX+++++++++++++
+XX+++++X+++++++++++++++++++X+++++++++++++++++++++
+XX++++X++++X+++++++XX++X++X++++++++++++++++++++++
++++++++X+++++++X+X++X++XX++++++++++++++++++++++++
++++++++X+++X+++++XXX+++++++++++++++++++++++++++++
++++++++++X+X+++++++++++++++++++++++++++++++++++++
++++++++++++++++++++++++++++++++++++++++++++++++++
++++++++++++++++++++++++++++++++++++++++++++++++++
+++++++++++++++++++++++++++X++++++++++++++++++++++
++++++++++++++++++++++++++++X+++++++++++++++++++++
++++++++++++++++++++++++++XXX+++++++++++++++++++++
++++++++++++++++++++++++++++++++++++++++++++++++++
++++++++++++++++++++++++++++++++++++++++++++++++++
++++++++++++++++++++++++++++++++++++++++++++++++++
++++++++++++++++++++++++++++++++++++++++++++++++++
++++++++++++++++++++++++++++++++++++++++++++++++++
++++++++++++++++++++++++++++++++++++++++++++++++++
++++++++++++++++++++++++++++++++++++++++++++++++++
++++++++++++++++++++++++++++++++++++++++++++++++++
++++++++++++++++++++++++++++++++++++++++++++++++++

++++++++++++++++++++++++++++++++++++++++++++++++++
++++++++++++++++++++++++++++++++++++++++++++++++++
++++++++++++++++++++++++XX++++++++++++++++++++++++
++++++++++++++++++++++++XX++++++++++++++++++++++++
+++++++++++X++++X++++++++++XX++++++XX+++++++++++++
+++++++++X+X++++X++++++++++XXX+++++XX+++++++++++++
+XX++++XX+++++++X++++++++++XX+++++++++++++++++++++
+XX++++XX+++++++++++XX++XX++++++++++++++++++++++++
+++++++XX++++++++XX++X++XX++++++++++++++++++++++++
+++++++++X+X+++++XXXX+++++++++++++++++++++++++++++
+++++++++++X+++++++X++++++++++++++++++++++++++++++
++++++++++++++++++++++++++++++++++++++++++++++++++
++++++++++++++++++++++++++++++++++++++++++++++++++
++++++++++++++++++++++++++++++++++++++++++++++++++
++++++++++++++++++++++++++X+X+++++++++++++++++++++
+++++++++++++++++++++++++++XX+++++++++++++++++++++
+++++++++++++++++++++++++++X++++++++++++++++++++++
++++++++++++++++++++++++++++++++++++++++++++++++++
++++++++++++++++++++++++++++++++++++++++++++++++++
++++++++++++++++++++++++++++++++++++++++++++++++++
++++++++++++++++++++++++++++++++++++++++++++++++++
++++++++++++++++++++++++++++++++++++++++++++++++++
++++++++++++++++++++++++++++++++++++++++++++++++++
++++++++++++++++++++++++++++++++++++++++++++++++++
++++++++++++++++++++++++++++++++++++++++++++++++++

++++++++++++++++++++++++++++++++++++++++++++++++++
++++++++++++++++++++++++++++++++++++++++++++++++++
++++++++++++++++++++++++XX++++++++++++++++++++++++
++++++++++++++++++++++++XXX+++++++++++++++++++++++
++++++++++X+++++++++++++++XX+X+++++XX+++++++++++++
++++++++X+X++++XXX++++++++X++X+++++XX+++++++++++++
+XX++++X+X++++++++++++++++XX+X++++++++++++++++++++
+XX+++X++X+++++++X++XX++XXX+++++++++++++++++++++++
+++++++X+X+++++++X+++X++XX++++++++++++++++++++++++
++++++++X+X++++++X++X+++++++++++++++++++++++++++++
++++++++++X++++++++XX+++++++++++++++++++++++++++++
++++++++++++++++++++++++++++++++++++++++++++++++++
++++++++++++++++++++++++++++++++++++++++++++++++++
++++++++++++++++++++++++++++++++++++++++++++++++++
++++++++++++++++++++++++++++X+++++++++++++++++++++
++++++++++++++++++++++++++X+X+++++++++++++++++++++
+++++++++++++++++++++++++++XX+++++++++++++++++++++
++++++++++++++++++++++++++++++++++++++++++++++++++
++++++++++++++++++++++++++++++++++++++++++++++++++
++++++++++++++++++++++++++++++++++++++++++++++++++
++++++++++++++++++++++++++++++++++++++++++++++++++
++++++++++++++++++++++++++++++++++++++++++++++++++
++++++++++++++++++++++++++++++++++++++++++++++++++
++++++++++++++++++++++++++++++++++++++++++++++++++
++++++++++++++++++++++++++++++++++++++++++++++++++

++++++++++++++++++++++++++++++++++++++++++++++++++
++++++++++++++++++++++++++++++++++++++++++++++++++
++++++++++++++++++++++++X+X+++++++++++++++++++++++
++++++++++++++++++++++++X++X++++++++++++++++++++++
+++++++++X++++++X++++++++++XX++++++XX+++++++++++++
++++++++X+X+++++X++++++++X+++XX++++XX+++++++++++++
+XX++++X+XX++++++X+++++++++XX+++++++++++++++++++++
+XX+++XX+XX+++++++++XX++X++X++++++++++++++++++++++
+++++++X+XX+++++XXX++X++X+X+++++++++++++++++++++++
++++++++X+X+++++++XXXX++++++++++++++++++++++++++++
+++++++++X+++++++++XX+++++++++++++++++++++++++++++
++++++++++++++++++++++++++++++++++++++++++++++++++
++++++++++++++++++++++++++++++++++++++++++++++++++
++++++++++++++++++++++++++++++++++++++++++++++++++
+++++++++++++++++++++++++++X++++++++++++++++++++++
++++++++++++++++++++++++++++XX++++++++++++++++++++
+++++++++++++++++++++++++++XX+++++++++++++++++++++
++++++++++++++++++++++++++++++++++++++++++++++++++
++++++++++++++++++++++++++++++++++++++++++++++++++
++++++++++++++++++++++++++++++++++++++++++++++++++
++++++++++++++++++++++++++++++++++++++++++++++++++
++++++++++++++++++++++++++++++++++++++++++++++++++
++++++++++++++++++++++++++++++++++++++++++++++++++
++++++++++++++++++++++++++++++++++++++++++++++++++
++++++++++++++++++++++++++++++++++++++++++++++++++

++++++++++++++++++++++++++++++++++++++++++++++++++
++++++++++++++++++++++++++++++++++++++++++++++++++
+++++++++++++++++++++++++X++++++++++++++++++++++++
+++++++++++++++++++++++++XXXX+++++++++++++++++++++
+++++++++X++++++++++++++++XXXX+++++XX+++++++++++++
++++++++X+X+++++XX++++++++X++X+++++XX+++++++++++++
+XX+++XX+++X++++++++++++++XXXX++++++++++++++++++++
+XX+++XX+++X++++X+X+XX+++XXXX+++++++++++++++++++++
++++++XX+++X+++++XX+++X++X++++++++++++++++++++++++
++++++++X+X++++++++++X++++++++++++++++++++++++++++
+++++++++X++++++++X++X++++++++++++++++++++++++++++
++++++++++++++++++++++++++++++++++++++++++++++++++
++++++++++++++++++++++++++++++++++++++++++++++++++
++++++++++++++++++++++++++++++++++++++++++++++++++
++++++++++++++++++++++++++++X+++++++++++++++++++++
+++++++++++++++++++++++++++++X++++++++++++++++++++
+++++++++++++++++++++++++++XXX++++++++++++++++++++
++++++++++++++++++++++++++++++++++++++++++++++++++
++++++++++++++++++++++++++++++++++++++++++++++++++
++++++++++++++++++++++++++++++++++++++++++++++++++
++++++++++++++++++++++++++++++++++++++++++++++++++
++++++++++++++++++++++++++++++++++++++++++++++++++
++++++++++++++++++++++++++++++++++++++++++++++++++
++++++++++++++++++++++++++++++++++++++++++++++++++
++++++++++++++++++++++++++++++++++++++++++++++++++

++++++++++++++++++++++++++++++++++++++++++++++++++
++++++++++++++++++++++++++++++++++++++++++++++++++
+++++++++++++++++++++++++X+X++++++++++++++++++++++
+++++++++++++++++++++++++X+++X++++++++++++++++++++
+++++++++X+++++++++++++++++++X+++++XX+++++++++++++
+++++++XXXX++++++++++++++X++++X++++XX+++++++++++++
+XX+++X+X+XX++++X++++++++++++X++++++++++++++++++++
+XX++X++X+XXX+++++XX+X+++X+++X++++++++++++++++++++
++++++X+X+XX+++++XXXX+X++X+X++++++++++++++++++++++
+++++++XXXX++++++XX++XX+++++++++++++++++++++++++++
+++++++++X++++++++++++++++++++++++++++++++++++++++
++++++++++++++++++++++++++++++++++++++++++++++++++
++++++++++++++++++++++++++++++++++++++++++++++++++
++++++++++++++++++++++++++++++++++++++++++++++++++
++++++++++++++++++++++++++++++++++++++++++++++++++
+++++++++++++++++++++++++++X+X++++++++++++++++++++
++++++++++++++++++++++++++++XX++++++++++++++++++++
++++++++++++++++++++++++++++X+++++++++++++++++++++
++++++++++++++++++++++++++++++++++++++++++++++++++
++++++++++++++++++++++++++++++++++++++++++++++++++
++++++++++++++++++++++++++++++++++++++++++++++++++
++++++++++++++++++++++++++++++++++++++++++++++++++
++++++++++++++++++++++++++++++++++++++++++++++++++
++++++++++++++++++++++++++++++++++++++++++++++++++
++++++++++++++++++++++++++++++++++++++++++++++++++

++++++++++++++++++++++++++++++++++++++++++++++++++
++++++++++++++++++++++++++++++++++++++++++++++++++
++++++++++++++++++++++++++X+++++++++++++++++++++++
++++++++++++++++++++++++++X+X+++++++++++++++++++++
+++++++++XX++++++++++++++++++XX++++XX+++++++++++++
+++++++X+++X+++++++++++++++++XX++++XX+++++++++++++
+XX+++X+++++X++++++++++++++++XX+++++++++++++++++++
+XX++XX+X+++X++++++++X++++X+X+++++++++++++++++++++
++++++X+++++X+++++++++X+++X+++++++++++++++++++++++
+++++++X+++X+++++X++XXX+++++++++++++++++++++++++++
+++++++++XX+++++++++++++++++++++++++++++++++++++++
++++++++++++++++++++++++++++++++++++++++++++++++++
++++++++++++++++++++++++++++++++++++++++++++++++++
++++++++++++++++++++++++++++++++++++++++++++++++++
++++++++++++++++++++++++++++++++++++++++++++++++++
+++++++++++++++++++++++++++++X++++++++++++++++++++
+++++++++++++++++++++++++++X+X++++++++++++++++++++
++++++++++++++++++++++++++++XX++++++++++++++++++++
++++++++++++++++++++++++++++++++++++++++++++++++++
++++++++++++++++++++++++++++++++++++++++++++++++++
++++++++++++++++++++++++++++++++++++++++++++++++++
++++++++++++++++++++++++++++++++++++++++++++++++++
++++++++++++++++++++++++++++++++++++++++++++++++++
++++++++++++++++++++++++++++++++++++++++++++++++++
++++++++++++++++++++++++++++++++++++++++++++++++++

++++++++++++++++++++++++++++++++++++++++++++++++++
++++++++++++++++++++++++++++++++++++++++++++++++++
+++++++++++++++++++++++++++X++++++++++++++++++++++
+++++++++++++++++++++++++++X+X++++++++++++++++++++
++++++++++X+++++++++++++++++X+X++++XX+++++++++++++
++++++++++XX++++++++++++++++X++X+++XX+++++++++++++
+XX++XX++++XX+++++++++++++++X+X+++++++++++++++++++
+XX++XX++++XXX+++++++++++++X+X++++++++++++++++++++
+++++XX++++XX+++++++X+X++++X++++++++++++++++++++++
++++++++++XX+++++++++XX+++++++++++++++++++++++++++
++++++++++X++++++++++X++++++++++++++++++++++++++++
++++++++++++++++++++++++++++++++++++++++++++++++++
++++++++++++++++++++++++++++++++++++++++++++++++++
++++++++++++++++++++++++++++++++++++++++++++++++++
++++++++++++++++++++++++++++++++++++++++++++++++++
++++++++++++++++++++++++++++X+++++++++++++++++++++
+++++++++++++++++++++++++++++XX+++++++++++++++++++
++++++++++++++++++++++++++++XX++++++++++++++++++++
++++++++++++++++++++++++++++++++++++++++++++++++++
++++++++++++++++++++++++++++++++++++++++++++++++++
++++++++++++++++++++++++++++++++++++++++++++++++++
++++++++++++++++++++++++++++++++++++++++++++++++++
++++++++++++++++++++++++++++++++++++++++++++++++++
++++++++++++++++++++++++++++++++++++++++++++++++++
++++++++++++++++++++++++++++++++++++++++++++++++++

++++++++++++++++++++++++++++++++++++++++++++++++++
++++++++++++++++++++++++++++++++++++++++++++++++++
++++++++++++++++++++++++++++X+++++++++++++++++++++
+++++++++++++++++++++++++++X+X++++++++++++++++++++
++++++++++XX+++++++++++++++XX+X++++XX+++++++++++++
++++++++++X+X++++++++++++++XX+XX+++XX+++++++++++++
+XX++XX++++++X+++++++++++++XX+X+++++++++++++++++++
+XX+X++X++X++X+++++++++++++X+X++++++++++++++++++++
+++++XX++++++X++++++++X+++++X+++++++++++++++++++++
++++++++++X+X+++++++X+X+++++++++++++++++++++++++++
++++++++++XX+++++++++XX+++++++++++++++++++++++++++
++++++++++++++++++++++++++++++++++++++++++++++++++
++++++++++++++++++++++++++++++++++++++++++++++++++
++++++++++++++++++++++++++++++++++++++++++++++++++
++++++++++++++++++++++++++++++++++++++++++++++++++
+++++++++++++++++++++++++++++X++++++++++++++++++++
++++++++++++++++++++++++++++++X+++++++++++++++++++
++++++++++++++++++++++++++++XXX+++++++++++++++++++
++++++++++++++++++++++++++++++++++++++++++++++++++
++++++++++++++++++++++++++++++++++++++++++++++++++
++++++++++++++++++++++++++++++++++++++++++++++++++
++++++++++++++++++++++++++++++++++++++++++++++++++
++++++++++++++++++++++++++++++++++++++++++++++++++
++++++++++++++++++++++++++++++++++++++++++++++++++
++++++++++++++++++++++++++++++++++++++++++++++++++

++++++++++++++++++++++++++++++++++++++++++++++++++
++++++++++++++++++++++++++++++++++++++++++++++++++
++++++++++++++++++++++++++++X+++++++++++++++++++++
+++++++++++++++++++++++++++X+X++++++++++++++++++++
++++++++++XX++++++++++++++X+++XX+++XX+++++++++++++
++++++++++X+X+++++++++++++X+++XX+++XX+++++++++++++
+XXX+XX++++XXX++++++++++++X+++XX++++++++++++++++++
+XXXX++X++++XXX++++++++++++X+X++++++++++++++++++++
+++++XX++++XXX+++++++X++++++X+++++++++++++++++++++
++++++++++X+X+++++++++XX++++++++++++++++++++++++++
++++++++++XX+++++++++XX+++++++++++++++++++++++++++
++++++++++++++++++++++++++++++++++++++++++++++++++
++++++++++++++++++++++++++++++++++++++++++++++++++
++++++++++++++++++++++++++++++++++++++++++++++++++
++++++++++++++++++++++++++++++++++++++++++++++++++
++++++++++++++++++++++++++++++++++++++++++++++++++
++++++++++++++++++++++++++++X+X+++++++++++++++++++
+++++++++++++++++++++++++++++XX+++++++++++++++++++
+++++++++++++++++++++++++++++X++++++++++++++++++++
++++++++++++++++++++++++++++++++++++++++++++++++++
++++++++++++++++++++++++++++++++++++++++++++++++++
++++++++++++++++++++++++++++++++++++++++++++++++++
++++++++++++++++++++++++++++++++++++++++++++++++++
++++++++++++++++++++++++++++++++++++++++++++++++++
++++++++++++++++++++++++++++++++++++++++++++++++++

++++++++++++++++++++++++++++++++++++++++++++++++++
++++++++++++++++++++++++++++++++++++++++++++++++++
++++++++++++++++++++++++++++X+++++++++++++++++++++
+++++++++++++++++++++++++++XXXX+++++++++++++++++++
++++++++++XX++++++++++++++XX+X+X+++XX+++++++++++++
++X+++++++X++X+++++++++++XXX+X++X++XX+++++++++++++
+X+++XX+++++++X+++++++++++XX+X+X++++++++++++++++++
+X+++++X++++++X++++++++++++XXXX+++++++++++++++++++
++XXXXX+++++++X+++++++X+++++X+++++++++++++++++++++
++++++++++X++X+++++++++X++++++++++++++++++++++++++
++++++++++XX+++++++++XXX++++++++++++++++++++++++++
++++++++++++++++++++++++++++++++++++++++++++++++++
++++++++++++++++++++++++++++++++++++++++++++++++++
++++++++++++++++++++++++++++++++++++++++++++++++++
++++++++++++++++++++++++++++++++++++++++++++++++++
++++++++++++++++++++++++++++++++++++++++++++++++++
++++++++++++++++++++++++++++++X+++++++++++++++++++
++++++++++++++++++++++++++++X+X+++++++++++++++++++
+++++++++++++++++++++++++++++XX+++++++++++++++++++
++++++++++++++++++++++++++++++++++++++++++++++++++
++++++++++++++++++++++++++++++++++++++++++++++++++
++++++++++++++++++++++++++++++++++++++++++++++++++
++++++++++++++++++++++++++++++++++++++++++++++++++
++++++++++++++++++++++++++++++++++++++++++++++++++
++++++++++++++++++++++++++++++++++++++++++++++++++

++++++++++++++++++++++++++++++++++++++++++++++++++
++++++++++++++++++++++++++++++++++++++++++++++++++
+++++++++++++++++++++++++++XX+++++++++++++++++++++
++++++++++++++++++++++++++X+++X+++++++++++++++++++
++++++++++XX+++++++++++++X+++++X+++XX+++++++++++++
++++++++++XX+++++++++++++X+++X+XX++XX+++++++++++++
+XX+++X++++++XX++++++++++X+++++X++++++++++++++++++
+X+X+++X+++++XXX++++++++++X+++X+++++++++++++++++++
++XXXXX++++++XX++++++++++++XX+++++++++++++++++++++
+++XXX++++XX+++++++++X+X++++++++++++++++++++++++++
++++++++++XX++++++++++XX++++++++++++++++++++++++++
++++++++++++++++++++++X+++++++++++++++++++++++++++
++++++++++++++++++++++++++++++++++++++++++++++++++
++++++++++++++++++++++++++++++++++++++++++++++++++
++++++++++++++++++++++++++++++++++++++++++++++++++
++++++++++++++++++++++++++++++++++++++++++++++++++
+++++++++++++++++++++++++++++X++++++++++++++++++++
++++++++++++++++++++++++++++++XX++++++++++++++++++
+++++++++++++++++++++++++++++XX+++++++++++++++++++
++++++++++++++++++++++++++++++++++++++++++++++++++
++++++++++++++++++++++++++++++++++++++++++++++++++
++++++++++++++++++++++++++++++++++++++++++++++++++
++++++++++++++++++++++++++++++++++++++++++++++++++
++++++++++++++++++++++++++++++++++++++++++++++++++
++++++++++++++++++++++++++++++++++++++++++++++++++

++++++++++++++++++++++++++++++++++++++++++++++++++
++++++++++++++++++++++++++++++++++++++++++++++++++
+++++++++++++++++++++++++++X++++++++++++++++++++++
++++++++++++++++++++++++++XX++++++++++++++++++++++
++++++++++XX+++++++++++++XX++++XX++XX+++++++++++++
++++++++++XXX+++++++++++XXX++++XX++XX+++++++++++++
+XX+++++++++XX+X+++++++++XX++++XX+++++++++++++++++
+X+++++X++++X++X++++++++++XX++++++++++++++++++++++
++++++X+++++XX+X+++++++++++X++++++++++++++++++++++
++X+++X+++XXX++++++++++X++++++++++++++++++++++++++
++++X+++++XX+++++++++X+X++++++++++++++++++++++++++
++++++++++++++++++++++XX++++++++++++++++++++++++++
++++++++++++++++++++++++++++++++++++++++++++++++++
++++++++++++++++++++++++++++++++++++++++++++++++++
++++++++++++++++++++++++++++++++++++++++++++++++++
++++++++++++++++++++++++++++++++++++++++++++++++++
++++++++++++++++++++++++++++++X+++++++++++++++++++
+++++++++++++++++++++++++++++++X++++++++++++++++++
+++++++++++++++++++++++++++++XXX++++++++++++++++++
++++++++++++++++++++++++++++++++++++++++++++++++++
++++++++++++++++++++++++++++++++++++++++++++++++++
++++++++++++++++++++++++++++++++++++++++++++++++++
++++++++++++++++++++++++++++++++++++++++++++++++++
++++++++++++++++++++++++++++++++++++++++++++++++++
++++++++++++++++++++++++++++++++++++++++++++++++++

++++++++++++++++++++++++++++++++++++++++++++++++++
++++++++++++++++++++++++++++++++++++++++++++++++++
++++++++++++++++++++++++++XX++++++++++++++++++++++
+++++++++++++++++++++++++X+X++++++++++++++++++++++
++++++++++X+X+++++++++++X++++++XX++XX+++++++++++++
++++++++++X++X++++++++++X++X++X++X+XX+++++++++++++
+XX++++++++++XX+++++++++X++++++XX+++++++++++++++++
+XX++++++++X+++XX++++++++X+X++++++++++++++++++++++
++++++XX+++++XX+++++++++++XX++++++++++++++++++++++
+++++X++++X++X++++++++X+++++++++++++++++++++++++++
++++++++++X+X++++++++++XX+++++++++++++++++++++++++
++++++++++++++++++++++XX++++++++++++++++++++++++++
++++++++++++++++++++++++++++++++++++++++++++++++++
++++++++++++++++++++++++++++++++++++++++++++++++++
++++++++++++++++++++++++++++++++++++++++++++++++++
++++++++++++++++++++++++++++++++++++++++++++++++++
++++++++++++++++++++++++++++++++++++++++++++++++++
+++++++++++++++++++++++++++++X+X++++++++++++++++++
++++++++++++++++++++++++++++++XX++++++++++++++++++
++++++++++++++++++++++++++++++X+++++++++++++++++++
++++++++++++++++++++++++++++++++++++++++++++++++++
++++++++++++++++++++++++++++++++++++++++++++++++++
++++++++++++++++++++++++++++++++++++++++++++++++++
++++++++++++++++++++++++++++++++++++++++++++++++++
++++++++++++++++++++++++++++++++++++++++++++++++++

++++++++++++++++++++++++++++++++++++++++++++++++++
++++++++++++++++++++++++++++++++++++++++++++++++++
++++++++++++++++++++++++++XX++++++++++++++++++++++
+++++++++++++++++++++++++X+X++++++++++++++++++++++
+++++++++++X++++++++++++XXX++++XX+XXX+++++++++++++
+++++++++++XXXX++++++++XXX++++X++XXXX+++++++++++++
+XX+++++++++XXXX++++++++XXX++++XX+++++++++++++++++
+XX+++++++++X++X+++++++++X+X++++++++++++++++++++++
++++++X+++++XXXX++++++++++XX++++++++++++++++++++++
++++++X++++XXXX++++++++X++++++++++++++++++++++++++
+++++++++++X++++++++++++X+++++++++++++++++++++++++
++++++++++++++++++++++XXX+++++++++++++++++++++++++
++++++++++++++++++++++++++++++++++++++++++++++++++
++++++++++++++++++++++++++++++++++++++++++++++++++
++++++++++++++++++++++++++++++++++++++++++++++++++
++++++++++++++++++++++++++++++++++++++++++++++++++
++++++++++++++++++++++++++++++++++++++++++++++++++
+++++++++++++++++++++++++++++++X++++++++++++++++++
+++++++++++++++++++++++++++++X+X++++++++++++++++++
++++++++++++++++++++++++++++++XX++++++++++++++++++
++++++++++++++++++++++++++++++++++++++++++++++++++
++++++++++++++++++++++++++++++++++++++++++++++++++
++++++++++++++++++++++++++++++++++++++++++++++++++
++++++++++++++++++++++++++++++++++++++++++++++++++
++++++++++++++++++++++++++++++++++++++++++++++++++

++++++++++++++++++++++++++++++++++++++++++++++++++
++++++++++++++++++++++++++++++++++++++++++++++++++
++++++++++++++++++++++++++XX++++++++++++++++++++++
++++++++++++++++++++++++X++X+++++++X++++++++++++++
+++++++++++X+X+++++++++X+++++++XX+++X+++++++++++++
+++++++++++X+++X+++++++X++++++X+++++X+++++++++++++
+XX++++++++++++X+++++++X+++++++XXXXX++++++++++++++
+XX++++++++X++++X+++++++X++X++++++++++++++++++++++
+++++++++++++++X++++++++++XX++++++++++++++++++++++
+++++++++++X+++X++++++++++++++++++++++++++++++++++
+++++++++++X+X++++++++X+X+++++++++++++++++++++++++
+++++++++++++++++++++++XX+++++++++++++++++++++++++
+++++++++++++++++++++++X++++++++++++++++++++++++++
++++++++++++++++++++++++++++++++++++++++++++++++++
++++++++++++++++++++++++++++++++++++++++++++++++++
++++++++++++++++++++++++++++++++++++++++++++++++++
++++++++++++++++++++++++++++++++++++++++++++++++++
++++++++++++++++++++++++++++++X+++++++++++++++++++
+++++++++++++++++++++++++++++++XX+++++++++++++++++
++++++++++++++++++++++++++++++XX++++++++++++++++++
++++++++++++++++++++++++++++++++++++++++++++++++++
++++++++++++++++++++++++++++++++++++++++++++++++++
++++++++++++++++++++++++++++++++++++++++++++++++++
++++++++++++++++++++++++++++++++++++++++++++++++++
++++++++++++++++++++++++++++++++++++++++++++++++++

++++++++++++++++++++++++++++++++++++++++++++++++++
++++++++++++++++++++++++++++++++++++++++++++++++++
++++++++++++++++++++++++++XX++++++++++++++++++++++
++++++++++++++++++++++++++XX++++++++++++++++++++++
++++++++++++X++++++++++XX++++++X+++XX+++++++++++++
++++++++++++X+X+++++++XXX+++++X+++X+X+++++++++++++
+XX++++++++++++XX++++++XX++++++XXXXX++++++++++++++
+XX++++++++++++XX+++++++++XX++++XXX+++++++++++++++
+++++++++++++++XX+++++++++XX++++++++++++++++++++++
++++++++++++X+X+++++++++++++++++++++++++++++++++++
++++++++++++X+++++++++++X+++++++++++++++++++++++++
++++++++++++++++++++++X+X+++++++++++++++++++++++++
+++++++++++++++++++++++XX+++++++++++++++++++++++++
++++++++++++++++++++++++++++++++++++++++++++++++++
++++++++++++++++++++++++++++++++++++++++++++++++++
++++++++++++++++++++++++++++++++++++++++++++++++++
++++++++++++++++++++++++++++++++++++++++++++++++++
+++++++++++++++++++++++++++++++X++++++++++++++++++
++++++++++++++++++++++++++++++++X+++++++++++++++++
++++++++++++++++++++++++++++++XXX+++++++++++++++++
++++++++++++++++++++++++++++++++++++++++++++++++++
++++++++++++++++++++++++++++++++++++++++++++++++++
++++++++++++++++++++++++++++++++++++++++++++++++++
++++++++++++++++++++++++++++++++++++++++++++++++++
++++++++++++++++++++++++++++++++++++++++++++++++++

++++++++++++++++++++++++++++++++++++++++++++++++++
++++++++++++++++++++++++++++++++++++++++++++++++++
++++++++++++++++++++++++++XX++++++++++++++++++++++
+++++++++++++++++++++++++XXX++++++++++++++++++++++
+++++++++++++X++++++++X+XX+++++++++XX+++++++++++++
+++++++++++++X+X++++++X++X++++X+++++X+++++++++++++
+XX+++++++++++X+X+++++X+XX+++++X++++++++++++++++++
+XX+++++++++++X++X+++++++XXX+++X+++X++++++++++++++
++++++++++++++X+X+++++++++XX+++++X++++++++++++++++
+++++++++++++X+X++++++++++++++++++++++++++++++++++
+++++++++++++X+++++++++X++++++++++++++++++++++++++
++++++++++++++++++++++++XX++++++++++++++++++++++++
+++++++++++++++++++++++XX+++++++++++++++++++++++++
++++++++++++++++++++++++++++++++++++++++++++++++++
++++++++++++++++++++++++++++++++++++++++++++++++++
++++++++++++++++++++++++++++++++++++++++++++++++++
++++++++++++++++++++++++++++++++++++++++++++++++++
++++++++++++++++++++++++++++++++++++++++++++++++++
++++++++++++++++++++++++++++++X+X+++++++++++++++++
+++++++++++++++++++++++++++++++XX+++++++++++++++++
+++++++++++++++++++++++++++++++X++++++++++++++++++
++++++++++++++++++++++++++++++++++++++++++++++++++
++++++++++++++++++++++++++++++++++++++++++++++++++
++++++++++++++++++++++++++++++++++++++++++++++++++
++++++++++++++++++++++++++++++++++++++++++++++++++

++++++++++++++++++++++++++++++++++++++++++++++++++
++++++++++++++++++++++++++++++++++++++++++++++++++
+++++++++++++++++++++++++X+X++++++++++++++++++++++
++++++++++++++++++++++++X++X++++++++++++++++++++++
++++++++++++++X++++++++XX++++++++++XX+++++++++++++
+++++++++++++X+X+++++XX+++X++++++++XX+++++++++++++
+XX++++++++++XX+X++++++XX+++++XX++++++++++++++++++
+XX++++++++++XX+XX++++++X++X++++X+++++++++++++++++
+++++++++++++XX+X++++++++X+X++++++++++++++++++++++
+++++++++++++X+X++++++++++++++++++++++++++++++++++
++++++++++++++X+++++++++X+++++++++++++++++++++++++
+++++++++++++++++++++++++X++++++++++++++++++++++++
+++++++++++++++++++++++XXX++++++++++++++++++++++++
++++++++++++++++++++++++++++++++++++++++++++++++++
++++++++++++++++++++++++++++++++++++++++++++++++++
++++++++++++++++++++++++++++++++++++++++++++++++++
++++++++++++++++++++++++++++++++++++++++++++++++++
++++++++++++++++++++++++++++++++++++++++++++++++++
++++++++++++++++++++++++++++++++X+++++++++++++++++
++++++++++++++++++++++++++++++X+X+++++++++++++++++
+++++++++++++++++++++++++++++++XX+++++++++++++++++
++++++++++++++++++++++++++++++++++++++++++++++++++
++++++++++++++++++++++++++++++++++++++++++++++++++
++++++++++++++++++++++++++++++++++++++++++++++++++
++++++++++++++++++++++++++++++++++++++++++++++++++

++++++++++++++++++++++++++++++++++++++++++++++++++
++++++++++++++++++++++++++++++++++++++++++++++++++
++++++++++++++++++++++++++X+++++++++++++++++++++++
+++++++++++++++++++++++XXXX+++++++++++++++++++++++
++++++++++++++X+++++++XXXX+++++++++XX+++++++++++++
+++++++++++++X+X++++++X++X+++++++++XX+++++++++++++
+XX+++++++++X+++XX++++XXXX+++++X++++++++++++++++++
+XX+++++++++X+++XX+++++XXXX++++X++++++++++++++++++
++++++++++++X+++XX++++++++X+++++++++++++++++++++++
+++++++++++++X+X++++++++++++++++++++++++++++++++++
++++++++++++++X+++++++++++++++++++++++++++++++++++
+++++++++++++++++++++++X+X++++++++++++++++++++++++
++++++++++++++++++++++++XX++++++++++++++++++++++++
++++++++++++++++++++++++X+++++++++++++++++++++++++
++++++++++++++++++++++++++++++++++++++++++++++++++
++++++++++++++++++++++++++++++++++++++++++++++++++
++++++++++++++++++++++++++++++++++++++++++++++++++
++++++++++++++++++++++++++++++++++++++++++++++++++
+++++++++++++++++++++++++++++++X++++++++++++++++++
++++++++++++++++++++++++++++++++XX++++++++++++++++
+++++++++++++++++++++++++++++++XX+++++++++++++++++
++++++++++++++++++++++++++++++++++++++++++++++++++
++++++++++++++++++++++++++++++++++++++++++++++++++
++++++++++++++++++++++++++++++++++++++++++++++++++
++++++++++++++++++++++++++++++++++++++++++++++++++

++++++++++++++++++++++++++++++++++++++++++++++++++
++++++++++++++++++++++++++++++++++++++++++++++++++
++++++++++++++++++++++++X+X+++++++++++++++++++++++
++++++++++++++++++++++X+++X+++++++++++++++++++++++
++++++++++++++X+++++++X++++++++++++XX+++++++++++++
+++++++++++++XXXX++++X++++X++++++++XX+++++++++++++
+XX+++++++++XX+X+X++++X+++++++++++++++++++++++++++
+XX++++++++XXX+X++X+++X+++X+++++++++++++++++++++++
++++++++++++XX+X+X++++++X+X+++++++++++++++++++++++
+++++++++++++XXXX+++++++++++++++++++++++++++++++++
++++++++++++++X+++++++++++++++++++++++++++++++++++
+++++++++++++++++++++++++X++++++++++++++++++++++++
+++++++++++++++++++++++X+X++++++++++++++++++++++++
++++++++++++++++++++++++XX++++++++++++++++++++++++
++++++++++++++++++++++++++++++++++++++++++++++++++
++++++++++++++++++++++++++++++++++++++++++++++++++
++++++++++++++++++++++++++++++++++++++++++++++++++
++++++++++++++++++++++++++++++++++++++++++++++++++
++++++++++++++++++++++++++++++++X+++++++++++++++++
+++++++++++++++++++++++++++++++++X++++++++++++++++
+++++++++++++++++++++++++++++++XXX++++++++++++++++
++++++++++++++++++++++++++++++++++++++++++++++++++
++++++++++++++++++++++++++++++++++++++++++++++++++
++++++++++++++++++++++++++++++++++++++++++++++++++
++++++++++++++++++++++++++++++++++++++++++++++++++

++++++++++++++++++++++++++++++++++++++++++++++++++
++++++++++++++++++++++++++++++++++++++++++++++++++
+++++++++++++++++++++++++X++++++++++++++++++++++++
+++++++++++++++++++++++X+X++++++++++++++++++++++++
+++++++++++++XX++++++XX++++++++++++XX+++++++++++++
++++++++++++X+++X++++XX++++++++++++XX+++++++++++++
+XX++++++++X+++++X+++XX+++++++++++++++++++++++++++
+XX++++++++X+++X+XX++++X+X++++++++++++++++++++++++
+++++++++++X+++++X+++++++X++++++++++++++++++++++++
++++++++++++X+++X+++++++++++++++++++++++++++++++++
+++++++++++++XX+++++++++++++++++++++++++++++++++++
++++++++++++++++++++++++X+++++++++++++++++++++++++
+++++++++++++++++++++++++XX+++++++++++++++++++++++
++++++++++++++++++++++++XX++++++++++++++++++++++++
++++++++++++++++++++++++++++++++++++++++++++++++++
++++++++++++++++++++++++++++++++++++++++++++++++++
++++++++++++++++++++++++++++++++++++++++++++++++++
++++++++++++++++++++++++++++++++++++++++++++++++++
++++++++++++++++++++++++++++++++++++++++++++++++++
+++++++++++++++++++++++++++++++X+X++++++++++++++++
++++++++++++++++++++++++++++++++XX++++++++++++++++
++++++++++++++++++++++++++++++++X+++++++++++++++++
++++++++++++++++++++++++++++++++++++++++++++++++++
++++++++++++++++++++++++++++++++++++++++++++++++++
++++++++++++++++++++++++++++++++++++++++++++++++++

++++++++++++++++++++++++++++++++++++++++++++++++++
++++++++++++++++++++++++++++++++++++++++++++++++++
++++++++++++++++++++++++X+++++++++++++++++++++++++
++++++++++++++++++++++X+X+++++++++++++++++++++++++
+++++++++++++X+++++++X+X+++++++++++XX+++++++++++++
++++++++++++XX++++++X++X+++++++++++XX+++++++++++++
+XX++++++++XX++++XX++X+X++++++++++++++++++++++++++
+XX+++++++XXX++++XX+++X+X+++++++++++++++++++++++++
+++++++++++XX++++XX+++++X+++++++++++++++++++++++++
++++++++++++XX++++++++++++++++++++++++++++++++++++
+++++++++++++X++++++++++++++++++++++++++++++++++++
+++++++++++++++++++++++++X++++++++++++++++++++++++
++++++++++++++++++++++++++X+++++++++++++++++++++++
++++++++++++++++++++++++XXX+++++++++++++++++++++++
++++++++++++++++++++++++++++++++++++++++++++++++++
++++++++++++++++++++++++++++++++++++++++++++++++++
++++++++++++++++++++++++++++++++++++++++++++++++++
++++++++++++++++++++++++++++++++++++++++++++++++++
++++++++++++++++++++++++++++++++++++++++++++++++++
+++++++++++++++++++++++++++++++++X++++++++++++++++
+++++++++++++++++++++++++++++++X+X++++++++++++++++
++++++++++++++++++++++++++++++++XX++++++++++++++++
++++++++++++++++++++++++++++++++++++++++++++++++++
++++++++++++++++++++++++++++++++++++++++++++++++++
++++++++++++++++++++++++++++++++++++++++++++++++++

++++++++++++++++++++++++++++++++++++++++++++++++++
++++++++++++++++++++++++++++++++++++++++++++++++++
+++++++++++++++++++++++X++++++++++++++++++++++++++
++++++++++++++++++++++X+X+++++++++++++++++++++++++
++++++++++++XX+++++++X+XX++++++++++XX+++++++++++++
+++++++++++X+X++++++XX+XX++++++++++XX+++++++++++++
+XX+++++++X++++++XXX+X+XX+++++++++++++++++++++++++
+XX+++++++X++X++X++X++X+X+++++++++++++++++++++++++
++++++++++X++++++XX++++X++++++++++++++++++++++++++
+++++++++++X+X++++++++++++++++++++++++++++++++++++
++++++++++++XX++++++++++++++++++++++++++++++++++++
++++++++++++++++++++++++++++++++++++++++++++++++++
++++++++++++++++++++++++X+X+++++++++++++++++++++++
+++++++++++++++++++++++++XX+++++++++++++++++++++++
+++++++++++++++++++++++++X++++++++++++++++++++++++
++++++++++++++++++++++++++++++++++++++++++++++++++
++++++++++++++++++++++++++++++++++++++++++++++++++
++++++++++++++++++++++++++++++++++++++++++++++++++
++++++++++++++++++++++++++++++++++++++++++++++++++
++++++++++++++++++++++++++++++++X+++++++++++++++++
+++++++++++++++++++++++++++++++++XX+++++++++++++++
++++++++++++++++++++++++++++++++XX++++++++++++++++
++++++++++++++++++++++++++++++++++++++++++++++++++
++++++++++++++++++++++++++++++++++++++++++++++++++
++++++++++++++++++++++++++++++++++++++++++++++++++

++++++++++++++++++++++++++++++++++++++++++++++++++
++++++++++++++++++++++++++++++++++++++++++++++++++
+++++++++++++++++++++++X++++++++++++++++++++++++++
++++++++++++++++++++++X+X+++++++++++++++++++++++++
++++++++++++XX++++++XX+++X+++++++++XX+++++++++++++
+++++++++++X+X++++XX+X+++X+++++++++XX+++++++++++++
+XX+++++++XXX++++XXX+X+++X++++++++++++++++++++++++
+XX++++++XXX++++X++XX+X+X+++++++++++++++++++++++++
++++++++++XXX++++XX++++X++++++++++++++++++++++++++
+++++++++++X+X++++++++++++++++++++++++++++++++++++
++++++++++++XX++++++++++++++++++++++++++++++++++++
++++++++++++++++++++++++++++++++++++++++++++++++++
++++++++++++++++++++++++++X+++++++++++++++++++++++
++++++++++++++++++++++++X+X+++++++++++++++++++++++
+++++++++++++++++++++++++XX+++++++++++++++++++++++
++++++++++++++++++++++++++++++++++++++++++++++++++
++++++++++++++++++++++++++++++++++++++++++++++++++
++++++++++++++++++++++++++++++++++++++++++++++++++
++++++++++++++++++++++++++++++++++++++++++++++++++
+++++++++++++++++++++++++++++++++X++++++++++++++++
++++++++++++++++++++++++++++++++++X+++++++++++++++
++++++++++++++++++++++++++++++++XXX+++++++++++++++
++++++++++++++++++++++++++++++++++++++++++++++++++
++++++++++++++++++++++++++++++++++++++++++++++++++
++++++++++++++++++++++++++++++++++++++++++++++++++

++++++++++++++++++++++++++++++++++++++++++++++++++
++++++++++++++++++++++++++++++++++++++++++++++++++
+++++++++++++++++++++++X++++++++++++++++++++++++++
+++++++++++++++++++++XXXX+++++++++++++++++++++++++
++++++++++++XX+++++XXXX+XX+++++++++XX+++++++++++++
++++++++++X++X+++X+++XX+XXX++++++++XX+++++++++++++
+XX++++++X+++++++X+++XX+XX++++++++++++++++++++++++
+XX++++++X++++++X+++XXXXX+++++++++++++++++++++++++
+++++++++X+++++++XXX+++X++++++++++++++++++++++++++
++++++++++X++X++++++++++++++++++++++++++++++++++++
++++++++++++XX++++++++++++++++++++++++++++++++++++
++++++++++++++++++++++++++++++++++++++++++++++++++
+++++++++++++++++++++++++X++++++++++++++++++++++++
++++++++++++++++++++++++++XX++++++++++++++++++++++
+++++++++++++++++++++++++XX+++++++++++++++++++++++
++++++++++++++++++++++++++++++++++++++++++++++++++
++++++++++++++++++++++++++++++++++++++++++++++++++
++++++++++++++++++++++++++++++++++++++++++++++++++
++++++++++++++++++++++++++++++++++++++++++++++++++
++++++++++++++++++++++++++++++++++++++++++++++++++
++++++++++++++++++++++++++++++++X+X+++++++++++++++
+++++++++++++++++++++++++++++++++XX+++++++++++++++
+++++++++++++++++++++++++++++++++X++++++++++++++++
++++++++++++++++++++++++++++++++++++++++++++++++++
++++++++++++++++++++++++++++++++++++++++++++++++++

++++++++++++++++++++++++++++++++++++++++++++++++++
++++++++++++++++++++++++++++++++++++++++++++++++++
+++++++++++++++++++++++XX+++++++++++++++++++++++++
+++++++++++++++++++++++++X++++++++++++++++++++++++
++++++++++++XX++++++++++++X++++++++XX+++++++++++++
++++++++++++XX++++X+++++++X++++++++XX+++++++++++++
+XX++++++XX+++++XX++++++++X+++++++++++++++++++++++
+XX+++++XXX+++++X++XX++++X++++++++++++++++++++++++
+++++++++XX++++++XXXXX+XX+++++++++++++++++++++++++
++++++++++++XX++++X+++++++++++++++++++++++++++++++
++++++++++++XX++++++++++++++++++++++++++++++++++++
++++++++++++++++++++++++++++++++++++++++++++++++++
++++++++++++++++++++++++++X+++++++++++++++++++++++
+++++++++++++++++++++++++++X++++++++++++++++++++++
+++++++++++++++++++++++++XXX++++++++++++++++++++++
++++++++++++++++++++++++++++++++++++++++++++++++++
++++++++++++++++++++++++++++++++++++++++++++++++++
++++++++++++++++++++++++++++++++++++++++++++++++++
++++++++++++++++++++++++++++++++++++++++++++++++++
++++++++++++++++++++++++++++++++++++++++++++++++++
++++++++++++++++++++++++++++++++++X+++++++++++++++
++++++++++++++++++++++++++++++++X+X+++++++++++++++
+++++++++++++++++++++++++++++++++XX+++++++++++++++
++++++++++++++++++++++++++++++++++++++++++++++++++
++++++++++++++++++++++++++++++++++++++++++++++++++

++++++++++++++++++++++++++++++++++++++++++++++++++
++++++++++++++++++++++++++++++++++++++++++++++++++
++++++++++++++++++++++++X+++++++++++++++++++++++++
++++++++++++++++++++++++XX++++++++++++++++++++++++
++++++++++++XX+++++++++++XX++++++++XX+++++++++++++
+++++++++++XXX+++X+++++++XXX+++++++XX+++++++++++++
+XX+++++X+XX++++XXXX+++++XX+++++++++++++++++++++++
+XX+++++X++X++++X++++X++XX++++++++++++++++++++++++
++++++++X+XX+++++X+++X++X+++++++++++++++++++++++++
+++++++++++XXX+++XX+X+++++++++++++++++++++++++++++
++++++++++++XX++++++++++++++++++++++++++++++++++++
++++++++++++++++++++++++++++++++++++++++++++++++++
++++++++++++++++++++++++++++++++++++++++++++++++++
+++++++++++++++++++++++++X+X++++++++++++++++++++++
++++++++++++++++++++++++++XX++++++++++++++++++++++
++++++++++++++++++++++++++X+++++++++++++++++++++++
++++++++++++++++++++++++++++++++++++++++++++++++++
++++++++++++++++++++++++++++++++++++++++++++++++++
++++++++++++++++++++++++++++++++++++++++++++++++++
++++++++++++++++++++++++++++++++++++++++++++++++++
+++++++++++++++++++++++++++++++++X++++++++++++++++
++++++++++++++++++++++++++++++++++XX++++++++++++++
+++++++++++++++++++++++++++++++++XX+++++++++++++++
++++++++++++++++++++++++++++++++++++++++++++++++++
++++++++++++++++++++++++++++++++++++++++++++++++++

++++++++++++++++++++++++++++++++++++++++++++++++++
++++++++++++++++++++++++++++++++++++++++++++++++++
++++++++++++++++++++++++XX++++++++++++++++++++++++
++++++++++++++++++++++++X+X+++++++++++++++++++++++
+++++++++++X+X+++++++++++++X+++++++XX+++++++++++++
++++++++++X++X++XX++++++X++X+++++++XX+++++++++++++
+XX++++++XX+++++X+X++++++++X++++++++++++++++++++++
+XX++++XX+++X+++X+++X+++X+X+++++++++++++++++++++++
+++++++++XX+++++XXX+XX++XX++++++++++++++++++++++++
++++++++++X++X+++XX+++++++++++++++++++++++++++++++
+++++++++++X+X++++++++++++++++++++++++++++++++++++
++++++++++++++++++++++++++++++++++++++++++++++++++
++++++++++++++++++++++++++++++++++++++++++++++++++
+++++++++++++++++++++++++++X++++++++++++++++++++++
+++++++++++++++++++++++++X+X++++++++++++++++++++++
++++++++++++++++++++++++++XX++++++++++++++++++++++
++++++++++++++++++++++++++++++++++++++++++++++++++
++++++++++++++++++++++++++++++++++++++++++++++++++
++++++++++++++++++++++++++++++++++++++++++++++++++
++++++++++++++++++++++++++++++++++++++++++++++++++
++++++++++++++++++++++++++++++++++X+++++++++++++++
+++++++++++++++++++++++++++++++++++X++++++++++++++
+++++++++++++++++++++++++++++++++XXX++++++++++++++
++++++++++++++++++++++++++++++++++++++++++++++++++
++++++++++++++++++++++++++++++++++++++++++++++++++

++++++++++++++++++++++++++++++++++++++++++++++++++
++++++++++++++++++++++++++++++++++++++++++++++++++
++++++++++++++++++++++++XX++++++++++++++++++++++++
++++++++++++++++++++++++X+X+++++++++++++++++++++++
++++++++++++X++++++++++++XXX+++++++XX+++++++++++++
+++++++++XXXX+++XX++++++++XXX++++++XX+++++++++++++
+XX+++++XXXX+++XX++++++++XXX++++++++++++++++++++++
+XX+++++X++X+++XX+X+XX++X+X+++++++++++++++++++++++
++++++++XXXX++++X+X+XX++XX++++++++++++++++++++++++
+++++++++XXXX+++X+XX++++++++++++++++++++++++++++++
++++++++++++X+++++++++++++++++++++++++++++++++++++
++++++++++++++++++++++++++++++++++++++++++++++++++
++++++++++++++++++++++++++++++++++++++++++++++++++
++++++++++++++++++++++++++X+++++++++++++++++++++++
+++++++++++++++++++++++++++XX+++++++++++++++++++++
++++++++++++++++++++++++++XX++++++++++++++++++++++
++++++++++++++++++++++++++++++++++++++++++++++++++
++++++++++++++++++++++++++++++++++++++++++++++++++
++++++++++++++++++++++++++++++++++++++++++++++++++
++++++++++++++++++++++++++++++++++++++++++++++++++
++++++++++++++++++++++++++++++++++++++++++++++++++
+++++++++++++++++++++++++++++++++X+X++++++++++++++
++++++++++++++++++++++++++++++++++XX++++++++++++++
++++++++++++++++++++++++++++++++++X+++++++++++++++
++++++++++++++++++++++++++++++++++++++++++++++++++

++++++++++++++++++++++++++++++++++++++++++++++++++
++++++++++++++++++++++++++++++++++++++++++++++++++
++++++++++++++++++++++++XX++++++++++++++++++++++++
++++++++++++++++++++++++X++X++++++++++++++++++++++
++++++++++X+X+++++++++++++++X++++++XX+++++++++++++
++++++++X+++X++XXX++++++++++X++++++XX+++++++++++++
+XX+++++X+++++++++++++++++++X+++++++++++++++++++++
+XX++++X++++X+++++++XX++X++X++++++++++++++++++++++
++++++++X+++++++X+X++X++XX++++++++++++++++++++++++
++++++++X+++X+++++XXX+++++++++++++++++++++++++++++
++++++++++X+X+++++++++++++++++++++++++++++++++++++
++++++++++++++++++++++++++++++++++++++++++++++++++
++++++++++++++++++++++++++++++++++++++++++++++++++
+++++++++++++++++++++++++++X++++++++++++++++++++++
++++++++++++++++++++++++++++X+++++++++++++++++++++
++++++++++++++++++++++++++XXX+++++++++++++++++++++
++++++++++++++++++++++++++++++++++++++++++++++++++
++++++++++++++++++++++++++++++++++++++++++++++++++
++++++++++++++++++++++++++++++++++++++++++++++++++
++++++++++++++++++++++++++++++++++++++++++++++++++
++++++++++++++++++++++++++++++++++++++++++++++++++
+++++++++++++++++++++++++++++++++++X++++++++++++++
+++++++++++++++++++++++++++++++++X+X++++++++++++++
++++++++++++++++++++++++++++++++++XX++++++++++++++
++++++++++++++++++++++++++++++++++++++++++++++++++

++++++++++++++++++++++++++++++++++++++++++++++++++
++++++++++++++++++++++++++++++++++++++++++++++++++
++++++++++++++++++++++++XX++++++++++++++++++++++++
++++++++++++++++++++++++XX++++++++++++++++++++++++
+++++++++++X++++X++++++++++XX++++++XX+++++++++++++
+++++++++X+X++++X++++++++++XXX+++++XX+++++++++++++
+XX++++XX+++++++X++++++++++XX+++++++++++++++++++++
+XX++++XX+++++++++++XX++XX++++++++++++++++++++++++
+++++++XX++++++++XX++X++XX++++++++++++++++++++++++
+++++++++X+X+++++XXXX+++++++++++++++++++++++++++++
+++++++++++X+++++++X++++++++++++++++++++++++++++++
++++++++++++++++++++++++++++++++++++++++++++++++++
++++++++++++++++++++++++++++++++++++++++++++++++++
++++++++++++++++++++++++++++++++++++++++++++++++++
++++++++++++++++++++++++++X+X+++++++++++++++++++++
+++++++++++++++++++++++++++XX+++++++++++++++++++++
+++++++++++++++++++++++++++X++++++++++++++++++++++
++++++++++++++++++++++++++++++++++++++++++++++++++
++++++++++++++++++++++++++++++++++++++++++++++++++
++++++++++++++++++++++++++++++++++++++++++++++++++
++++++++++++++++++++++++++++++++++++++++++++++++++
++++++++++++++++++++++++++++++++++X+++++++++++++++
+++++++++++++++++++++++++++++++++++XX+++++++++++++
++++++++++++++++++++++++++++++++++XX++++++++++++++
++++++++++++++++++++++++++++++++++++++++++++++++++

++++++++++++++++++++++++++++++++++++++++++++++++++
++++++++++++++++++++++++++++++++++++++++++++++++++
++++++++++++++++++++++++XX++++++++++++++++++++++++
++++++++++++++++++++++++XXX+++++++++++++++++++++++
++++++++++X+++++++++++++++XX+X+++++XX+++++++++++++
++++++++X+X++++XXX++++++++X++X+++++XX+++++++++++++
+XX++++X+X++++++++++++++++XX+X++++++++++++++++++++
+XX+++X++X+++++++X++XX++XXX+++++++++++++++++++++++
+++++++X+X+++++++X+++X++XX++++++++++++++++++++++++
++++++++X+X++++++X++X+++++++++++++++++++++++++++++
++++++++++X++++++++XX+++++++++++++++++++++++++++++
++++++++++++++++++++++++++++++++++++++++++++++++++
++++++++++++++++++++++++++++++++++++++++++++++++++
++++++++++++++++++++++++++++++++++++++++++++++++++
++++++++++++++++++++++++++++X+++++++++++++++++++++
++++++++++++++++++++++++++X+X+++++++++++++++++++++
+++++++++++++++++++++++++++XX+++++++++++++++++++++
++++++++++++++++++++++++++++++++++++++++++++++++++
++++++++++++++++++++++++++++++++++++++++++++++++++
++++++++++++++++++++++++++++++++++++++++++++++++++
++++++++++++++++++++++++++++++++++++++++++++++++++
+++++++++++++++++++++++++++++++++++X++++++++++++++
++++++++++++++++++++++++++++++++++++X+++++++++++++
++++++++++++++++++++++++++++++++++XXX+++++++++++++
++++++++++++++++++++++++++++++++++++++++++++++++++

++++++++++++++++++++++++++++++++++++++++++++++++++
++++++++++++++++++++++++++++++++++++++++++++++++++
++++++++++++++++++++++++X+X+++++++++++++++++++++++
++++++++++++++++++++++++X++X++++++++++++++++++++++
+++++++++X++++++X++++++++++XX++++++XX+++++++++++++
++++++++X+X+++++X++++++++X+++XX++++XX+++++++++++++
+XX++++X+XX++++++X+++++++++XX+++++++++++++++++++++
+XX+++XX+XX+++++++++XX++X++X++++++++++++++++++++++
+++++++X+XX+++++XXX++X++X+X+++++++++++++++++++++++
++++++++X+X+++++++XXXX++++++++++++++++++++++++++++
+++++++++X+++++++++XX+++++++++++++++++++++++++++++
++++++++++++++++++++++++++++++++++++++++++++++++++
++++++++++++++++++++++++++++++++++++++++++++++++++
++++++++++++++++++++++++++++++++++++++++++++++++++
+++++++++++++++++++++++++++X++++++++++++++++++++++
++++++++++++++++++++++++++++XX++++++++++++++++++++
+++++++++++++++++++++++++++XX+++++++++++++++++++++
++++++++++++++++++++++++++++++++++++++++++++++++++
++++++++++++++++++++++++++++++++++++++++++++++++++
++++++++++++++++++++++++++++++++++++++++++++++++++
++++++++++++++++++++++++++++++++++++++++++++++++++
++++++++++++++++++++++++++++++++++++++++++++++++++
++++++++++++++++++++++++++++++++++X+X+++++++++++++
+++++++++++++++++++++++++++++++++++XX+++++++++++++
+++++++++++++++++++++++++++++++++++X++++++++++++++

++++++++++++++++++++++++++++++++++++++++++++++++++
++++++++++++++++++++++++++++++++++++++++++++++++++
+++++++++++++++++++++++++X++++++++++++++++++++++++
+++++++++++++++++++++++++XXXX+++++++++++++++++++++
+++++++++X++++++++++++++++XXXX+++++XX+++++++++++++
++++++++X+X+++++XX++++++++X++X+++++XX+++++++++++++
+XX+++XX+++X++++++++++++++XXXX++++++++++++++++++++
+XX+++XX+++X++++X+X+XX+++XXXX+++++++++++++++++++++
++++++XX+++X+++++XX+++X++X++++++++++++++++++++++++
++++++++X+X++++++++++X++++++++++++++++++++++++++++
+++++++++X++++++++X++X++++++++++++++++++++++++++++
++++++++++++++++++++++++++++++++++++++++++++++++++
++++++++++++++++++++++++++++++++++++++++++++++++++
++++++++++++++++++++++++++++++++++++++++++++++++++
++++++++++++++++++++++++++++X+++++++++++++++++++++
+++++++++++++++++++++++++++++X++++++++++++++++++++
+++++++++++++++++++++++++++XXX++++++++++++++++++++
++++++++++++++++++++++++++++++++++++++++++++++++++
++++++++++++++++++++++++++++++++++++++++++++++++++
++++++++++++++++++++++++++++++++++++++++++++++++++
++++++++++++++++++++++++++++++++++++++++++++++++++
++++++++++++++++++++++++++++++++++++++++++++++++++
++++++++++++++++++++++++++++++++++++X+++++++++++++
++++++++++++++++++++++++++++++++++X+X+++++++++++++
+++++++++++++++++++++++++++++++++++XX+++++++++++++

++++++++++++++++++++++++++++++++++++++++++++++++++
++++++++++++++++++++++++++++++++++++++++++++++++++
+++++++++++++++++++++++++X+X++++++++++++++++++++++
+++++++++++++++++++++++++X+++X++++++++++++++++++++
+++++++++X+++++++++++++++++++X+++++XX+++++++++++++
+++++++XXXX++++++++++++++X++++X++++XX+++++++++++++
+XX+++X+X+XX++++X++++++++++++X++++++++++++++++++++
+XX++X++X+XXX+++++XX+X+++X+++X++++++++++++++++++++
++++++X+X+XX+++++XXXX+X++X+X++++++++++++++++++++++
+++++++XXXX++++++XX++XX+++++++++++++++++++++++++++
+++++++++X++++++++++++++++++++++++++++++++++++++++
++++++++++++++++++++++++++++++++++++++++++++++++++
++++++++++++++++++++++++++++++++++++++++++++++++++
++++++++++++++++++++++++++++++++++++++++++++++++++
++++++++++++++++++++++++++++++++++++++++++++++++++
+++++++++++++++++++++++++++X+X++++++++++++++++++++
++++++++++++++++++++++++++++XX++++++++++++++++++++
++++++++++++++++++++++++++++X+++++++++++++++++++++
++++++++++++++++++++++++++++++++++++++++++++++++++
++++++++++++++++++++++++++++++++++++++++++++++++++
++++++++++++++++++++++++++++++++++++++++++++++++++
++++++++++++++++++++++++++++++++++++++++++++++++++
+++++++++++++++++++++++++++++++++++X++++++++++++++
++++++++++++++++++++++++++++++++++++XX++++++++++++
+++++++++++++++++++++++++++++++++++XX+++++++++++++

++++++++++++++++++++++++++++++++++++++++++++++++++
++++++++++++++++++++++++++++++++++++++++++++++++++
++++++++++++++++++++++++++X+++++++++++++++++++++++
++++++++++++++++++++++++++X+X+++++++++++++++++++++
+++++++++XX++++++++++++++++++XX++++XX+++++++++++++
+++++++X+++X+++++++++++++++++XX++++XX+++++++++++++
+XX+++X+++++X++++++++++++++++XX+++++++++++++++++++
+XX++XX+X+++X++++++++X++++X+X+++++++++++++++++++++
++++++X+++++X+++++++++X+++X+++++++++++++++++++++++
+++++++X+++X+++++X++XXX+++++++++++++++++++++++++++
+++++++++XX+++++++++++++++++++++++++++++++++++++++
++++++++++++++++++++++++++++++++++++++++++++++++++
++++++++++++++++++++++++++++++++++++++++++++++++++
++++++++++++++++++++++++++++++++++++++++++++++++++
++++++++++++++++++++++++++++++++++++++++++++++++++
+++++++++++++++++++++++++++++X++++++++++++++++++++
+++++++++++++++++++++++++++X+X++++++++++++++++++++
++++++++++++++++++++++++++++XX++++++++++++++++++++
++++++++++++++++++++++++++++++++++++++++++++++++++
++++++++++++++++++++++++++++++++++++++++++++++++++
++++++++++++++++++++++++++++++++++++++++++++++++++
++++++++++++++++++++++++++++++++++++++++++++++++++
++++++++++++++++++++++++++++++++++++X+++++++++++++
+++++++++++++++++++++++++++++++++++++X++++++++++++
+++++++++++++++++++++++++++++++++++XXX++++++++++++

