+++++++++++++++++++++++++
+++++++++++++++++++++++++
+++++++++X+++++++++++++++
++++++++++X++++++++++++++
++++++++XXX++++++++++++++
++++X++++++++++++++++++++
+++++X+++++++++++++++++++
+++XXX+++++++++++++++++++
+++++++++++++++++++++++++
+++++++++++++++++++++++++
+++X+++++++++++++++++++++
++++X++++++++++++++++++++
++XXX++++++++++++++++++++
++++++++++++++++++XX+++++
+++++++++++++++++X++X++++
++++++++++++++++++XX+++++
+++++++++++++++++++++++++
+++++++++++++++++++++++++
+++++++++++++++++++++++++
+++++++++++++++++++++++++
+++++++++++++++++++++++++
+++++++++++++++++++++++++
+++++++++++++++++++++++++
+++++++++++++++++++++++++
+++++++++++++++++++++++++

+++++++++++++++++++++++++
+++++++++++++++++++++++++
+++++++++++++++++++++++++
++++++++X+X++++++++++++++
+++++++++XX++++++++++++++
+++++++++X+++++++++++++++
+++X+X+++++++++++++++++++
++++XX+++++++++++++++++++
++++X++++++++++++++++++++
+++++++++++++++++++++++++
+++++++++++++++++++++++++
++X+X++++++++++++++++++++
+++XX++++++++++++++++++++
+++X++++++++++++++XX+++++
+++++++++++++++++X++X++++
++++++++++++++++++XX+++++
+++++++++++++++++++++++++
+++++++++++++++++++++++++
+++++++++++++++++++++++++
+++++++++++++++++++++++++
+++++++++++++++++++++++++
+++++++++++++++++++++++++
+++++++++++++++++++++++++
+++++++++++++++++++++++++
+++++++++++++++++++++++++

+++++++++++++++++++++++++
+++++++++++++++++++++++++
+++++++++++++++++++++++++
++++++++++X++++++++++++++
++++++++X+X++++++++++++++
+++++++++XX++++++++++++++
+++++X+++++++++++++++++++
+++X+X+++++++++++++++++++
++++XX+++++++++++++++++++
+++++++++++++++++++++++++
+++++++++++++++++++++++++
++++X++++++++++++++++++++
++X+X++++++++++++++++++++
+++XX+++++++++++++XX+++++
+++++++++++++++++X++X++++
++++++++++++++++++XX+++++
+++++++++++++++++++++++++
+++++++++++++++++++++++++
+++++++++++++++++++++++++
+++++++++++++++++++++++++
+++++++++++++++++++++++++
+++++++++++++++++++++++++
+++++++++++++++++++++++++
+++++++++++++++++++++++++
+++++++++++++++++++++++++

+++++++++++++++++++++++++
+++++++++++++++++++++++++
+++++++++++++++++++++++++
+++++++++X+++++++++++++++
++++++++++XX+++++++++++++
+++++++++XX++++++++++++++
++++X++++++++++++++++++++
+++++XX++++++++++++++++++
++++XX+++++++++++++++++++
+++++++++++++++++++++++++
+++++++++++++++++++++++++
+++X+++++++++++++++++++++
++++XX+++++++++++++++++++
+++XX+++++++++++++XX+++++
+++++++++++++++++X++X++++
++++++++++++++++++XX+++++
+++++++++++++++++++++++++
+++++++++++++++++++++++++
+++++++++++++++++++++++++
+++++++++++++++++++++++++
+++++++++++++++++++++++++
+++++++++++++++++++++++++
+++++++++++++++++++++++++
+++++++++++++++++++++++++
+++++++++++++++++++++++++

+++++++++++++++++++++++++
+++++++++++++++++++++++++
+++++++++++++++++++++++++
++++++++++X++++++++++++++
+++++++++++X+++++++++++++
+++++++++XXX+++++++++++++
+++++X+++++++++++++++++++
++++++X++++++++++++++++++
++++XXX++++++++++++++++++
+++++++++++++++++++++++++
+++++++++++++++++++++++++
++++X++++++++++++++++++++
+++++X+++++++++++++++++++
+++XXX++++++++++++XX+++++
+++++++++++++++++X++X++++
++++++++++++++++++XX+++++
+++++++++++++++++++++++++
+++++++++++++++++++++++++
+++++++++++++++++++++++++
+++++++++++++++++++++++++
+++++++++++++++++++++++++
+++++++++++++++++++++++++
+++++++++++++++++++++++++
+++++++++++++++++++++++++
+++++++++++++++++++++++++

+++++++++++++++++++++++++
+++++++++++++++++++++++++
+++++++++++++++++++++++++
+++++++++++++++++++++++++
+++++++++X+X+++++++++++++
++++++++++XX+++++++++++++
++++++++++X++++++++++++++
++++X+X++++++++++++++++++
+++++XX++++++++++++++++++
+++++X+++++++++++++++++++
+++++++++++++++++++++++++
+++++++++++++++++++++++++
+++X+X+++++++++++++++++++
++++XX++++++++++++XX+++++
++++X++++++++++++X++X++++
++++++++++++++++++XX+++++
+++++++++++++++++++++++++
+++++++++++++++++++++++++
+++++++++++++++++++++++++
+++++++++++++++++++++++++
+++++++++++++++++++++++++
+++++++++++++++++++++++++
+++++++++++++++++++++++++
+++++++++++++++++++++++++
+++++++++++++++++++++++++

+++++++++++++++++++++++++
+++++++++++++++++++++++++
+++++++++++++++++++++++++
+++++++++++++++++++++++++
+++++++++++X+++++++++++++
+++++++++X+X+++++++++++++
++++++++++XX+++++++++++++
++++++X++++++++++++++++++
++++X+X++++++++++++++++++
+++++XX++++++++++++++++++
+++++++++++++++++++++++++
+++++++++++++++++++++++++
+++++X+++++++++++++++++++
+++X+X++++++++++++XX+++++
++++XX+++++++++++X++X++++
++++++++++++++++++XX+++++
+++++++++++++++++++++++++
+++++++++++++++++++++++++
+++++++++++++++++++++++++
+++++++++++++++++++++++++
+++++++++++++++++++++++++
+++++++++++++++++++++++++
+++++++++++++++++++++++++
+++++++++++++++++++++++++
+++++++++++++++++++++++++

+++++++++++++++++++++++++
+++++++++++++++++++++++++
+++++++++++++++++++++++++
+++++++++++++++++++++++++
++++++++++X++++++++++++++
+++++++++++XX++++++++++++
++++++++++XX+++++++++++++
+++++X+++++++++++++++++++
++++++XX+++++++++++++++++
+++++XX++++++++++++++++++
+++++++++++++++++++++++++
+++++++++++++++++++++++++
++++X++++++++++++++++++++
+++++XX+++++++++++XX+++++
++++XX+++++++++++X++X++++
++++++++++++++++++XX+++++
+++++++++++++++++++++++++
+++++++++++++++++++++++++
+++++++++++++++++++++++++
+++++++++++++++++++++++++
+++++++++++++++++++++++++
+++++++++++++++++++++++++
+++++++++++++++++++++++++
+++++++++++++++++++++++++
+++++++++++++++++++++++++

+++++++++++++++++++++++++
+++++++++++++++++++++++++
+++++++++++++++++++++++++
+++++++++++++++++++++++++
+++++++++++X+++++++++++++
++++++++++++X++++++++++++
++++++++++XXX++++++++++++
++++++X++++++++++++++++++
+++++++X+++++++++++++++++
+++++XXX+++++++++++++++++
+++++++++++++++++++++++++
+++++++++++++++++++++++++
+++++X+++++++++++++++++++
++++++X+++++++++++XX+++++
++++XXX++++++++++X++X++++
++++++++++++++++++XX+++++
+++++++++++++++++++++++++
+++++++++++++++++++++++++
+++++++++++++++++++++++++
+++++++++++++++++++++++++
+++++++++++++++++++++++++
+++++++++++++++++++++++++
+++++++++++++++++++++++++
+++++++++++++++++++++++++
+++++++++++++++++++++++++

+++++++++++++++++++++++++
+++++++++++++++++++++++++
+++++++++++++++++++++++++
+++++++++++++++++++++++++
+++++++++++++++++++++++++
++++++++++X+X++++++++++++
+++++++++++XX++++++++++++
+++++++++++X+++++++++++++
+++++X+X+++++++++++++++++
++++++XX+++++++++++++++++
++++++X++++++++++++++++++
+++++++++++++++++++++++++
+++++++++++++++++++++++++
++++X+X+++++++++++XX+++++
+++++XX++++++++++X++X++++
+++++X++++++++++++XX+++++
+++++++++++++++++++++++++
+++++++++++++++++++++++++
+++++++++++++++++++++++++
+++++++++++++++++++++++++
+++++++++++++++++++++++++
+++++++++++++++++++++++++
+++++++++++++++++++++++++
+++++++++++++++++++++++++
+++++++++++++++++++++++++

+++++++++++++++++++++++++
+++++++++++++++++++++++++
+++++++++++++++++++++++++
+++++++++++++++++++++++++
+++++++++++++++++++++++++
++++++++++++X++++++++++++
++++++++++X+X++++++++++++
+++++++++++XX++++++++++++
+++++++X+++++++++++++++++
+++++X+X+++++++++++++++++
++++++XX+++++++++++++++++
+++++++++++++++++++++++++
+++++++++++++++++++++++++
++++++X+++++++++++XX+++++
++++X+X++++++++++X++X++++
+++++XX+++++++++++XX+++++
+++++++++++++++++++++++++
+++++++++++++++++++++++++
+++++++++++++++++++++++++
+++++++++++++++++++++++++
+++++++++++++++++++++++++
+++++++++++++++++++++++++
+++++++++++++++++++++++++
+++++++++++++++++++++++++
+++++++++++++++++++++++++

+++++++++++++++++++++++++
+++++++++++++++++++++++++
+++++++++++++++++++++++++
+++++++++++++++++++++++++
+++++++++++++++++++++++++
+++++++++++X+++++++++++++
++++++++++++XX+++++++++++
+++++++++++XX++++++++++++
++++++X++++++++++++++++++
+++++++XX++++++++++++++++
++++++XX+++++++++++++++++
+++++++++++++++++++++++++
+++++++++++++++++++++++++
+++++X++++++++++++XX+++++
++++++XX+++++++++X++X++++
+++++XX+++++++++++XX+++++
+++++++++++++++++++++++++
+++++++++++++++++++++++++
+++++++++++++++++++++++++
+++++++++++++++++++++++++
+++++++++++++++++++++++++
+++++++++++++++++++++++++
+++++++++++++++++++++++++
+++++++++++++++++++++++++
+++++++++++++++++++++++++

+++++++++++++++++++++++++
+++++++++++++++++++++++++
+++++++++++++++++++++++++
+++++++++++++++++++++++++
+++++++++++++++++++++++++
++++++++++++X++++++++++++
+++++++++++++X+++++++++++
+++++++++++XXX+++++++++++
+++++++X+++++++++++++++++
++++++++X++++++++++++++++
++++++XXX++++++++++++++++
+++++++++++++++++++++++++
+++++++++++++++++++++++++
++++++X+++++++++++XX+++++
+++++++X+++++++++X++X++++
+++++XXX++++++++++XX+++++
+++++++++++++++++++++++++
+++++++++++++++++++++++++
+++++++++++++++++++++++++
+++++++++++++++++++++++++
+++++++++++++++++++++++++
+++++++++++++++++++++++++
+++++++++++++++++++++++++
+++++++++++++++++++++++++
+++++++++++++++++++++++++

+++++++++++++++++++++++++
+++++++++++++++++++++++++
+++++++++++++++++++++++++
+++++++++++++++++++++++++
+++++++++++++++++++++++++
+++++++++++++++++++++++++
+++++++++++X+X+++++++++++
++++++++++++XX+++++++++++
++++++++++++X++++++++++++
++++++X+X++++++++++++++++
+++++++XX++++++++++++++++
+++++++X+++++++++++++++++
+++++++++++++++++++++++++
++++++++++++++++++XX+++++
+++++X+X+++++++++X++X++++
++++++XX++++++++++XX+++++
++++++X++++++++++++++++++
+++++++++++++++++++++++++
+++++++++++++++++++++++++
+++++++++++++++++++++++++
+++++++++++++++++++++++++
+++++++++++++++++++++++++
+++++++++++++++++++++++++
+++++++++++++++++++++++++
+++++++++++++++++++++++++

+++++++++++++++++++++++++
+++++++++++++++++++++++++
+++++++++++++++++++++++++
+++++++++++++++++++++++++
+++++++++++++++++++++++++
+++++++++++++++++++++++++
+++++++++++++X+++++++++++
+++++++++++X+X+++++++++++
++++++++++++XX+++++++++++
++++++++X++++++++++++++++
++++++X+X++++++++++++++++
+++++++XX++++++++++++++++
+++++++++++++++++++++++++
++++++++++++++++++XX+++++
+++++++X+++++++++X++X++++
+++++X+X++++++++++XX+++++
++++++XX+++++++++++++++++
+++++++++++++++++++++++++
+++++++++++++++++++++++++
+++++++++++++++++++++++++
+++++++++++++++++++++++++
+++++++++++++++++++++++++
+++++++++++++++++++++++++
+++++++++++++++++++++++++
+++++++++++++++++++++++++

+++++++++++++++++++++++++
+++++++++++++++++++++++++
+++++++++++++++++++++++++
+++++++++++++++++++++++++
+++++++++++++++++++++++++
+++++++++++++++++++++++++
++++++++++++X++++++++++++
+++++++++++++XX++++++++++
++++++++++++XX+++++++++++
+++++++X+++++++++++++++++
++++++++XX+++++++++++++++
+++++++XX++++++++++++++++
+++++++++++++++++++++++++
++++++++++++++++++XX+++++
++++++X++++++++++X++X++++
+++++++XX+++++++++XX+++++
++++++XX+++++++++++++++++
+++++++++++++++++++++++++
+++++++++++++++++++++++++
+++++++++++++++++++++++++
+++++++++++++++++++++++++
+++++++++++++++++++++++++
+++++++++++++++++++++++++
+++++++++++++++++++++++++
+++++++++++++++++++++++++

+++++++++++++++++++++++++
+++++++++++++++++++++++++
+++++++++++++++++++++++++
+++++++++++++++++++++++++
+++++++++++++++++++++++++
+++++++++++++++++++++++++
+++++++++++++X+++++++++++
++++++++++++++X++++++++++
++++++++++++XXX++++++++++
++++++++X++++++++++++++++
+++++++++X+++++++++++++++
+++++++XXX+++++++++++++++
+++++++++++++++++++++++++
++++++++++++++++++XX+++++
+++++++X+++++++++X++X++++
++++++++X+++++++++XX+++++
++++++XXX++++++++++++++++
+++++++++++++++++++++++++
+++++++++++++++++++++++++
+++++++++++++++++++++++++
+++++++++++++++++++++++++
+++++++++++++++++++++++++
+++++++++++++++++++++++++
+++++++++++++++++++++++++
+++++++++++++++++++++++++

+++++++++++++++++++++++++
+++++++++++++++++++++++++
+++++++++++++++++++++++++
+++++++++++++++++++++++++
+++++++++++++++++++++++++
+++++++++++++++++++++++++
+++++++++++++++++++++++++
++++++++++++X+X++++++++++
+++++++++++++XX++++++++++
+++++++++++++X+++++++++++
+++++++X+X+++++++++++++++
++++++++XX+++++++++++++++
++++++++X++++++++++++++++
++++++++++++++++++XX+++++
+++++++++++++++++X++X++++
++++++X+X+++++++++XX+++++
+++++++XX++++++++++++++++
+++++++X+++++++++++++++++
+++++++++++++++++++++++++
+++++++++++++++++++++++++
+++++++++++++++++++++++++
+++++++++++++++++++++++++
+++++++++++++++++++++++++
+++++++++++++++++++++++++
+++++++++++++++++++++++++

+++++++++++++++++++++++++
+++++++++++++++++++++++++
+++++++++++++++++++++++++
+++++++++++++++++++++++++
+++++++++++++++++++++++++
+++++++++++++++++++++++++
+++++++++++++++++++++++++
++++++++++++++X++++++++++
++++++++++++X+X++++++++++
+++++++++++++XX++++++++++
+++++++++X+++++++++++++++
+++++++X+X+++++++++++++++
++++++++XX+++++++++++++++
++++++++++++++++++XX+++++
+++++++++++++++++X++X++++
++++++++X+++++++++XX+++++
++++++X+X++++++++++++++++
+++++++XX++++++++++++++++
+++++++++++++++++++++++++
+++++++++++++++++++++++++
+++++++++++++++++++++++++
+++++++++++++++++++++++++
+++++++++++++++++++++++++
+++++++++++++++++++++++++
+++++++++++++++++++++++++

+++++++++++++++++++++++++
+++++++++++++++++++++++++
+++++++++++++++++++++++++
+++++++++++++++++++++++++
+++++++++++++++++++++++++
+++++++++++++++++++++++++
+++++++++++++++++++++++++
+++++++++++++X+++++++++++
++++++++++++++XX+++++++++
+++++++++++++XX++++++++++
++++++++X++++++++++++++++
+++++++++XX++++++++++++++
++++++++XX+++++++++++++++
++++++++++++++++++XX+++++
+++++++++++++++++X++X++++
+++++++X++++++++++XX+++++
++++++++XX+++++++++++++++
+++++++XX++++++++++++++++
+++++++++++++++++++++++++
+++++++++++++++++++++++++
+++++++++++++++++++++++++
+++++++++++++++++++++++++
+++++++++++++++++++++++++
+++++++++++++++++++++++++
+++++++++++++++++++++++++

+++++++++++++++++++++++++
+++++++++++++++++++++++++
+++++++++++++++++++++++++
+++++++++++++++++++++++++
+++++++++++++++++++++++++
+++++++++++++++++++++++++
+++++++++++++++++++++++++
++++++++++++++X++++++++++
+++++++++++++++X+++++++++
+++++++++++++XXX+++++++++
+++++++++X+++++++++++++++
++++++++++X++++++++++++++
++++++++XXX++++++++++++++
++++++++++++++++++XX+++++
+++++++++++++++++X++X++++
++++++++X+++++++++XX+++++
+++++++++X+++++++++++++++
+++++++XXX+++++++++++++++
+++++++++++++++++++++++++
+++++++++++++++++++++++++
+++++++++++++++++++++++++
+++++++++++++++++++++++++
+++++++++++++++++++++++++
+++++++++++++++++++++++++
+++++++++++++++++++++++++

+++++++++++++++++++++++++
+++++++++++++++++++++++++
+++++++++++++++++++++++++
+++++++++++++++++++++++++
+++++++++++++++++++++++++
+++++++++++++++++++++++++
+++++++++++++++++++++++++
+++++++++++++++++++++++++
+++++++++++++X+X+++++++++
++++++++++++++XX+++++++++
++++++++++++++X++++++++++
++++++++X+X++++++++++++++
+++++++++XX++++++++++++++
+++++++++X++++++++XX+++++
+++++++++++++++++X++X++++
++++++++++++++++++XX+++++
+++++++X+X+++++++++++++++
++++++++XX+++++++++++++++
++++++++X++++++++++++++++
+++++++++++++++++++++++++
+++++++++++++++++++++++++
+++++++++++++++++++++++++
+++++++++++++++++++++++++
+++++++++++++++++++++++++
+++++++++++++++++++++++++

+++++++++++++++++++++++++
+++++++++++++++++++++++++
+++++++++++++++++++++++++
+++++++++++++++++++++++++
+++++++++++++++++++++++++
+++++++++++++++++++++++++
+++++++++++++++++++++++++
+++++++++++++++++++++++++
+++++++++++++++X+++++++++
+++++++++++++X+X+++++++++
++++++++++++++XX+++++++++
++++++++++X++++++++++++++
++++++++X+X++++++++++++++
+++++++++XX+++++++XX+++++
+++++++++++++++++X++X++++
++++++++++++++++++XX+++++
+++++++++X+++++++++++++++
+++++++X+X+++++++++++++++
++++++++XX+++++++++++++++
+++++++++++++++++++++++++
+++++++++++++++++++++++++
+++++++++++++++++++++++++
+++++++++++++++++++++++++
+++++++++++++++++++++++++
+++++++++++++++++++++++++

+++++++++++++++++++++++++
+++++++++++++++++++++++++
+++++++++++++++++++++++++
+++++++++++++++++++++++++
+++++++++++++++++++++++++
+++++++++++++++++++++++++
+++++++++++++++++++++++++
+++++++++++++++++++++++++
++++++++++++++X++++++++++
+++++++++++++++XX++++++++
++++++++++++++XX+++++++++
+++++++++X+++++++++++++++
++++++++++XX+++++++++++++
+++++++++XX+++++++XX+++++
+++++++++++++++++X++X++++
++++++++++++++++++XX+++++
++++++++X++++++++++++++++
+++++++++XX++++++++++++++
++++++++XX+++++++++++++++
+++++++++++++++++++++++++
+++++++++++++++++++++++++
+++++++++++++++++++++++++
+++++++++++++++++++++++++
+++++++++++++++++++++++++
+++++++++++++++++++++++++

+++++++++++++++++++++++++
+++++++++++++++++++++++++
+++++++++++++++++++++++++
+++++++++++++++++++++++++
+++++++++++++++++++++++++
+++++++++++++++++++++++++
+++++++++++++++++++++++++
+++++++++++++++++++++++++
+++++++++++++++X+++++++++
++++++++++++++++X++++++++
++++++++++++++XXX++++++++
++++++++++X++++++++++++++
+++++++++++X+++++++++++++
+++++++++XXX++++++XX+++++
+++++++++++++++++X++X++++
++++++++++++++++++XX+++++
+++++++++X+++++++++++++++
++++++++++X++++++++++++++
++++++++XXX++++++++++++++
+++++++++++++++++++++++++
+++++++++++++++++++++++++
+++++++++++++++++++++++++
+++++++++++++++++++++++++
+++++++++++++++++++++++++
+++++++++++++++++++++++++

+++++++++++++++++++++++++
+++++++++++++++++++++++++
+++++++++++++++++++++++++
+++++++++++++++++++++++++
+++++++++++++++++++++++++
+++++++++++++++++++++++++
+++++++++++++++++++++++++
+++++++++++++++++++++++++
+++++++++++++++++++++++++
++++++++++++++X+X++++++++
+++++++++++++++XX++++++++
+++++++++++++++X+++++++++
+++++++++X+X+++++++++++++
++++++++++XX++++++XX+++++
++++++++++X++++++X++X++++
++++++++++++++++++XX+++++
+++++++++++++++++++++++++
++++++++X+X++++++++++++++
+++++++++XX++++++++++++++
+++++++++X+++++++++++++++
+++++++++++++++++++++++++
+++++++++++++++++++++++++
+++++++++++++++++++++++++
+++++++++++++++++++++++++
+++++++++++++++++++++++++

+++++++++++++++++++++++++
+++++++++++++++++++++++++
+++++++++++++++++++++++++
+++++++++++++++++++++++++
+++++++++++++++++++++++++
+++++++++++++++++++++++++
+++++++++++++++++++++++++
+++++++++++++++++++++++++
+++++++++++++++++++++++++
++++++++++++++++X++++++++
++++++++++++++X+X++++++++
+++++++++++++++XX++++++++
+++++++++++X+++++++++++++
+++++++++X+X++++++XX+++++
++++++++++XX+++++X++X++++
++++++++++++++++++XX+++++
+++++++++++++++++++++++++
++++++++++X++++++++++++++
++++++++X+X++++++++++++++
+++++++++XX++++++++++++++
+++++++++++++++++++++++++
+++++++++++++++++++++++++
+++++++++++++++++++++++++
+++++++++++++++++++++++++
+++++++++++++++++++++++++

+++++++++++++++++++++++++
+++++++++++++++++++++++++
+++++++++++++++++++++++++
+++++++++++++++++++++++++
+++++++++++++++++++++++++
+++++++++++++++++++++++++
+++++++++++++++++++++++++
+++++++++++++++++++++++++
+++++++++++++++++++++++++
+++++++++++++++X+++++++++
++++++++++++++++XX+++++++
+++++++++++++++XX++++++++
++++++++++X++++++++++++++
+++++++++++XX+++++XX+++++
++++++++++XX+++++X++X++++
++++++++++++++++++XX+++++
+++++++++++++++++++++++++
+++++++++X+++++++++++++++
++++++++++XX+++++++++++++
+++++++++XX++++++++++++++
+++++++++++++++++++++++++
+++++++++++++++++++++++++
+++++++++++++++++++++++++
+++++++++++++++++++++++++
+++++++++++++++++++++++++

+++++++++++++++++++++++++
+++++++++++++++++++++++++
+++++++++++++++++++++++++
+++++++++++++++++++++++++
+++++++++++++++++++++++++
+++++++++++++++++++++++++
+++++++++++++++++++++++++
+++++++++++++++++++++++++
+++++++++++++++++++++++++
++++++++++++++++X++++++++
+++++++++++++++++X+++++++
+++++++++++++++XXX+++++++
+++++++++++X+++++++++++++
++++++++++++X+++++XX+++++
++++++++++XXX++++X++X++++
++++++++++++++++++XX+++++
+++++++++++++++++++++++++
++++++++++X++++++++++++++
+++++++++++X+++++++++++++
+++++++++XXX+++++++++++++
+++++++++++++++++++++++++
+++++++++++++++++++++++++
+++++++++++++++++++++++++
+++++++++++++++++++++++++
+++++++++++++++++++++++++

+++++++++++++++++++++++++
+++++++++++++++++++++++++
+++++++++++++++++++++++++
+++++++++++++++++++++++++
+++++++++++++++++++++++++
+++++++++++++++++++++++++
+++++++++++++++++++++++++
+++++++++++++++++++++++++
+++++++++++++++++++++++++
+++++++++++++++++++++++++
+++++++++++++++X+X+++++++
++++++++++++++++XX+++++++
++++++++++++++++XXX++++++
++++++++++X+X+++++XX+++++
+++++++++++XX++++X++X++++
+++++++++++X++++++XX+++++
+++++++++++++++++++++++++
+++++++++++++++++++++++++
+++++++++X+X+++++++++++++
++++++++++XX+++++++++++++
++++++++++X++++++++++++++
+++++++++++++++++++++++++
+++++++++++++++++++++++++
+++++++++++++++++++++++++
+++++++++++++++++++++++++

+++++++++++++++++++++++++
+++++++++++++++++++++++++
+++++++++++++++++++++++++
+++++++++++++++++++++++++
+++++++++++++++++++++++++
+++++++++++++++++++++++++
+++++++++++++++++++++++++
+++++++++++++++++++++++++
+++++++++++++++++++++++++
+++++++++++++++++++++++++
+++++++++++++++++X+++++++
+++++++++++++++X+++++++++
++++++++++++++++X++X+++++
++++++++++++X+++X++X+++++
++++++++++X+X++++X++X++++
+++++++++++XX+++++XX+++++
+++++++++++++++++++++++++
+++++++++++++++++++++++++
+++++++++++X+++++++++++++
+++++++++X+X+++++++++++++
++++++++++XX+++++++++++++
+++++++++++++++++++++++++
+++++++++++++++++++++++++
+++++++++++++++++++++++++
+++++++++++++++++++++++++

+++++++++++++++++++++++++
+++++++++++++++++++++++++
+++++++++++++++++++++++++
+++++++++++++++++++++++++
+++++++++++++++++++++++++
+++++++++++++++++++++++++
+++++++++++++++++++++++++
+++++++++++++++++++++++++
+++++++++++++++++++++++++
+++++++++++++++++++++++++
+++++++++++++++++++++++++
++++++++++++++++X++++++++
+++++++++++++++XX++++++++
+++++++++++X++++XXXXX++++
++++++++++++XX+++X++X++++
+++++++++++XX+++++XX+++++
+++++++++++++++++++++++++
+++++++++++++++++++++++++
++++++++++X++++++++++++++
+++++++++++XX++++++++++++
++++++++++XX+++++++++++++
+++++++++++++++++++++++++
+++++++++++++++++++++++++
+++++++++++++++++++++++++
+++++++++++++++++++++++++

+++++++++++++++++++++++++
+++++++++++++++++++++++++
+++++++++++++++++++++++++
+++++++++++++++++++++++++
+++++++++++++++++++++++++
+++++++++++++++++++++++++
+++++++++++++++++++++++++
+++++++++++++++++++++++++
+++++++++++++++++++++++++
+++++++++++++++++++++++++
+++++++++++++++++++++++++
+++++++++++++++XX++++++++
+++++++++++++++X++XX+++++
++++++++++++X++X++XXX++++
+++++++++++++X++X+++X++++
+++++++++++XXX++++XX+++++
+++++++++++++++++++++++++
+++++++++++++++++++++++++
+++++++++++X+++++++++++++
++++++++++++X++++++++++++
++++++++++XXX++++++++++++
+++++++++++++++++++++++++
+++++++++++++++++++++++++
+++++++++++++++++++++++++
+++++++++++++++++++++++++

+++++++++++++++++++++++++
+++++++++++++++++++++++++
+++++++++++++++++++++++++
+++++++++++++++++++++++++
+++++++++++++++++++++++++
+++++++++++++++++++++++++
+++++++++++++++++++++++++
+++++++++++++++++++++++++
+++++++++++++++++++++++++
+++++++++++++++++++++++++
+++++++++++++++++++++++++
+++++++++++++++XX++++++++
++++++++++++++XX+XX+X++++
++++++++++++++XXXXX+X++++
+++++++++++X+XX++X++X++++
++++++++++++XX+++++X+++++
++++++++++++X++++++++++++
+++++++++++++++++++++++++
+++++++++++++++++++++++++
++++++++++X+X++++++++++++
+++++++++++XX++++++++++++
+++++++++++X+++++++++++++
+++++++++++++++++++++++++
+++++++++++++++++++++++++
+++++++++++++++++++++++++

+++++++++++++++++++++++++
+++++++++++++++++++++++++
+++++++++++++++++++++++++
+++++++++++++++++++++++++
+++++++++++++++++++++++++
+++++++++++++++++++++++++
+++++++++++++++++++++++++
+++++++++++++++++++++++++
+++++++++++++++++++++++++
+++++++++++++++++++++++++
+++++++++++++++++++++++++
++++++++++++++XXXX+++++++
++++++++++++++++++X++++++
++++++++++++++++++++XX+++
+++++++++++++++++X++X++++
+++++++++++X++X++++++++++
++++++++++++XX+++++++++++
+++++++++++++++++++++++++
+++++++++++++++++++++++++
++++++++++++X++++++++++++
++++++++++X+X++++++++++++
+++++++++++XX++++++++++++
+++++++++++++++++++++++++
+++++++++++++++++++++++++
+++++++++++++++++++++++++

+++++++++++++++++++++++++
+++++++++++++++++++++++++
+++++++++++++++++++++++++
+++++++++++++++++++++++++
+++++++++++++++++++++++++
+++++++++++++++++++++++++
+++++++++++++++++++++++++
+++++++++++++++++++++++++
+++++++++++++++++++++++++
+++++++++++++++++++++++++
+++++++++++++++XX++++++++
+++++++++++++++XXX+++++++
+++++++++++++++XXX+++++++
+++++++++++++++++++XXX+++
++++++++++++++++++++XX+++
++++++++++++XX+++++++++++
++++++++++++XX+++++++++++
+++++++++++++++++++++++++
+++++++++++++++++++++++++
+++++++++++X+++++++++++++
++++++++++++XX+++++++++++
+++++++++++XX++++++++++++
+++++++++++++++++++++++++
+++++++++++++++++++++++++
+++++++++++++++++++++++++

+++++++++++++++++++++++++
+++++++++++++++++++++++++
+++++++++++++++++++++++++
+++++++++++++++++++++++++
+++++++++++++++++++++++++
+++++++++++++++++++++++++
+++++++++++++++++++++++++
+++++++++++++++++++++++++
+++++++++++++++++++++++++
+++++++++++++++++++++++++
+++++++++++++++X+X+++++++
++++++++++++++X++++++++++
+++++++++++++++X+XX+X++++
++++++++++++++++X++X+X+++
+++++++++++++++++++X+X+++
++++++++++++XX+++++++++++
++++++++++++XX+++++++++++
+++++++++++++++++++++++++
+++++++++++++++++++++++++
++++++++++++X++++++++++++
+++++++++++++X+++++++++++
+++++++++++XXX+++++++++++
+++++++++++++++++++++++++
+++++++++++++++++++++++++
+++++++++++++++++++++++++

+++++++++++++++++++++++++
+++++++++++++++++++++++++
+++++++++++++++++++++++++
+++++++++++++++++++++++++
+++++++++++++++++++++++++
+++++++++++++++++++++++++
+++++++++++++++++++++++++
+++++++++++++++++++++++++
+++++++++++++++++++++++++
+++++++++++++++++++++++++
+++++++++++++++++++++++++
++++++++++++++XX+XX++++++
+++++++++++++++XXXXXX++++
++++++++++++++++XX+X+X+++
+++++++++++++++++++++++++
++++++++++++XX+++++++++++
++++++++++++XX+++++++++++
+++++++++++++++++++++++++
+++++++++++++++++++++++++
+++++++++++++++++++++++++
+++++++++++X+X+++++++++++
++++++++++++XX+++++++++++
++++++++++++X++++++++++++
+++++++++++++++++++++++++
+++++++++++++++++++++++++

+++++++++++++++++++++++++
+++++++++++++++++++++++++
+++++++++++++++++++++++++
+++++++++++++++++++++++++
+++++++++++++++++++++++++
+++++++++++++++++++++++++
+++++++++++++++++++++++++
+++++++++++++++++++++++++
+++++++++++++++++++++++++
+++++++++++++++++++++++++
+++++++++++++++++++++++++
++++++++++++++XX+++++++++
++++++++++++++X+++++X++++
+++++++++++++++X+++X+++++
+++++++++++++++++++++++++
++++++++++++XX+++++++++++
++++++++++++XX+++++++++++
+++++++++++++++++++++++++
+++++++++++++++++++++++++
+++++++++++++++++++++++++
+++++++++++++X+++++++++++
+++++++++++X+X+++++++++++
++++++++++++XX+++++++++++
+++++++++++++++++++++++++
+++++++++++++++++++++++++

+++++++++++++++++++++++++
+++++++++++++++++++++++++
+++++++++++++++++++++++++
+++++++++++++++++++++++++
+++++++++++++++++++++++++
+++++++++++++++++++++++++
+++++++++++++++++++++++++
+++++++++++++++++++++++++
+++++++++++++++++++++++++
+++++++++++++++++++++++++
+++++++++++++++++++++++++
++++++++++++++XX+++++++++
++++++++++++++X++++++++++
+++++++++++++++++++++++++
+++++++++++++++++++++++++
++++++++++++XX+++++++++++
++++++++++++XX+++++++++++
+++++++++++++++++++++++++
+++++++++++++++++++++++++
+++++++++++++++++++++++++
++++++++++++X++++++++++++
+++++++++++++XX++++++++++
++++++++++++XX+++++++++++
+++++++++++++++++++++++++
+++++++++++++++++++++++++

+++++++++++++++++++++++++
+++++++++++++++++++++++++
+++++++++++++++++++++++++
+++++++++++++++++++++++++
+++++++++++++++++++++++++
+++++++++++++++++++++++++
+++++++++++++++++++++++++
+++++++++++++++++++++++++
+++++++++++++++++++++++++
+++++++++++++++++++++++++
+++++++++++++++++++++++++
++++++++++++++XX+++++++++
++++++++++++++XX+++++++++
+++++++++++++++++++++++++
+++++++++++++++++++++++++
++++++++++++XX+++++++++++
++++++++++++XX+++++++++++
+++++++++++++++++++++++++
+++++++++++++++++++++++++
+++++++++++++++++++++++++
+++++++++++++X+++++++++++
++++++++++++++X++++++++++
++++++++++++XXX++++++++++
+++++++++++++++++++++++++
+++++++++++++++++++++++++

+++++++++++++++++++++++++
+++++++++++++++++++++++++
+++++++++++++++++++++++++
+++++++++++++++++++++++++
+++++++++++++++++++++++++
+++++++++++++++++++++++++
+++++++++++++++++++++++++
+++++++++++++++++++++++++
+++++++++++++++++++++++++
+++++++++++++++++++++++++
+++++++++++++++++++++++++
++++++++++++++XX+++++++++
++++++++++++++XX+++++++++
+++++++++++++++++++++++++
+++++++++++++++++++++++++
++++++++++++XX+++++++++++
++++++++++++XX+++++++++++
+++++++++++++++++++++++++
+++++++++++++++++++++++++
+++++++++++++++++++++++++
+++++++++++++++++++++++++
++++++++++++X+X++++++++++
+++++++++++++XX++++++++++
+++++++++++++X+++++++++++
+++++++++++++++++++++++++

+++++++++++++++++++++++++
+++++++++++++++++++++++++
+++++++++++++++++++++++++
+++++++++++++++++++++++++
+++++++++++++++++++++++++
+++++++++++++++++++++++++
+++++++++++++++++++++++++
+++++++++++++++++++++++++
+++++++++++++++++++++++++
+++++++++++++++++++++++++
+++++++++++++++++++++++++
++++++++++++++XX+++++++++
++++++++++++++XX+++++++++
+++++++++++++++++++++++++
+++++++++++++++++++++++++
++++++++++++XX+++++++++++
++++++++++++XX+++++++++++
+++++++++++++++++++++++++
+++++++++++++++++++++++++
+++++++++++++++++++++++++
+++++++++++++++++++++++++
++++++++++++++X++++++++++
++++++++++++X+X++++++++++
+++++++++++++XX++++++++++
+++++++++++++++++++++++++

+++++++++++++++++++++++++
+++++++++++++++++++++++++
+++++++++++++++++++++++++
+++++++++++++++++++++++++
+++++++++++++++++++++++++
+++++++++++++++++++++++++
+++++++++++++++++++++++++
+++++++++++++++++++++++++
+++++++++++++++++++++++++
+++++++++++++++++++++++++
+++++++++++++++++++++++++
++++++++++++++XX+++++++++
++++++++++++++XX+++++++++
+++++++++++++++++++++++++
+++++++++++++++++++++++++
++++++++++++XX+++++++++++
++++++++++++XX+++++++++++
+++++++++++++++++++++++++
+++++++++++++++++++++++++
+++++++++++++++++++++++++
+++++++++++++++++++++++++
+++++++++++++X+++++++++++
++++++++++++++XX+++++++++
+++++++++++++XX++++++++++
+++++++++++++++++++++++++

+++++++++++++++++++++++++
+++++++++++++++++++++++++
+++++++++++++++++++++++++
+++++++++++++++++++++++++
+++++++++++++++++++++++++
+++++++++++++++++++++++++
+++++++++++++++++++++++++
+++++++++++++++++++++++++
+++++++++++++++++++++++++
+++++++++++++++++++++++++
+++++++++++++++++++++++++
++++++++++++++XX+++++++++
++++++++++++++XX+++++++++
+++++++++++++++++++++++++
+++++++++++++++++++++++++
++++++++++++XX+++++++++++
++++++++++++XX+++++++++++
+++++++++++++++++++++++++
+++++++++++++++++++++++++
+++++++++++++++++++++++++
+++++++++++++++++++++++++
++++++++++++++X++++++++++
+++++++++++++++X+++++++++
+++++++++++++XXX+++++++++
+++++++++++++++++++++++++

+++++++++++++++++++++++++
+++++++++++++++++++++++++
+++++++++++++++++++++++++
+++++++++++++++++++++++++
+++++++++++++++++++++++++
+++++++++++++++++++++++++
+++++++++++++++++++++++++
+++++++++++++++++++++++++
+++++++++++++++++++++++++
+++++++++++++++++++++++++
+++++++++++++++++++++++++
++++++++++++++XX+++++++++
++++++++++++++XX+++++++++
+++++++++++++++++++++++++
+++++++++++++++++++++++++
++++++++++++XX+++++++++++
++++++++++++XX+++++++++++
+++++++++++++++++++++++++
+++++++++++++++++++++++++
+++++++++++++++++++++++++
+++++++++++++++++++++++++
+++++++++++++++++++++++++
+++++++++++++X+X+++++++++
++++++++++++++XX+++++++++
++++++++++++++X++++++++++

+++++++++++++++++++++++++
+++++++++++++++++++++++++
+++++++++++++++++++++++++
+++++++++++++++++++++++++
+++++++++++++++++++++++++
+++++++++++++++++++++++++
+++++++++++++++++++++++++
+++++++++++++++++++++++++
+++++++++++++++++++++++++
+++++++++++++++++++++++++
+++++++++++++++++++++++++
++++++++++++++XX+++++++++
++++++++++++++XX+++++++++
+++++++++++++++++++++++++
+++++++++++++++++++++++++
++++++++++++XX+++++++++++
++++++++++++XX+++++++++++
+++++++++++++++++++++++++
+++++++++++++++++++++++++
+++++++++++++++++++++++++
+++++++++++++++++++++++++
+++++++++++++++++++++++++
+++++++++++++++X+++++++++
+++++++++++++X+X+++++++++
++++++++++++++XX+++++++++

+++++++++++++++++++++++++
+++++++++++++++++++++++++
+++++++++++++++++++++++++
+++++++++++++++++++++++++
+++++++++++++++++++++++++
+++++++++++++++++++++++++
+++++++++++++++++++++++++
+++++++++++++++++++++++++
+++++++++++++++++++++++++
+++++++++++++++++++++++++
+++++++++++++++++++++++++
++++++++++++++XX+++++++++
++++++++++++++XX+++++++++
+++++++++++++++++++++++++
+++++++++++++++++++++++++
++++++++++++XX+++++++++++
++++++++++++XX+++++++++++
+++++++++++++++++++++++++
+++++++++++++++++++++++++
+++++++++++++++++++++++++
+++++++++++++++++++++++++
+++++++++++++++++++++++++
++++++++++++++X++++++++++
+++++++++++++++XX++++++++
++++++++++++++XX+++++++++

+++++++++++++++++++++++++
+++++++++++++++++++++++++
+++++++++++++++++++++++++
+++++++++++++++++++++++++
+++++++++++++++++++++++++
+++++++++++++++++++++++++
+++++++++++++++++++++++++
+++++++++++++++++++++++++
+++++++++++++++++++++++++
+++++++++++++++++++++++++
+++++++++++++++++++++++++
++++++++++++++XX+++++++++
++++++++++++++XX+++++++++
+++++++++++++++++++++++++
+++++++++++++++++++++++++
++++++++++++XX+++++++++++
++++++++++++XX+++++++++++
+++++++++++++++++++++++++
+++++++++++++++++++++++++
+++++++++++++++++++++++++
+++++++++++++++++++++++++
+++++++++++++++++++++++++
+++++++++++++++X+++++++++
++++++++++++++++X++++++++
++++++++++++++XXX++++++++

+++++++++++++++++++++++++
+++++++++++++++++++++++++
+++++++++++++++++++++++++
+++++++++++++++++++++++++
+++++++++++++++++++++++++
+++++++++++++++++++++++++
+++++++++++++++++++++++++
+++++++++++++++++++++++++
+++++++++++++++++++++++++
+++++++++++++++++++++++++
+++++++++++++++++++++++++
++++++++++++++XX+++++++++
++++++++++++++XX+++++++++
+++++++++++++++++++++++++
+++++++++++++++++++++++++
++++++++++++XX+++++++++++
++++++++++++XX+++++++++++
+++++++++++++++++++++++++
+++++++++++++++++++++++++
+++++++++++++++++++++++++
+++++++++++++++++++++++++
+++++++++++++++++++++++++
+++++++++++++++++++++++++
++++++++++++++X+X++++++++
+++++++++++++++XX++++++++

+++++++++++++++++++++++++
+++++++++++++++++++++++++
+++++++++++++++++++++++++
+++++++++++++++++++++++++
+++++++++++++++++++++++++
+++++++++++++++++++++++++
+++++++++++++++++++++++++
+++++++++++++++++++++++++
+++++++++++++++++++++++++
+++++++++++++++++++++++++
+++++++++++++++++++++++++
++++++++++++++XX+++++++++
++++++++++++++XX+++++++++
+++++++++++++++++++++++++
+++++++++++++++++++++++++
++++++++++++XX+++++++++++
++++++++++++XX+++++++++++
+++++++++++++++++++++++++
+++++++++++++++++++++++++
+++++++++++++++++++++++++
+++++++++++++++++++++++++
+++++++++++++++++++++++++
+++++++++++++++++++++++++
++++++++++++++++X++++++++
+++++++++++++++XX++++++++

