+++++++++++++++++++++++++
+++++++++++++++++++++++++
+++++++++++++++++++++++++
+++++++++++++XX++++++++++
++++++X++++++++++++++++++
++++++X++++++++++++++++++
++++XX+++++++++++++++++++
+++++++++++++++++X+++++++
+++++++++++++++++++++++++
+++++++++++++++++++++++++
++++++++++++XX+++++++++++
+++++X+++++++++++++++++++
++++X+++++++++++XXX++++++
+++++++++++++++++++++++++
+++++++++++++++++++++++++
+++++++++++++++++++++++++
++++++++++++++XX+++++++++
+++++++++++++++++++++++++
+++++XXXXX+++++++++++++++
+++++++++++++++++++++++++
+++++++++++++++++++XXX+++
+++++++++++++++++++++++++
+++++++++++XXX+++++++++++
+++++++++++++++++++++++++
+++++++++++++++++++++++++

+++++++++++++++++++++++++
+++++++++++++++++++++++++
+++++++++++++++++++++++++
+++++++++++++++++++++++++
+++++++++++++++++++++++++
++++++X++++++++++++++++++
+++++X+++++++++++++++++++
+++++++++++++++++++++++++
+++++++++++++++++++++++++
+++++++++++++++++++++++++
+++++++++++++++++++++++++
+++++++++++++++++X+++++++
+++++++++++++++++X+++++++
+++++++++++++++++X+++++++
+++++++++++++++++++++++++
+++++++++++++++++++++++++
+++++++++++++++++++++++++
++++++XXX++++++++++++++++
++++++XXX++++++++++++++++
++++++XXX+++++++++++X++++
++++++++++++++++++++X++++
++++++++++++X+++++++X++++
++++++++++++X++++++++++++
++++++++++++X++++++++++++
+++++++++++++++++++++++++

+++++++++++++++++++++++++
+++++++++++++++++++++++++
+++++++++++++++++++++++++
+++++++++++++++++++++++++
+++++++++++++++++++++++++
+++++++++++++++++++++++++
+++++++++++++++++++++++++
+++++++++++++++++++++++++
+++++++++++++++++++++++++
+++++++++++++++++++++++++
+++++++++++++++++++++++++
+++++++++++++++++++++++++
++++++++++++++++XXX++++++
+++++++++++++++++++++++++
+++++++++++++++++++++++++
+++++++++++++++++++++++++
+++++++X+++++++++++++++++
++++++X+X++++++++++++++++
+++++X+++X+++++++++++++++
++++++X+X++++++++++++++++
+++++++X+++++++++++XXX+++
+++++++++++++++++++++++++
+++++++++++XXX+++++++++++
+++++++++++++++++++++++++
+++++++++++++++++++++++++

+++++++++++++++++++++++++
+++++++++++++++++++++++++
+++++++++++++++++++++++++
+++++++++++++++++++++++++
+++++++++++++++++++++++++
+++++++++++++++++++++++++
+++++++++++++++++++++++++
+++++++++++++++++++++++++
+++++++++++++++++++++++++
+++++++++++++++++++++++++
+++++++++++++++++++++++++
+++++++++++++++++X+++++++
+++++++++++++++++X+++++++
+++++++++++++++++X+++++++
+++++++++++++++++++++++++
+++++++++++++++++++++++++
+++++++X+++++++++++++++++
++++++XXX++++++++++++++++
+++++XX+XX+++++++++++++++
++++++XXX+++++++++++X++++
+++++++X++++++++++++X++++
++++++++++++X+++++++X++++
++++++++++++X++++++++++++
++++++++++++X++++++++++++
+++++++++++++++++++++++++

+++++++++++++++++++++++++
+++++++++++++++++++++++++
+++++++++++++++++++++++++
+++++++++++++++++++++++++
+++++++++++++++++++++++++
+++++++++++++++++++++++++
+++++++++++++++++++++++++
+++++++++++++++++++++++++
+++++++++++++++++++++++++
+++++++++++++++++++++++++
+++++++++++++++++++++++++
+++++++++++++++++++++++++
++++++++++++++++XXX++++++
+++++++++++++++++++++++++
+++++++++++++++++++++++++
+++++++++++++++++++++++++
++++++XXX++++++++++++++++
+++++X+++X+++++++++++++++
+++++X+++X+++++++++++++++
+++++X+++X+++++++++++++++
++++++XXX++++++++++XXX+++
+++++++++++++++++++++++++
+++++++++++XXX+++++++++++
+++++++++++++++++++++++++
+++++++++++++++++++++++++

+++++++++++++++++++++++++
+++++++++++++++++++++++++
+++++++++++++++++++++++++
+++++++++++++++++++++++++
+++++++++++++++++++++++++
+++++++++++++++++++++++++
+++++++++++++++++++++++++
+++++++++++++++++++++++++
+++++++++++++++++++++++++
+++++++++++++++++++++++++
+++++++++++++++++++++++++
+++++++++++++++++X+++++++
+++++++++++++++++X+++++++
+++++++++++++++++X+++++++
+++++++++++++++++++++++++
+++++++X+++++++++++++++++
++++++XXX++++++++++++++++
+++++X+X+X+++++++++++++++
++++XXX+XXX++++++++++++++
+++++X+X+X++++++++++X++++
++++++XXX+++++++++++X++++
+++++++X++++X+++++++X++++
++++++++++++X++++++++++++
++++++++++++X++++++++++++
+++++++++++++++++++++++++

