+++++++++++++++++++++++++
+++++++++++++++++++++++++
+++++++++++++++++++++++++
+++++++++++++XX++++++++++
+++++++++++++XX++++++++++
+++++++++++++++++++++++++
+++++++++++XXXX++++++++++
+++++++XX+X++++X+++++++++
+++++++XX+X+XX+X+++++++++
++++++++++X+++XX+XX++++++
++++++++++X++++X+XX++++++
+++++++++++XXXX++++++++++
+++++++++++++++++++++++++
+++++++++++XX++++++++++++
+++++++++++XX++++++++++++
+++++++++++++++++++++++++
+++++++++++++++++++++++++
+++++++++++++++++++++++++
+++++++++++++++++++++++++
+++++++++++++++++++++++++
+++++++++++++++++++++++++
+++++++++++++++++++++++++
+++++++++++++++++++++++++
+++++++++++++++++++++++++
+++++++++++++++++++++++++

+++++++++++++++++++++++++
+++++++++++++++++++++++++
+++++++++++++++++++++++++
+++++++++++++XX++++++++++
+++++++++++++XX++++++++++
+++++++++++++++++++++++++
+++++++++++XXXX++++++++++
+++++++XX+X++++X+++++++++
+++++++XX+X++X+X+++++++++
++++++++++X++X+X+XX++++++
++++++++++X+X++X+XX++++++
+++++++++++XXXX++++++++++
+++++++++++++++++++++++++
+++++++++++XX++++++++++++
+++++++++++XX++++++++++++
+++++++++++++++++++++++++
+++++++++++++++++++++++++
+++++++++++++++++++++++++
+++++++++++++++++++++++++
+++++++++++++++++++++++++
+++++++++++++++++++++++++
+++++++++++++++++++++++++
+++++++++++++++++++++++++
+++++++++++++++++++++++++
+++++++++++++++++++++++++

+++++++++++++++++++++++++
+++++++++++++++++++++++++
+++++++++++++++++++++++++
+++++++++++++XX++++++++++
+++++++++++++XX++++++++++
+++++++++++++++++++++++++
+++++++++++XXXX++++++++++
+++++++XX+X++++X+++++++++
+++++++XX+XX+++X+++++++++
++++++++++X+XX+X+XX++++++
++++++++++X++++X+XX++++++
+++++++++++XXXX++++++++++
+++++++++++++++++++++++++
+++++++++++XX++++++++++++
+++++++++++XX++++++++++++
+++++++++++++++++++++++++
+++++++++++++++++++++++++
+++++++++++++++++++++++++
+++++++++++++++++++++++++
+++++++++++++++++++++++++
+++++++++++++++++++++++++
+++++++++++++++++++++++++
+++++++++++++++++++++++++
+++++++++++++++++++++++++
+++++++++++++++++++++++++

+++++++++++++++++++++++++
+++++++++++++++++++++++++
+++++++++++++++++++++++++
+++++++++++++XX++++++++++
+++++++++++++XX++++++++++
+++++++++++++++++++++++++
+++++++++++XXXX++++++++++
+++++++XX+X++X+X+++++++++
+++++++XX+X+X++X+++++++++
++++++++++X+X++X+XX++++++
++++++++++X++++X+XX++++++
+++++++++++XXXX++++++++++
+++++++++++++++++++++++++
+++++++++++XX++++++++++++
+++++++++++XX++++++++++++
+++++++++++++++++++++++++
+++++++++++++++++++++++++
+++++++++++++++++++++++++
+++++++++++++++++++++++++
+++++++++++++++++++++++++
+++++++++++++++++++++++++
+++++++++++++++++++++++++
+++++++++++++++++++++++++
+++++++++++++++++++++++++
+++++++++++++++++++++++++

+++++++++++++++++++++++++
+++++++++++++++++++++++++
+++++++++++++++++++++++++
+++++++++++++XX++++++++++
+++++++++++++XX++++++++++
+++++++++++++++++++++++++
+++++++++++XXXX++++++++++
+++++++XX+X++++X+++++++++
+++++++XX+X+XX+X+++++++++
++++++++++X+++XX+XX++++++
++++++++++X++++X+XX++++++
+++++++++++XXXX++++++++++
+++++++++++++++++++++++++
+++++++++++XX++++++++++++
+++++++++++XX++++++++++++
+++++++++++++++++++++++++
+++++++++++++++++++++++++
+++++++++++++++++++++++++
+++++++++++++++++++++++++
+++++++++++++++++++++++++
+++++++++++++++++++++++++
+++++++++++++++++++++++++
+++++++++++++++++++++++++
+++++++++++++++++++++++++
+++++++++++++++++++++++++

+++++++++++++++++++++++++
+++++++++++++++++++++++++
+++++++++++++++++++++++++
+++++++++++++XX++++++++++
+++++++++++++XX++++++++++
+++++++++++++++++++++++++
+++++++++++XXXX++++++++++
+++++++XX+X++++X+++++++++
+++++++XX+X++X+X+++++++++
++++++++++X++X+X+XX++++++
++++++++++X+X++X+XX++++++
+++++++++++XXXX++++++++++
+++++++++++++++++++++++++
+++++++++++XX++++++++++++
+++++++++++XX++++++++++++
+++++++++++++++++++++++++
+++++++++++++++++++++++++
+++++++++++++++++++++++++
+++++++++++++++++++++++++
+++++++++++++++++++++++++
+++++++++++++++++++++++++
+++++++++++++++++++++++++
+++++++++++++++++++++++++
+++++++++++++++++++++++++
+++++++++++++++++++++++++

