++++++++++++++++++++++++++++++++++++++++++++++++++
++++++++++++++++++++++++++++++++++++++++++++++++++
+++++++++++++++++++++++++X++++++++++++++++++++++++
+++++++++++++++++++++++X+X++++++++++++++++++++++++
+++++++++++++XX++++++XX++++++++++++XX+++++++++++++
++++++++++++X+++X++++XX++++++++++++XX+++++++++++++
+XX++++++++X+++++X+++XX+++++++++++++++++++++++++++
+XX++++++++X+++X+XX++++X+X++++++++++++++++++++++++
+++++++++++X+++++X+++++++X++++++++++++++++++++++++
++++++++++++X+++X+++++++++++++++++++++++++++++++++
+++++++++++++XX+++++++++++++++++++++++++++++++++++
++++++++++++++++++++++++++++++++++++++++++++++++++
++++++++++++++++++++++++++++++++++++++++++++++++++
++++++++++++++++++++++++++++++++++++++++++++++++++
++++++++++++++++++++++++++++++++++++++++++++++++++
++++++++++++++++++++++++++++++++++++++++++++++++++
++++++++++++++++++++++++++++++++++++++++++++++++++
++++++++++++++++++++++++++++++++++++++++++++++++++
++++++++++++++++++++++++++++++++++++++++++++++++++
++++++++++++++++++++++++++++++++++++++++++++++++++
++++++++++++++++++++++++++++++++++++++++++++++++++
++++++++++++++++++++++++++++++++++++++++++++++++++
++++++++++++++++++++++++++++++++++++++++++++++++++
++++++++++++++++++++++++++++++++++++++++++++++++++
++++++++++++++++++++++++++++++++++++++++++++++++++

++++++++++++++++++++++++++++++++++++++++++++++++++
++++++++++++++++++++++++++++++++++++++++++++++++++
++++++++++++++++++++++++X+++++++++++++++++++++++++
++++++++++++++++++++++X+X+++++++++++++++++++++++++
+++++++++++++X+++++++X+X+++++++++++XX+++++++++++++
++++++++++++XX++++++X++X+++++++++++XX+++++++++++++
+XX++++++++XX++++XX++X+X++++++++++++++++++++++++++
+XX+++++++XXX++++XX+++X+X+++++++++++++++++++++++++
+++++++++++XX++++XX+++++X+++++++++++++++++++++++++
++++++++++++XX++++++++++++++++++++++++++++++++++++
+++++++++++++X++++++++++++++++++++++++++++++++++++
++++++++++++++++++++++++++++++++++++++++++++++++++
++++++++++++++++++++++++++++++++++++++++++++++++++
++++++++++++++++++++++++++++++++++++++++++++++++++
++++++++++++++++++++++++++++++++++++++++++++++++++
++++++++++++++++++++++++++++++++++++++++++++++++++
++++++++++++++++++++++++++++++++++++++++++++++++++
++++++++++++++++++++++++++++++++++++++++++++++++++
++++++++++++++++++++++++++++++++++++++++++++++++++
++++++++++++++++++++++++++++++++++++++++++++++++++
++++++++++++++++++++++++++++++++++++++++++++++++++
++++++++++++++++++++++++++++++++++++++++++++++++++
++++++++++++++++++++++++++++++++++++++++++++++++++
++++++++++++++++++++++++++++++++++++++++++++++++++
++++++++++++++++++++++++++++++++++++++++++++++++++

++++++++++++++++++++++++++++++++++++++++++++++++++
++++++++++++++++++++++++++++++++++++++++++++++++++
+++++++++++++++++++++++X++++++++++++++++++++++++++
++++++++++++++++++++++X+X+++++++++++++++++++++++++
++++++++++++XX+++++++X+XX++++++++++XX+++++++++++++
+++++++++++X+X++++++XX+XX++++++++++XX+++++++++++++
+XX+++++++X++++++XXX+X+XX+++++++++++++++++++++++++
+XX+++++++X++X++X++X++X+X+++++++++++++++++++++++++
++++++++++X++++++XX++++X++++++++++++++++++++++++++
+++++++++++X+X++++++++++++++++++++++++++++++++++++
++++++++++++XX++++++++++++++++++++++++++++++++++++
++++++++++++++++++++++++++++++++++++++++++++++++++
++++++++++++++++++++++++++++++++++++++++++++++++++
++++++++++++++++++++++++++++++++++++++++++++++++++
++++++++++++++++++++++++++++++++++++++++++++++++++
++++++++++++++++++++++++++++++++++++++++++++++++++
++++++++++++++++++++++++++++++++++++++++++++++++++
++++++++++++++++++++++++++++++++++++++++++++++++++
++++++++++++++++++++++++++++++++++++++++++++++++++
++++++++++++++++++++++++++++++++++++++++++++++++++
++++++++++++++++++++++++++++++++++++++++++++++++++
++++++++++++++++++++++++++++++++++++++++++++++++++
++++++++++++++++++++++++++++++++++++++++++++++++++
++++++++++++++++++++++++++++++++++++++++++++++++++
++++++++++++++++++++++++++++++++++++++++++++++++++

++++++++++++++++++++++++++++++++++++++++++++++++++
++++++++++++++++++++++++++++++++++++++++++++++++++
+++++++++++++++++++++++X++++++++++++++++++++++++++
++++++++++++++++++++++X+X+++++++++++++++++++++++++
++++++++++++XX++++++XX+++X+++++++++XX+++++++++++++
+++++++++++X+X++++XX+X+++X+++++++++XX+++++++++++++
+XX+++++++XXX++++XXX+X+++X++++++++++++++++++++++++
+XX++++++XXX++++X++XX+X+X+++++++++++++++++++++++++
++++++++++XXX++++XX++++X++++++++++++++++++++++++++
+++++++++++X+X++++++++++++++++++++++++++++++++++++
++++++++++++XX++++++++++++++++++++++++++++++++++++
++++++++++++++++++++++++++++++++++++++++++++++++++
++++++++++++++++++++++++++++++++++++++++++++++++++
++++++++++++++++++++++++++++++++++++++++++++++++++
++++++++++++++++++++++++++++++++++++++++++++++++++
++++++++++++++++++++++++++++++++++++++++++++++++++
++++++++++++++++++++++++++++++++++++++++++++++++++
++++++++++++++++++++++++++++++++++++++++++++++++++
++++++++++++++++++++++++++++++++++++++++++++++++++
++++++++++++++++++++++++++++++++++++++++++++++++++
++++++++++++++++++++++++++++++++++++++++++++++++++
++++++++++++++++++++++++++++++++++++++++++++++++++
++++++++++++++++++++++++++++++++++++++++++++++++++
++++++++++++++++++++++++++++++++++++++++++++++++++
++++++++++++++++++++++++++++++++++++++++++++++++++

++++++++++++++++++++++++++++++++++++++++++++++++++
++++++++++++++++++++++++++++++++++++++++++++++++++
+++++++++++++++++++++++X++++++++++++++++++++++++++
+++++++++++++++++++++XXXX+++++++++++++++++++++++++
++++++++++++XX+++++XXXX+XX+++++++++XX+++++++++++++
++++++++++X++X+++X+++XX+XXX++++++++XX+++++++++++++
+XX++++++X+++++++X+++XX+XX++++++++++++++++++++++++
+XX++++++X++++++X+++XXXXX+++++++++++++++++++++++++
+++++++++X+++++++XXX+++X++++++++++++++++++++++++++
++++++++++X++X++++++++++++++++++++++++++++++++++++
++++++++++++XX++++++++++++++++++++++++++++++++++++
++++++++++++++++++++++++++++++++++++++++++++++++++
++++++++++++++++++++++++++++++++++++++++++++++++++
++++++++++++++++++++++++++++++++++++++++++++++++++
++++++++++++++++++++++++++++++++++++++++++++++++++
++++++++++++++++++++++++++++++++++++++++++++++++++
++++++++++++++++++++++++++++++++++++++++++++++++++
++++++++++++++++++++++++++++++++++++++++++++++++++
++++++++++++++++++++++++++++++++++++++++++++++++++
++++++++++++++++++++++++++++++++++++++++++++++++++
++++++++++++++++++++++++++++++++++++++++++++++++++
++++++++++++++++++++++++++++++++++++++++++++++++++
++++++++++++++++++++++++++++++++++++++++++++++++++
++++++++++++++++++++++++++++++++++++++++++++++++++
++++++++++++++++++++++++++++++++++++++++++++++++++

++++++++++++++++++++++++++++++++++++++++++++++++++
++++++++++++++++++++++++++++++++++++++++++++++++++
+++++++++++++++++++++++XX+++++++++++++++++++++++++
+++++++++++++++++++++++++X++++++++++++++++++++++++
++++++++++++XX++++++++++++X++++++++XX+++++++++++++
++++++++++++XX++++X+++++++X++++++++XX+++++++++++++
+XX++++++XX+++++XX++++++++X+++++++++++++++++++++++
+XX+++++XXX+++++X++XX++++X++++++++++++++++++++++++
+++++++++XX++++++XXXXX+XX+++++++++++++++++++++++++
++++++++++++XX++++X+++++++++++++++++++++++++++++++
++++++++++++XX++++++++++++++++++++++++++++++++++++
++++++++++++++++++++++++++++++++++++++++++++++++++
++++++++++++++++++++++++++++++++++++++++++++++++++
++++++++++++++++++++++++++++++++++++++++++++++++++
++++++++++++++++++++++++++++++++++++++++++++++++++
++++++++++++++++++++++++++++++++++++++++++++++++++
++++++++++++++++++++++++++++++++++++++++++++++++++
++++++++++++++++++++++++++++++++++++++++++++++++++
++++++++++++++++++++++++++++++++++++++++++++++++++
++++++++++++++++++++++++++++++++++++++++++++++++++
++++++++++++++++++++++++++++++++++++++++++++++++++
++++++++++++++++++++++++++++++++++++++++++++++++++
++++++++++++++++++++++++++++++++++++++++++++++++++
++++++++++++++++++++++++++++++++++++++++++++++++++
++++++++++++++++++++++++++++++++++++++++++++++++++

++++++++++++++++++++++++++++++++++++++++++++++++++
++++++++++++++++++++++++++++++++++++++++++++++++++
++++++++++++++++++++++++X+++++++++++++++++++++++++
++++++++++++++++++++++++XX++++++++++++++++++++++++
++++++++++++XX+++++++++++XX++++++++XX+++++++++++++
+++++++++++XXX+++X+++++++XXX+++++++XX+++++++++++++
+XX+++++X+XX++++XXXX+++++XX+++++++++++++++++++++++
+XX+++++X++X++++X++++X++XX++++++++++++++++++++++++
++++++++X+XX+++++X+++X++X+++++++++++++++++++++++++
+++++++++++XXX+++XX+X+++++++++++++++++++++++++++++
++++++++++++XX++++++++++++++++++++++++++++++++++++
++++++++++++++++++++++++++++++++++++++++++++++++++
++++++++++++++++++++++++++++++++++++++++++++++++++
++++++++++++++++++++++++++++++++++++++++++++++++++
++++++++++++++++++++++++++++++++++++++++++++++++++
++++++++++++++++++++++++++++++++++++++++++++++++++
++++++++++++++++++++++++++++++++++++++++++++++++++
++++++++++++++++++++++++++++++++++++++++++++++++++
++++++++++++++++++++++++++++++++++++++++++++++++++
++++++++++++++++++++++++++++++++++++++++++++++++++
++++++++++++++++++++++++++++++++++++++++++++++++++
++++++++++++++++++++++++++++++++++++++++++++++++++
++++++++++++++++++++++++++++++++++++++++++++++++++
++++++++++++++++++++++++++++++++++++++++++++++++++
++++++++++++++++++++++++++++++++++++++++++++++++++

++++++++++++++++++++++++++++++++++++++++++++++++++
++++++++++++++++++++++++++++++++++++++++++++++++++
++++++++++++++++++++++++XX++++++++++++++++++++++++
++++++++++++++++++++++++X+X+++++++++++++++++++++++
+++++++++++X+X+++++++++++++X+++++++XX+++++++++++++
++++++++++X++X++XX++++++X++X+++++++XX+++++++++++++
+XX++++++XX+++++X+X++++++++X++++++++++++++++++++++
+XX++++XX+++X+++X+++X+++X+X+++++++++++++++++++++++
+++++++++XX+++++XXX+XX++XX++++++++++++++++++++++++
++++++++++X++X+++XX+++++++++++++++++++++++++++++++
+++++++++++X+X++++++++++++++++++++++++++++++++++++
++++++++++++++++++++++++++++++++++++++++++++++++++
++++++++++++++++++++++++++++++++++++++++++++++++++
++++++++++++++++++++++++++++++++++++++++++++++++++
++++++++++++++++++++++++++++++++++++++++++++++++++
++++++++++++++++++++++++++++++++++++++++++++++++++
++++++++++++++++++++++++++++++++++++++++++++++++++
++++++++++++++++++++++++++++++++++++++++++++++++++
++++++++++++++++++++++++++++++++++++++++++++++++++
++++++++++++++++++++++++++++++++++++++++++++++++++
++++++++++++++++++++++++++++++++++++++++++++++++++
++++++++++++++++++++++++++++++++++++++++++++++++++
++++++++++++++++++++++++++++++++++++++++++++++++++
++++++++++++++++++++++++++++++++++++++++++++++++++
++++++++++++++++++++++++++++++++++++++++++++++++++

++++++++++++++++++++++++++++++++++++++++++++++++++
++++++++++++++++++++++++++++++++++++++++++++++++++
++++++++++++++++++++++++XX++++++++++++++++++++++++
++++++++++++++++++++++++X+X+++++++++++++++++++++++
++++++++++++X++++++++++++XXX+++++++XX+++++++++++++
+++++++++XXXX+++XX++++++++XXX++++++XX+++++++++++++
+XX+++++XXXX+++XX++++++++XXX++++++++++++++++++++++
+XX+++++X++X+++XX+X+XX++X+X+++++++++++++++++++++++
++++++++XXXX++++X+X+XX++XX++++++++++++++++++++++++
+++++++++XXXX+++X+XX++++++++++++++++++++++++++++++
++++++++++++X+++++++++++++++++++++++++++++++++++++
++++++++++++++++++++++++++++++++++++++++++++++++++
++++++++++++++++++++++++++++++++++++++++++++++++++
++++++++++++++++++++++++++++++++++++++++++++++++++
++++++++++++++++++++++++++++++++++++++++++++++++++
++++++++++++++++++++++++++++++++++++++++++++++++++
++++++++++++++++++++++++++++++++++++++++++++++++++
++++++++++++++++++++++++++++++++++++++++++++++++++
++++++++++++++++++++++++++++++++++++++++++++++++++
++++++++++++++++++++++++++++++++++++++++++++++++++
++++++++++++++++++++++++++++++++++++++++++++++++++
++++++++++++++++++++++++++++++++++++++++++++++++++
++++++++++++++++++++++++++++++++++++++++++++++++++
++++++++++++++++++++++++++++++++++++++++++++++++++
++++++++++++++++++++++++++++++++++++++++++++++++++

